2025-01-09T14:08:16.220+0100 INFO               [main]                         be.pxl.services.NotificationServiceApplication - Starting NotificationServiceApplication using Java 22.0.2 with PID 5252 (C:\Users\jitsk\Documents\pxl\TIN\Semester 2\Fullstack Java\Project\project-JitskeLenaerts\backend-java\PXL-Nieuwsartikelen\notification-service\target\classes started by jitsk in C:\Users\jitsk\Documents\pxl\TIN\Semester 2\Fullstack Java\Project\project-JitskeLenaerts\backend-java\PXL-Nieuwsartikelen)
2025-01-09T14:08:16.225+0100 DEBUG              [main]                         be.pxl.services.NotificationServiceApplication - Running with Spring Boot v3.3.5, Spring v6.1.14
2025-01-09T14:08:16.225+0100 INFO               [main]                         be.pxl.services.NotificationServiceApplication - No active profile set, falling back to 1 default profile: "default"
2025-01-09T14:08:21.654+0100 INFO               [main]                         be.pxl.services.NotificationServiceApplication - Started NotificationServiceApplication in 7.718 seconds (process running for 8.617)
2025-01-10T16:39:04.608+0100 INFO               [main]                         be.pxl.services.NotificationServiceApplication - Starting NotificationServiceApplication using Java 22.0.2 with PID 32944 (C:\Users\jitsk\Documents\Semester 2\Fullstack Java\Project\project-JitskeLenaerts\backend-java\PXL-Nieuwsartikelen\notification-service\target\classes started by jitsk in C:\Users\jitsk\Documents\Semester 2\Fullstack Java\Project\project-JitskeLenaerts\backend-java\PXL-Nieuwsartikelen)
2025-01-10T16:39:04.609+0100 DEBUG              [main]                         be.pxl.services.NotificationServiceApplication - Running with Spring Boot v3.3.5, Spring v6.1.14
2025-01-10T16:39:04.610+0100 INFO               [main]                         be.pxl.services.NotificationServiceApplication - No active profile set, falling back to 1 default profile: "default"
2025-01-10T16:39:05.808+0100 INFO               [main]                         be.pxl.services.NotificationServiceApplication - Started NotificationServiceApplication in 1.695 seconds (process running for 2.02)
2025-01-14T15:50:16.614+0100 INFO               [main]                         be.pxl.services.NotificationServiceApplication - Starting NotificationServiceApplication using Java 22.0.2 with PID 39172 (C:\Users\jitsk\Documents\Semester 2\Fullstack Java\Project\project-JitskeLenaerts\backend-java\PXL-Nieuwsartikelen\notification-service\target\classes started by jitsk in C:\Users\jitsk\Documents\Semester 2\Fullstack Java\Project\project-JitskeLenaerts\backend-java\PXL-Nieuwsartikelen)
2025-01-14T15:50:16.615+0100 DEBUG              [main]                         be.pxl.services.NotificationServiceApplication - Running with Spring Boot v3.3.5, Spring v6.1.14
2025-01-14T15:50:16.615+0100 INFO               [main]                         be.pxl.services.NotificationServiceApplication - No active profile set, falling back to 1 default profile: "default"
2025-01-14T15:50:17.714+0100 INFO               [main]                         be.pxl.services.NotificationServiceApplication - Started NotificationServiceApplication in 1.583 seconds (process running for 1.884)
2025-01-14T18:42:48.857+0100 INFO               [main]                         be.pxl.services.NotificationServiceApplication - Starting NotificationServiceApplication using Java 22.0.2 with PID 44680 (C:\Users\jitsk\Documents\Semester 2\Fullstack Java\Project\project-JitskeLenaerts\backend-java\PXL-Nieuwsartikelen\notification-service\target\classes started by jitsk in C:\Users\jitsk\Documents\Semester 2\Fullstack Java\Project\project-JitskeLenaerts\backend-java\PXL-Nieuwsartikelen)
2025-01-14T18:42:48.860+0100 DEBUG              [main]                         be.pxl.services.NotificationServiceApplication - Running with Spring Boot v3.3.5, Spring v6.1.14
2025-01-14T18:42:48.861+0100 INFO               [main]                         be.pxl.services.NotificationServiceApplication - No active profile set, falling back to 1 default profile: "default"
2025-01-14T18:42:50.046+0100 INFO               [main]                         be.pxl.services.NotificationServiceApplication - Started NotificationServiceApplication in 1.698 seconds (process running for 2.033)
2025-01-14T19:08:40.719+0100 INFO               [main]                         be.pxl.services.NotificationServiceApplication - Starting NotificationServiceApplication using Java 22.0.2 with PID 51540 (C:\Users\jitsk\Documents\Semester 2\Fullstack Java\Project\project-JitskeLenaerts\backend-java\PXL-Nieuwsartikelen\notification-service\target\classes started by jitsk in C:\Users\jitsk\Documents\Semester 2\Fullstack Java\Project\project-JitskeLenaerts\backend-java\PXL-Nieuwsartikelen)
2025-01-14T19:08:40.719+0100 DEBUG              [main]                         be.pxl.services.NotificationServiceApplication - Running with Spring Boot v3.3.5, Spring v6.1.14
2025-01-14T19:08:40.721+0100 INFO               [main]                         be.pxl.services.NotificationServiceApplication - No active profile set, falling back to 1 default profile: "default"
2025-01-14T19:08:42.074+0100 INFO               [main]                         be.pxl.services.NotificationServiceApplication - Started NotificationServiceApplication in 1.901 seconds (process running for 2.225)
2025-01-14T19:09:59.517+0100 INFO               [http-nio-8084-exec-1]         be.pxl.services.services.NotificationService - Receiving notification...
2025-01-14T19:09:59.517+0100 INFO               [http-nio-8084-exec-1]         be.pxl.services.services.NotificationService - Sending ... Post created
2025-01-14T19:09:59.517+0100 INFO               [http-nio-8084-exec-1]         be.pxl.services.services.NotificationService - TO gebruiker1
2025-01-14T19:11:06.624+0100 INFO               [http-nio-8084-exec-3]         be.pxl.services.services.NotificationService - Receiving notification...
2025-01-14T19:11:06.625+0100 INFO               [http-nio-8084-exec-3]         be.pxl.services.services.NotificationService - Sending ... Post created
2025-01-14T19:11:06.625+0100 INFO               [http-nio-8084-exec-3]         be.pxl.services.services.NotificationService - TO gebruiker1
2025-01-14T19:13:13.423+0100 INFO               [main]                         be.pxl.services.NotificationServiceApplication - Starting NotificationServiceApplication using Java 22.0.2 with PID 48012 (C:\Users\jitsk\Documents\Semester 2\Fullstack Java\Project\project-JitskeLenaerts\backend-java\PXL-Nieuwsartikelen\notification-service\target\classes started by jitsk in C:\Users\jitsk\Documents\Semester 2\Fullstack Java\Project\project-JitskeLenaerts\backend-java\PXL-Nieuwsartikelen)
2025-01-14T19:13:13.424+0100 DEBUG              [main]                         be.pxl.services.NotificationServiceApplication - Running with Spring Boot v3.3.5, Spring v6.1.14
2025-01-14T19:13:13.424+0100 INFO               [main]                         be.pxl.services.NotificationServiceApplication - No active profile set, falling back to 1 default profile: "default"
2025-01-14T19:13:14.599+0100 INFO               [main]                         be.pxl.services.NotificationServiceApplication - Started NotificationServiceApplication in 1.694 seconds (process running for 2.021)
2025-01-14T19:16:35.560+0100 INFO               [http-nio-8084-exec-1]         be.pxl.services.services.NotificationService - Receiving notification...
2025-01-14T19:16:35.560+0100 INFO               [http-nio-8084-exec-1]         be.pxl.services.services.NotificationService - Sending ... Post created
2025-01-14T19:16:35.560+0100 INFO               [http-nio-8084-exec-1]         be.pxl.services.services.NotificationService - TO gebruiker1
