2025-01-02T21:23:54.896+01:00  INFO 8136 --- [notification-service] [main] o.s.c.c.c.ConfigServerConfigDataLoader   : Fetching config from server at : http://localhost:8088/
2025-01-02T21:23:54.896+01:00  INFO 8136 --- [notification-service] [main] o.s.c.c.c.ConfigServerConfigDataLoader   : Located environment: name=notification-service, profiles=[default], label=null, version=null, state=null
2025-01-02T21:23:55.276+01:00  INFO 8136 --- [notification-service] [main] o.s.cloud.context.scope.GenericScope     : BeanFactory id=7f0d6412-1f6e-3c7d-8380-d3fba98a80bc
2025-01-02T21:23:55.304+01:00  WARN 8136 --- [notification-service] [main] trationDelegate$BeanPostProcessorChecker : Bean 'org.springframework.cloud.client.loadbalancer.LoadBalancerAutoConfiguration$DeferringLoadBalancerInterceptorConfig' of type [org.springframework.cloud.client.loadbalancer.LoadBalancerAutoConfiguration$DeferringLoadBalancerInterceptorConfig] is not eligible for getting processed by all BeanPostProcessors (for example: not eligible for auto-proxying). The currently created BeanPostProcessor [lbRestClientPostProcessor] is declared through a non-static factory method on that class; consider declaring it as static instead.
2025-01-02T21:23:55.306+01:00  WARN 8136 --- [notification-service] [main] trationDelegate$BeanPostProcessorChecker : Bean 'deferringLoadBalancerInterceptor' of type [org.springframework.cloud.client.loadbalancer.DeferringLoadBalancerInterceptor] is not eligible for getting processed by all BeanPostProcessors (for example: not eligible for auto-proxying). Is this bean getting eagerly injected/applied to a currently created BeanPostProcessor [lbRestClientPostProcessor]? Check the corresponding BeanPostProcessor declaration and its dependencies/advisors. If this bean does not have to be post-processed, declare it with ROLE_INFRASTRUCTURE.
2025-01-02T21:23:55.411+01:00  INFO 8136 --- [notification-service] [main] o.s.b.w.embedded.tomcat.TomcatWebServer  : Tomcat initialized with port 8084 (http)
2025-01-02T21:23:55.421+01:00  INFO 8136 --- [notification-service] [main] o.apache.catalina.core.StandardService   : Starting service [Tomcat]
2025-01-02T21:23:55.421+01:00  INFO 8136 --- [notification-service] [main] o.apache.catalina.core.StandardEngine    : Starting Servlet engine: [Apache Tomcat/10.1.31]
2025-01-02T21:23:55.452+01:00  INFO 8136 --- [notification-service] [main] o.a.c.c.C.[Tomcat].[localhost].[/]       : Initializing Spring embedded WebApplicationContext
2025-01-02T21:23:55.452+01:00  INFO 8136 --- [notification-service] [main] w.s.c.ServletWebServerApplicationContext : Root WebApplicationContext: initialization completed in 555 ms
2025-01-02T21:23:55.859+01:00  INFO 8136 --- [notification-service] [main] DiscoveryClientOptionalArgsConfiguration : Eureka HTTP Client uses RestTemplate.
2025-01-02T21:23:55.884+01:00  WARN 8136 --- [notification-service] [main] iguration$LoadBalancerCaffeineWarnLogger : Spring Cloud LoadBalancer is currently working with the default cache. While this cache implementation is useful for development and tests, it's recommended to use Caffeine cache in production.You can switch to using Caffeine cache, by adding it and org.springframework.cache.caffeine.CaffeineCacheManager to the classpath.
2025-01-02T21:23:55.914+01:00  INFO 8136 --- [notification-service] [main] o.s.c.n.eureka.InstanceInfoFactory       : Setting initial instance status as: STARTING
2025-01-02T21:23:55.928+01:00  INFO 8136 --- [notification-service] [main] com.netflix.discovery.DiscoveryClient    : Initializing Eureka in region us-east-1
2025-01-02T21:23:55.931+01:00  INFO 8136 --- [notification-service] [main] c.n.d.s.r.aws.ConfigClusterResolver      : Resolving eureka endpoints via configuration
2025-01-02T21:23:55.934+01:00  INFO 8136 --- [notification-service] [main] com.netflix.discovery.DiscoveryClient    : Disable delta property : false
2025-01-02T21:23:55.935+01:00  INFO 8136 --- [notification-service] [main] com.netflix.discovery.DiscoveryClient    : Single vip registry refresh property : null
2025-01-02T21:23:55.935+01:00  INFO 8136 --- [notification-service] [main] com.netflix.discovery.DiscoveryClient    : Force full registry fetch : false
2025-01-02T21:23:55.935+01:00  INFO 8136 --- [notification-service] [main] com.netflix.discovery.DiscoveryClient    : Application is null : false
2025-01-02T21:23:55.935+01:00  INFO 8136 --- [notification-service] [main] com.netflix.discovery.DiscoveryClient    : Registered Applications size is zero : true
2025-01-02T21:23:55.935+01:00  INFO 8136 --- [notification-service] [main] com.netflix.discovery.DiscoveryClient    : Application version is -1: true
2025-01-02T21:23:55.935+01:00  INFO 8136 --- [notification-service] [main] com.netflix.discovery.DiscoveryClient    : Getting all instance registry info from the eureka server
2025-01-02T21:23:56.038+01:00  INFO 8136 --- [notification-service] [main] com.netflix.discovery.DiscoveryClient    : The response status is 200
2025-01-02T21:23:56.038+01:00  INFO 8136 --- [notification-service] [main] com.netflix.discovery.DiscoveryClient    : Starting heartbeat executor: renew interval is: 30
2025-01-02T21:23:56.040+01:00  INFO 8136 --- [notification-service] [main] c.n.discovery.InstanceInfoReplicator     : InstanceInfoReplicator onDemand update allowed rate per min is 4
2025-01-02T21:23:56.040+01:00  INFO 8136 --- [notification-service] [main] com.netflix.discovery.DiscoveryClient    : Discovery Client initialized at timestamp 1735849436040 with initial instances count: 0
2025-01-02T21:23:56.042+01:00  INFO 8136 --- [notification-service] [main] o.s.c.n.e.s.EurekaServiceRegistry        : Registering application NOTIFICATION-SERVICE with eureka with status UP
2025-01-02T21:23:56.043+01:00  INFO 8136 --- [notification-service] [main] com.netflix.discovery.DiscoveryClient    : Saw local status change event StatusChangeEvent [timestamp=1735849436043, current=UP, previous=STARTING]
2025-01-02T21:23:56.043+01:00  INFO 8136 --- [notification-service] [DiscoveryClient-InstanceInfoReplicator-%d] com.netflix.discovery.DiscoveryClient    : DiscoveryClient_NOTIFICATION-SERVICE/host.docker.internal:notification-service:8084: registering service...
2025-01-02T21:23:56.056+01:00  INFO 8136 --- [notification-service] [main] o.s.b.w.embedded.tomcat.TomcatWebServer  : Tomcat started on port 8084 (http) with context path '/'
2025-01-02T21:23:56.056+01:00  INFO 8136 --- [notification-service] [main] .s.c.n.e.s.EurekaAutoServiceRegistration : Updating port to 8084
2025-01-02T21:23:56.067+01:00  INFO 8136 --- [notification-service] [DiscoveryClient-InstanceInfoReplicator-%d] com.netflix.discovery.DiscoveryClient    : DiscoveryClient_NOTIFICATION-SERVICE/host.docker.internal:notification-service:8084 - registration status: 204
2025-01-02T21:24:26.046+01:00  INFO 8136 --- [notification-service] [DiscoveryClient-CacheRefreshExecutor-%d] com.netflix.discovery.DiscoveryClient    : Disable delta property : false
2025-01-02T21:24:26.046+01:00  INFO 8136 --- [notification-service] [DiscoveryClient-CacheRefreshExecutor-%d] com.netflix.discovery.DiscoveryClient    : Single vip registry refresh property : null
2025-01-02T21:24:26.046+01:00  INFO 8136 --- [notification-service] [DiscoveryClient-CacheRefreshExecutor-%d] com.netflix.discovery.DiscoveryClient    : Force full registry fetch : false
2025-01-02T21:24:26.046+01:00  INFO 8136 --- [notification-service] [DiscoveryClient-CacheRefreshExecutor-%d] com.netflix.discovery.DiscoveryClient    : Application is null : false
2025-01-02T21:24:26.046+01:00  INFO 8136 --- [notification-service] [DiscoveryClient-CacheRefreshExecutor-%d] com.netflix.discovery.DiscoveryClient    : Registered Applications size is zero : true
2025-01-02T21:24:26.046+01:00  INFO 8136 --- [notification-service] [DiscoveryClient-CacheRefreshExecutor-%d] com.netflix.discovery.DiscoveryClient    : Application version is -1: false
2025-01-02T21:24:26.046+01:00  INFO 8136 --- [notification-service] [DiscoveryClient-CacheRefreshExecutor-%d] com.netflix.discovery.DiscoveryClient    : Getting all instance registry info from the eureka server
2025-01-02T21:24:26.068+01:00  INFO 8136 --- [notification-service] [DiscoveryClient-CacheRefreshExecutor-%d] com.netflix.discovery.DiscoveryClient    : The response status is 200
2025-01-02T21:28:55.948+01:00  INFO 8136 --- [notification-service] [AsyncResolver-bootstrap-executor-%d] c.n.d.s.r.aws.ConfigClusterResolver      : Resolving eureka endpoints via configuration
2025-01-02T21:33:55.962+01:00  INFO 8136 --- [notification-service] [AsyncResolver-bootstrap-executor-%d] c.n.d.s.r.aws.ConfigClusterResolver      : Resolving eureka endpoints via configuration
2025-01-02T21:38:55.965+01:00  INFO 8136 --- [notification-service] [AsyncResolver-bootstrap-executor-%d] c.n.d.s.r.aws.ConfigClusterResolver      : Resolving eureka endpoints via configuration
2025-01-02T21:43:55.977+01:00  INFO 8136 --- [notification-service] [AsyncResolver-bootstrap-executor-%d] c.n.d.s.r.aws.ConfigClusterResolver      : Resolving eureka endpoints via configuration
2025-01-02T21:48:55.978+01:00  INFO 8136 --- [notification-service] [AsyncResolver-bootstrap-executor-%d] c.n.d.s.r.aws.ConfigClusterResolver      : Resolving eureka endpoints via configuration
2025-01-02T21:53:55.994+01:00  INFO 8136 --- [notification-service] [AsyncResolver-bootstrap-executor-%d] c.n.d.s.r.aws.ConfigClusterResolver      : Resolving eureka endpoints via configuration
2025-01-02T21:58:56.000+01:00  INFO 8136 --- [notification-service] [AsyncResolver-bootstrap-executor-%d] c.n.d.s.r.aws.ConfigClusterResolver      : Resolving eureka endpoints via configuration
2025-01-02T22:03:56.005+01:00  INFO 8136 --- [notification-service] [AsyncResolver-bootstrap-executor-%d] c.n.d.s.r.aws.ConfigClusterResolver      : Resolving eureka endpoints via configuration
2025-01-02T22:08:56.012+01:00  INFO 8136 --- [notification-service] [AsyncResolver-bootstrap-executor-%d] c.n.d.s.r.aws.ConfigClusterResolver      : Resolving eureka endpoints via configuration
2025-01-02T22:13:56.019+01:00  INFO 8136 --- [notification-service] [AsyncResolver-bootstrap-executor-%d] c.n.d.s.r.aws.ConfigClusterResolver      : Resolving eureka endpoints via configuration
2025-01-02T22:18:56.025+01:00  INFO 8136 --- [notification-service] [AsyncResolver-bootstrap-executor-%d] c.n.d.s.r.aws.ConfigClusterResolver      : Resolving eureka endpoints via configuration
2025-01-02T22:23:56.042+01:00  INFO 8136 --- [notification-service] [AsyncResolver-bootstrap-executor-%d] c.n.d.s.r.aws.ConfigClusterResolver      : Resolving eureka endpoints via configuration
2025-01-02T22:28:56.046+01:00  INFO 8136 --- [notification-service] [AsyncResolver-bootstrap-executor-%d] c.n.d.s.r.aws.ConfigClusterResolver      : Resolving eureka endpoints via configuration
2025-01-02T22:33:56.059+01:00  INFO 8136 --- [notification-service] [AsyncResolver-bootstrap-executor-%d] c.n.d.s.r.aws.ConfigClusterResolver      : Resolving eureka endpoints via configuration
