2025-01-09T14:12:05.644+0100 INFO               [main]                         be.pxl.services.ReviewServiceApplication - Starting ReviewServiceApplication using Java 22.0.2 with PID 6180 (C:\Users\jitsk\Documents\pxl\TIN\Semester 2\Fullstack Java\Project\project-JitskeLenaerts\backend-java\PXL-Nieuwsartikelen\review-service\target\classes started by jitsk in C:\Users\jitsk\Documents\pxl\TIN\Semester 2\Fullstack Java\Project\project-JitskeLenaerts\backend-java\PXL-Nieuwsartikelen)
2025-01-09T14:12:05.652+0100 DEBUG              [main]                         be.pxl.services.ReviewServiceApplication - Running with Spring Boot v3.3.5, Spring v6.1.14
2025-01-09T14:12:05.652+0100 INFO               [main]                         be.pxl.services.ReviewServiceApplication - No active profile set, falling back to 1 default profile: "default"
2025-01-09T14:12:15.315+0100 INFO               [main]                         be.pxl.services.ReviewServiceApplication - Started ReviewServiceApplication in 11.938 seconds (process running for 12.876)
2025-01-10T16:39:21.670+0100 INFO               [main]                         be.pxl.services.ReviewServiceApplication - Starting ReviewServiceApplication using Java 22.0.2 with PID 27404 (C:\Users\jitsk\Documents\Semester 2\Fullstack Java\Project\project-JitskeLenaerts\backend-java\PXL-Nieuwsartikelen\review-service\target\classes started by jitsk in C:\Users\jitsk\Documents\Semester 2\Fullstack Java\Project\project-JitskeLenaerts\backend-java\PXL-Nieuwsartikelen)
2025-01-10T16:39:21.671+0100 DEBUG              [main]                         be.pxl.services.ReviewServiceApplication - Running with Spring Boot v3.3.5, Spring v6.1.14
2025-01-10T16:39:21.671+0100 INFO               [main]                         be.pxl.services.ReviewServiceApplication - No active profile set, falling back to 1 default profile: "default"
2025-01-10T16:39:24.231+0100 INFO               [main]                         be.pxl.services.ReviewServiceApplication - Started ReviewServiceApplication in 3.115 seconds (process running for 3.478)
2025-01-14T15:50:29.573+0100 INFO               [main]                         be.pxl.services.ReviewServiceApplication - Starting ReviewServiceApplication using Java 22.0.2 with PID 39800 (C:\Users\jitsk\Documents\Semester 2\Fullstack Java\Project\project-JitskeLenaerts\backend-java\PXL-Nieuwsartikelen\review-service\target\classes started by jitsk in C:\Users\jitsk\Documents\Semester 2\Fullstack Java\Project\project-JitskeLenaerts\backend-java\PXL-Nieuwsartikelen)
2025-01-14T15:50:29.574+0100 DEBUG              [main]                         be.pxl.services.ReviewServiceApplication - Running with Spring Boot v3.3.5, Spring v6.1.14
2025-01-14T15:50:29.574+0100 INFO               [main]                         be.pxl.services.ReviewServiceApplication - No active profile set, falling back to 1 default profile: "default"
2025-01-14T15:50:32.025+0100 INFO               [main]                         be.pxl.services.ReviewServiceApplication - Started ReviewServiceApplication in 2.947 seconds (process running for 3.262)
2025-01-14T18:44:18.642+0100 INFO               [main]                         be.pxl.services.ReviewServiceApplication - Starting ReviewServiceApplication using Java 22.0.2 with PID 30936 (C:\Users\jitsk\Documents\Semester 2\Fullstack Java\Project\project-JitskeLenaerts\backend-java\PXL-Nieuwsartikelen\review-service\target\classes started by jitsk in C:\Users\jitsk\Documents\Semester 2\Fullstack Java\Project\project-JitskeLenaerts\backend-java\PXL-Nieuwsartikelen)
2025-01-14T18:44:18.643+0100 DEBUG              [main]                         be.pxl.services.ReviewServiceApplication - Running with Spring Boot v3.3.5, Spring v6.1.14
2025-01-14T18:44:18.644+0100 INFO               [main]                         be.pxl.services.ReviewServiceApplication - No active profile set, falling back to 1 default profile: "default"
2025-01-14T18:44:21.368+0100 INFO               [main]                         be.pxl.services.ReviewServiceApplication - Started ReviewServiceApplication in 3.296 seconds (process running for 3.651)
2025-01-14T19:08:51.348+0100 INFO               [main]                         be.pxl.services.ReviewServiceApplication - Starting ReviewServiceApplication using Java 22.0.2 with PID 48964 (C:\Users\jitsk\Documents\Semester 2\Fullstack Java\Project\project-JitskeLenaerts\backend-java\PXL-Nieuwsartikelen\review-service\target\classes started by jitsk in C:\Users\jitsk\Documents\Semester 2\Fullstack Java\Project\project-JitskeLenaerts\backend-java\PXL-Nieuwsartikelen)
2025-01-14T19:08:51.349+0100 DEBUG              [main]                         be.pxl.services.ReviewServiceApplication - Running with Spring Boot v3.3.5, Spring v6.1.14
2025-01-14T19:08:51.350+0100 INFO               [main]                         be.pxl.services.ReviewServiceApplication - No active profile set, falling back to 1 default profile: "default"
2025-01-14T19:08:54.050+0100 INFO               [main]                         be.pxl.services.ReviewServiceApplication - Started ReviewServiceApplication in 3.303 seconds (process running for 3.68)
2025-01-14T19:13:22.244+0100 INFO               [main]                         be.pxl.services.ReviewServiceApplication - Starting ReviewServiceApplication using Java 22.0.2 with PID 47444 (C:\Users\jitsk\Documents\Semester 2\Fullstack Java\Project\project-JitskeLenaerts\backend-java\PXL-Nieuwsartikelen\review-service\target\classes started by jitsk in C:\Users\jitsk\Documents\Semester 2\Fullstack Java\Project\project-JitskeLenaerts\backend-java\PXL-Nieuwsartikelen)
2025-01-14T19:13:22.244+0100 DEBUG              [main]                         be.pxl.services.ReviewServiceApplication - Running with Spring Boot v3.3.5, Spring v6.1.14
2025-01-14T19:13:22.245+0100 INFO               [main]                         be.pxl.services.ReviewServiceApplication - No active profile set, falling back to 1 default profile: "default"
2025-01-14T19:13:24.805+0100 INFO               [main]                         be.pxl.services.ReviewServiceApplication - Started ReviewServiceApplication in 3.088 seconds (process running for 3.428)
