2025-01-02T21:24:10.529+01:00  INFO 2540 --- [review-service] [main] o.s.c.c.c.ConfigServerConfigDataLoader   : Fetching config from server at : http://localhost:8088/
2025-01-02T21:24:10.530+01:00  INFO 2540 --- [review-service] [main] o.s.c.c.c.ConfigServerConfigDataLoader   : Located environment: name=review-service, profiles=[default], label=null, version=null, state=null
2025-01-02T21:24:10.893+01:00  INFO 2540 --- [review-service] [main] .s.d.r.c.RepositoryConfigurationDelegate : Bootstrapping Spring Data JPA repositories in DEFAULT mode.
2025-01-02T21:24:10.959+01:00  INFO 2540 --- [review-service] [main] .s.d.r.c.RepositoryConfigurationDelegate : Finished Spring Data repository scanning in 62 ms. Found 1 JPA repository interface.
2025-01-02T21:24:11.090+01:00  INFO 2540 --- [review-service] [main] o.s.cloud.context.scope.GenericScope     : BeanFactory id=96635054-86cf-3b65-9671-bc0ee4802081
2025-01-02T21:24:11.158+01:00  WARN 2540 --- [review-service] [main] trationDelegate$BeanPostProcessorChecker : Bean 'org.springframework.cloud.client.loadbalancer.LoadBalancerAutoConfiguration$DeferringLoadBalancerInterceptorConfig' of type [org.springframework.cloud.client.loadbalancer.LoadBalancerAutoConfiguration$DeferringLoadBalancerInterceptorConfig] is not eligible for getting processed by all BeanPostProcessors (for example: not eligible for auto-proxying). The currently created BeanPostProcessor [lbRestClientPostProcessor] is declared through a non-static factory method on that class; consider declaring it as static instead.
2025-01-02T21:24:11.160+01:00  WARN 2540 --- [review-service] [main] trationDelegate$BeanPostProcessorChecker : Bean 'deferringLoadBalancerInterceptor' of type [org.springframework.cloud.client.loadbalancer.DeferringLoadBalancerInterceptor] is not eligible for getting processed by all BeanPostProcessors (for example: not eligible for auto-proxying). Is this bean getting eagerly injected/applied to a currently created BeanPostProcessor [lbRestClientPostProcessor]? Check the corresponding BeanPostProcessor declaration and its dependencies/advisors. If this bean does not have to be post-processed, declare it with ROLE_INFRASTRUCTURE.
2025-01-02T21:24:11.286+01:00  INFO 2540 --- [review-service] [main] o.s.b.w.embedded.tomcat.TomcatWebServer  : Tomcat initialized with port 8082 (http)
2025-01-02T21:24:11.295+01:00  INFO 2540 --- [review-service] [main] o.apache.catalina.core.StandardService   : Starting service [Tomcat]
2025-01-02T21:24:11.295+01:00  INFO 2540 --- [review-service] [main] o.apache.catalina.core.StandardEngine    : Starting Servlet engine: [Apache Tomcat/10.1.31]
2025-01-02T21:24:11.331+01:00  INFO 2540 --- [review-service] [main] o.a.c.c.C.[Tomcat].[localhost].[/]       : Initializing Spring embedded WebApplicationContext
2025-01-02T21:24:11.331+01:00  INFO 2540 --- [review-service] [main] w.s.c.ServletWebServerApplicationContext : Root WebApplicationContext: initialization completed in 800 ms
2025-01-02T21:24:11.422+01:00  INFO 2540 --- [review-service] [main] o.hibernate.jpa.internal.util.LogHelper  : HHH000204: Processing PersistenceUnitInfo [name: default]
2025-01-02T21:24:11.450+01:00  INFO 2540 --- [review-service] [main] org.hibernate.Version                    : HHH000412: Hibernate ORM core version 6.5.3.Final
2025-01-02T21:24:11.467+01:00  INFO 2540 --- [review-service] [main] o.h.c.internal.RegionFactoryInitiator    : HHH000026: Second-level cache disabled
2025-01-02T21:24:11.620+01:00  INFO 2540 --- [review-service] [main] o.s.o.j.p.SpringPersistenceUnitInfo      : No LoadTimeWeaver setup: ignoring JPA class transformer
2025-01-02T21:24:11.637+01:00  INFO 2540 --- [review-service] [main] com.zaxxer.hikari.HikariDataSource       : HikariPool-1 - Starting...
2025-01-02T21:24:11.803+01:00  INFO 2540 --- [review-service] [main] com.zaxxer.hikari.pool.HikariPool        : HikariPool-1 - Added connection com.mysql.cj.jdbc.ConnectionImpl@4745bcc6
2025-01-02T21:24:11.804+01:00  INFO 2540 --- [review-service] [main] com.zaxxer.hikari.HikariDataSource       : HikariPool-1 - Start completed.
2025-01-02T21:24:11.829+01:00  WARN 2540 --- [review-service] [main] org.hibernate.orm.deprecation            : HHH90000025: MySQL8Dialect does not need to be specified explicitly using 'hibernate.dialect' (remove the property setting and it will be selected by default)
2025-01-02T21:24:11.830+01:00  WARN 2540 --- [review-service] [main] org.hibernate.orm.deprecation            : HHH90000026: MySQL8Dialect has been deprecated; use org.hibernate.dialect.MySQLDialect instead
2025-01-02T21:24:12.267+01:00  INFO 2540 --- [review-service] [main] o.h.e.t.j.p.i.JtaPlatformInitiator       : HHH000489: No JTA platform available (set 'hibernate.transaction.jta.platform' to enable JTA platform integration)
2025-01-02T21:24:12.319+01:00  INFO 2540 --- [review-service] [main] j.LocalContainerEntityManagerFactoryBean : Initialized JPA EntityManagerFactory for persistence unit 'default'
2025-01-02T21:24:12.501+01:00  WARN 2540 --- [review-service] [main] JpaBaseConfiguration$JpaWebConfiguration : spring.jpa.open-in-view is enabled by default. Therefore, database queries may be performed during view rendering. Explicitly configure spring.jpa.open-in-view to disable this warning
2025-01-02T21:24:12.554+01:00  INFO 2540 --- [review-service] [main] o.s.c.openfeign.FeignClientFactoryBean   : For 'post-service' URL not provided. Will try picking an instance via load-balancing.
2025-01-02T21:24:12.947+01:00  INFO 2540 --- [review-service] [main] DiscoveryClientOptionalArgsConfiguration : Eureka HTTP Client uses RestTemplate.
2025-01-02T21:24:12.962+01:00  WARN 2540 --- [review-service] [main] iguration$LoadBalancerCaffeineWarnLogger : Spring Cloud LoadBalancer is currently working with the default cache. While this cache implementation is useful for development and tests, it's recommended to use Caffeine cache in production.You can switch to using Caffeine cache, by adding it and org.springframework.cache.caffeine.CaffeineCacheManager to the classpath.
2025-01-02T21:24:12.996+01:00  INFO 2540 --- [review-service] [main] o.s.c.n.eureka.InstanceInfoFactory       : Setting initial instance status as: STARTING
2025-01-02T21:24:13.008+01:00  INFO 2540 --- [review-service] [main] com.netflix.discovery.DiscoveryClient    : Initializing Eureka in region us-east-1
2025-01-02T21:24:13.010+01:00  INFO 2540 --- [review-service] [main] c.n.d.s.r.aws.ConfigClusterResolver      : Resolving eureka endpoints via configuration
2025-01-02T21:24:13.015+01:00  INFO 2540 --- [review-service] [main] com.netflix.discovery.DiscoveryClient    : Disable delta property : false
2025-01-02T21:24:13.015+01:00  INFO 2540 --- [review-service] [main] com.netflix.discovery.DiscoveryClient    : Single vip registry refresh property : null
2025-01-02T21:24:13.015+01:00  INFO 2540 --- [review-service] [main] com.netflix.discovery.DiscoveryClient    : Force full registry fetch : false
2025-01-02T21:24:13.015+01:00  INFO 2540 --- [review-service] [main] com.netflix.discovery.DiscoveryClient    : Application is null : false
2025-01-02T21:24:13.015+01:00  INFO 2540 --- [review-service] [main] com.netflix.discovery.DiscoveryClient    : Registered Applications size is zero : true
2025-01-02T21:24:13.015+01:00  INFO 2540 --- [review-service] [main] com.netflix.discovery.DiscoveryClient    : Application version is -1: true
2025-01-02T21:24:13.015+01:00  INFO 2540 --- [review-service] [main] com.netflix.discovery.DiscoveryClient    : Getting all instance registry info from the eureka server
2025-01-02T21:24:13.121+01:00  INFO 2540 --- [review-service] [main] com.netflix.discovery.DiscoveryClient    : The response status is 200
2025-01-02T21:24:13.122+01:00  INFO 2540 --- [review-service] [main] com.netflix.discovery.DiscoveryClient    : Starting heartbeat executor: renew interval is: 30
2025-01-02T21:24:13.123+01:00  INFO 2540 --- [review-service] [main] c.n.discovery.InstanceInfoReplicator     : InstanceInfoReplicator onDemand update allowed rate per min is 4
2025-01-02T21:24:13.124+01:00  INFO 2540 --- [review-service] [main] com.netflix.discovery.DiscoveryClient    : Discovery Client initialized at timestamp 1735849453124 with initial instances count: 2
2025-01-02T21:24:13.126+01:00  INFO 2540 --- [review-service] [main] o.s.c.n.e.s.EurekaServiceRegistry        : Registering application REVIEW-SERVICE with eureka with status UP
2025-01-02T21:24:13.126+01:00  INFO 2540 --- [review-service] [main] com.netflix.discovery.DiscoveryClient    : Saw local status change event StatusChangeEvent [timestamp=1735849453126, current=UP, previous=STARTING]
2025-01-02T21:24:13.127+01:00  INFO 2540 --- [review-service] [DiscoveryClient-InstanceInfoReplicator-%d] com.netflix.discovery.DiscoveryClient    : DiscoveryClient_REVIEW-SERVICE/host.docker.internal:review-service:8082: registering service...
2025-01-02T21:24:13.138+01:00  INFO 2540 --- [review-service] [main] o.s.b.w.embedded.tomcat.TomcatWebServer  : Tomcat started on port 8082 (http) with context path '/'
2025-01-02T21:24:13.138+01:00  INFO 2540 --- [review-service] [main] .s.c.n.e.s.EurekaAutoServiceRegistration : Updating port to 8082
2025-01-02T21:24:13.149+01:00  INFO 2540 --- [review-service] [DiscoveryClient-InstanceInfoReplicator-%d] com.netflix.discovery.DiscoveryClient    : DiscoveryClient_REVIEW-SERVICE/host.docker.internal:review-service:8082 - registration status: 204
2025-01-02T21:29:13.028+01:00  INFO 2540 --- [review-service] [AsyncResolver-bootstrap-executor-%d] c.n.d.s.r.aws.ConfigClusterResolver      : Resolving eureka endpoints via configuration
2025-01-02T21:34:13.040+01:00  INFO 2540 --- [review-service] [AsyncResolver-bootstrap-executor-%d] c.n.d.s.r.aws.ConfigClusterResolver      : Resolving eureka endpoints via configuration
2025-01-02T21:39:13.052+01:00  INFO 2540 --- [review-service] [AsyncResolver-bootstrap-executor-%d] c.n.d.s.r.aws.ConfigClusterResolver      : Resolving eureka endpoints via configuration
2025-01-02T21:44:13.063+01:00  INFO 2540 --- [review-service] [AsyncResolver-bootstrap-executor-%d] c.n.d.s.r.aws.ConfigClusterResolver      : Resolving eureka endpoints via configuration
2025-01-02T21:49:13.070+01:00  INFO 2540 --- [review-service] [AsyncResolver-bootstrap-executor-%d] c.n.d.s.r.aws.ConfigClusterResolver      : Resolving eureka endpoints via configuration
2025-01-02T21:54:13.085+01:00  INFO 2540 --- [review-service] [AsyncResolver-bootstrap-executor-%d] c.n.d.s.r.aws.ConfigClusterResolver      : Resolving eureka endpoints via configuration
2025-01-02T21:59:13.098+01:00  INFO 2540 --- [review-service] [AsyncResolver-bootstrap-executor-%d] c.n.d.s.r.aws.ConfigClusterResolver      : Resolving eureka endpoints via configuration
2025-01-02T22:04:13.099+01:00  INFO 2540 --- [review-service] [AsyncResolver-bootstrap-executor-%d] c.n.d.s.r.aws.ConfigClusterResolver      : Resolving eureka endpoints via configuration
2025-01-02T22:09:13.109+01:00  INFO 2540 --- [review-service] [AsyncResolver-bootstrap-executor-%d] c.n.d.s.r.aws.ConfigClusterResolver      : Resolving eureka endpoints via configuration
2025-01-02T22:14:13.115+01:00  INFO 2540 --- [review-service] [AsyncResolver-bootstrap-executor-%d] c.n.d.s.r.aws.ConfigClusterResolver      : Resolving eureka endpoints via configuration
2025-01-02T22:19:13.118+01:00  INFO 2540 --- [review-service] [AsyncResolver-bootstrap-executor-%d] c.n.d.s.r.aws.ConfigClusterResolver      : Resolving eureka endpoints via configuration
2025-01-02T22:24:13.130+01:00  INFO 2540 --- [review-service] [AsyncResolver-bootstrap-executor-%d] c.n.d.s.r.aws.ConfigClusterResolver      : Resolving eureka endpoints via configuration
2025-01-02T22:29:13.134+01:00  INFO 2540 --- [review-service] [AsyncResolver-bootstrap-executor-%d] c.n.d.s.r.aws.ConfigClusterResolver      : Resolving eureka endpoints via configuration
2025-01-02T22:34:13.135+01:00  INFO 2540 --- [review-service] [AsyncResolver-bootstrap-executor-%d] c.n.d.s.r.aws.ConfigClusterResolver      : Resolving eureka endpoints via configuration
