2024-12-22T21:57:19.801+0100 INFO               [main]                         be.pxl.services.ConfigServiceApplication - Starting ConfigServiceApplication using Java 22.0.2 with PID 6640 (C:\Users\jitsk\Documents\Semester 2\Fullstack Java\Project\project-JitskeLenaerts\backend-java\PXL-Nieuwsartikelen\config-service\target\classes started by jitsk in C:\Users\jitsk\Documents\Semester 2\Fullstack Java\Project\project-JitskeLenaerts\backend-java\PXL-Nieuwsartikelen)
2024-12-22T21:57:19.807+0100 DEBUG              [main]                         be.pxl.services.ConfigServiceApplication - Running with Spring Boot v3.3.5, Spring v6.1.14
2024-12-22T21:57:19.807+0100 INFO               [main]                         be.pxl.services.ConfigServiceApplication - The following 1 profile is active: "native"
2024-12-22T21:57:21.123+0100 INFO               [main]                         be.pxl.services.ConfigServiceApplication - Started ConfigServiceApplication in 1.899 seconds (process running for 3.574)
2024-12-22T21:57:54.450+0100 INFO               [main]                         be.pxl.services.DiscoveryServiceApplication - Starting DiscoveryServiceApplication using Java 22.0.2 with PID 18100 (C:\Users\jitsk\Documents\Semester 2\Fullstack Java\Project\project-JitskeLenaerts\backend-java\PXL-Nieuwsartikelen\discovery-service\target\classes started by jitsk in C:\Users\jitsk\Documents\Semester 2\Fullstack Java\Project\project-JitskeLenaerts\backend-java\PXL-Nieuwsartikelen)
2024-12-22T21:57:54.451+0100 DEBUG              [main]                         be.pxl.services.DiscoveryServiceApplication - Running with Spring Boot v3.3.5, Spring v6.1.14
2024-12-22T21:57:54.451+0100 INFO               [main]                         be.pxl.services.DiscoveryServiceApplication - No active profile set, falling back to 1 default profile: "default"
2024-12-22T21:57:56.312+0100 INFO               [main]                         be.pxl.services.DiscoveryServiceApplication - Started DiscoveryServiceApplication in 2.473 seconds (process running for 4.684)
2024-12-22T21:58:18.321+0100 INFO               [main]                         be.pxl.services.GatewayServiceApplication - Starting GatewayServiceApplication using Java 22.0.2 with PID 11944 (C:\Users\jitsk\Documents\Semester 2\Fullstack Java\Project\project-JitskeLenaerts\backend-java\PXL-Nieuwsartikelen\gateway-service\target\classes started by jitsk in C:\Users\jitsk\Documents\Semester 2\Fullstack Java\Project\project-JitskeLenaerts\backend-java\PXL-Nieuwsartikelen)
2024-12-22T21:58:18.322+0100 DEBUG              [main]                         be.pxl.services.GatewayServiceApplication - Running with Spring Boot v3.3.5, Spring v6.1.14
2024-12-22T21:58:18.322+0100 INFO               [main]                         be.pxl.services.GatewayServiceApplication - No active profile set, falling back to 1 default profile: "default"
2024-12-22T21:58:19.922+0100 INFO               [main]                         be.pxl.services.GatewayServiceApplication - Started GatewayServiceApplication in 2.136 seconds (process running for 3.349)
2024-12-22T21:58:35.888+0100 INFO               [main]                         be.pxl.services.NotificationServiceApplication - Starting NotificationServiceApplication using Java 22.0.2 with PID 24904 (C:\Users\jitsk\Documents\Semester 2\Fullstack Java\Project\project-JitskeLenaerts\backend-java\PXL-Nieuwsartikelen\notification-service\target\classes started by jitsk in C:\Users\jitsk\Documents\Semester 2\Fullstack Java\Project\project-JitskeLenaerts\backend-java\PXL-Nieuwsartikelen)
2024-12-22T21:58:35.888+0100 DEBUG              [main]                         be.pxl.services.NotificationServiceApplication - Running with Spring Boot v3.3.5, Spring v6.1.14
2024-12-22T21:58:35.889+0100 INFO               [main]                         be.pxl.services.NotificationServiceApplication - No active profile set, falling back to 1 default profile: "default"
2024-12-22T21:58:37.089+0100 INFO               [main]                         be.pxl.services.NotificationServiceApplication - Started NotificationServiceApplication in 1.722 seconds (process running for 2.126)
2024-12-22T21:58:52.128+0100 INFO               [main]                         be.pxl.services.PostServiceApplication - Starting PostServiceApplication using Java 22.0.2 with PID 36632 (C:\Users\jitsk\Documents\Semester 2\Fullstack Java\Project\project-JitskeLenaerts\backend-java\PXL-Nieuwsartikelen\post-service\target\classes started by jitsk in C:\Users\jitsk\Documents\Semester 2\Fullstack Java\Project\project-JitskeLenaerts\backend-java\PXL-Nieuwsartikelen)
2024-12-22T21:58:52.129+0100 DEBUG              [main]                         be.pxl.services.PostServiceApplication - Running with Spring Boot v3.3.5, Spring v6.1.14
2024-12-22T21:58:52.129+0100 INFO               [main]                         be.pxl.services.PostServiceApplication - No active profile set, falling back to 1 default profile: "default"
2024-12-22T21:58:55.134+0100 INFO               [main]                         be.pxl.services.PostServiceApplication - Started PostServiceApplication in 3.517 seconds (process running for 4.618)
2024-12-22T21:58:55.205+0100 INFO               [org.springframework.amqp.rabbit.RabbitListenerEndpointContainer#0-1] be.pxl.services.services.MailSenderService - Placing subject: Nihil enim enim et e goedgekeurd and text: Nihil enim enim et e is goedgekeurd een klaar om gepubliceerd te worden. into mail properties.
2024-12-22T22:02:23.303+0100 INFO               [http-nio-8081-exec-1]         be.pxl.services.controller.PostController - Handling request [GET] /api/post/state/SUBMITTED
2024-12-22T22:02:23.363+0100 INFO               [http-nio-8081-exec-1]         be.pxl.services.services.PostService - Mapping post to post response
2024-12-22T22:03:46.045+0100 INFO               [http-nio-8081-exec-3]         be.pxl.services.controller.PostController - Calling endpoint [GET] /api/post
2024-12-22T22:03:46.053+0100 INFO               [http-nio-8081-exec-3]         be.pxl.services.services.PostService - Mapping post to post response
2024-12-22T22:03:54.465+0100 INFO               [main]                         be.pxl.services.ReviewServiceApplication - Starting ReviewServiceApplication using Java 22.0.2 with PID 40232 (C:\Users\jitsk\Documents\Semester 2\Fullstack Java\Project\project-JitskeLenaerts\backend-java\PXL-Nieuwsartikelen\review-service\target\classes started by jitsk in C:\Users\jitsk\Documents\Semester 2\Fullstack Java\Project\project-JitskeLenaerts\backend-java\PXL-Nieuwsartikelen)
2024-12-22T22:03:54.466+0100 DEBUG              [main]                         be.pxl.services.ReviewServiceApplication - Running with Spring Boot v3.3.5, Spring v6.1.14
2024-12-22T22:03:54.467+0100 INFO               [main]                         be.pxl.services.ReviewServiceApplication - No active profile set, falling back to 1 default profile: "default"
2024-12-22T22:03:57.622+0100 INFO               [main]                         be.pxl.services.ReviewServiceApplication - Started ReviewServiceApplication in 3.89 seconds (process running for 4.307)
2024-12-22T22:04:23.849+0100 INFO               [http-nio-8082-exec-1]         be.pxl.services.controller.ReviewController - Fetching reviews for post ID 1.
2024-12-22T22:04:23.922+0100 INFO               [http-nio-8082-exec-1]         be.pxl.services.services.ReviewService - Retrieved 1 reviews for post ID 1.
2024-12-22T22:04:27.392+0100 INFO               [http-nio-8081-exec-4]         be.pxl.services.services.PostService - Fetching specific post with id 104
2024-12-22T22:04:27.392+0100 INFO               [http-nio-8081-exec-4]         be.pxl.services.services.PostService - Mapping post to post response
2024-12-22T22:04:27.392+0100 INFO               [http-nio-8081-exec-4]         be.pxl.services.controller.PostController - Fetching specific post with id 104
2024-12-22T22:04:27.440+0100 INFO               [http-nio-8082-exec-2]         be.pxl.services.services.ReviewService - Notification sent for post ID 104 to queue postRejectedPostQueue.
2024-12-22T22:04:27.440+0100 INFO               [http-nio-8082-exec-2]         be.pxl.services.services.ReviewService - Post with ID 104 has been rejected by reviewer Redacteur Swinnen (ID 3).
2024-12-22T22:04:27.457+0100 INFO               [org.springframework.amqp.rabbit.RabbitListenerEndpointContainer#1-1] be.pxl.services.services.MailSenderService - Placing subject: Nihil enim enim et e afgekeurd and text: Nihil enim enim et e is afgekeurd en zal herschreven moeten worden, om vervolgens weer ingediend te worden. into mail properties.
2024-12-22T22:04:27.489+0100 INFO               [http-nio-8082-exec-2]         be.pxl.services.services.ReviewService - Review for post ID 104 saved to repository.
2024-12-22T22:04:27.489+0100 INFO               [http-nio-8082-exec-2]         be.pxl.services.controller.ReviewController - Post ID 104 rejected by reviewer Redacteur Swinnen (ID 3).
2024-12-22T22:11:56.319+0100 INFO               [SpringApplicationShutdownHook] be.pxl.services.services.PostService - Cleaning up RabbitMQ connections before shutdown.
2024-12-22T22:12:01.844+0100 INFO               [main]                         be.pxl.services.PostServiceApplication - Starting PostServiceApplication using Java 22.0.2 with PID 22352 (C:\Users\jitsk\Documents\Semester 2\Fullstack Java\Project\project-JitskeLenaerts\backend-java\PXL-Nieuwsartikelen\post-service\target\classes started by jitsk in C:\Users\jitsk\Documents\Semester 2\Fullstack Java\Project\project-JitskeLenaerts\backend-java\PXL-Nieuwsartikelen)
2024-12-22T22:12:01.845+0100 DEBUG              [main]                         be.pxl.services.PostServiceApplication - Running with Spring Boot v3.3.5, Spring v6.1.14
2024-12-22T22:12:01.845+0100 INFO               [main]                         be.pxl.services.PostServiceApplication - No active profile set, falling back to 1 default profile: "default"
2024-12-22T22:12:04.671+0100 INFO               [main]                         be.pxl.services.PostServiceApplication - Started PostServiceApplication in 3.36 seconds (process running for 3.689)
2024-12-22T22:13:10.439+0100 INFO               [http-nio-8081-exec-1]         be.pxl.services.controller.PostController - Calling endpoint [GET] /api/post
2024-12-22T22:13:10.540+0100 INFO               [http-nio-8081-exec-2]         be.pxl.services.services.PostService - Mapping post request to post
2024-12-22T22:13:10.702+0100 INFO               [http-nio-8084-exec-1]         be.pxl.services.service.NotificationService - Receiving notification...
2024-12-22T22:13:10.702+0100 INFO               [http-nio-8084-exec-1]         be.pxl.services.service.NotificationService - Sending ... Post created
2024-12-22T22:13:10.702+0100 INFO               [http-nio-8084-exec-1]         be.pxl.services.service.NotificationService - TO redacteur1
2024-12-22T22:13:10.704+0100 INFO               [http-nio-8081-exec-2]         be.pxl.services.services.PostService - Post created
2024-12-22T22:13:10.704+0100 INFO               [http-nio-8081-exec-2]         be.pxl.services.services.PostService - Mapping post to post response
2024-12-22T22:13:10.705+0100 INFO               [http-nio-8081-exec-2]         be.pxl.services.controller.PostController - Creating new post
2024-12-22T22:13:13.120+0100 INFO               [http-nio-8081-exec-3]         be.pxl.services.controller.PostController - Handling request [GET] /api/post/state/SUBMITTED
2024-12-22T22:13:13.128+0100 INFO               [http-nio-8081-exec-3]         be.pxl.services.services.PostService - Mapping post to post response
2024-12-22T22:13:14.449+0100 INFO               [http-nio-8081-exec-4]         be.pxl.services.services.PostService - Fetching specific post with id 152
2024-12-22T22:13:14.449+0100 INFO               [http-nio-8081-exec-4]         be.pxl.services.services.PostService - Mapping post to post response
2024-12-22T22:13:14.449+0100 INFO               [http-nio-8081-exec-4]         be.pxl.services.controller.PostController - Fetching specific post with id 152
2024-12-22T22:13:17.521+0100 INFO               [http-nio-8081-exec-5]         be.pxl.services.controller.PostController - Handling request [GET] /api/post/state/SUBMITTED
2024-12-22T22:13:17.526+0100 INFO               [http-nio-8081-exec-5]         be.pxl.services.services.PostService - Mapping post to post response
2024-12-22T22:13:25.501+0100 INFO               [http-nio-8081-exec-6]         be.pxl.services.services.PostService - Fetching specific post with id 152
2024-12-22T22:13:25.501+0100 INFO               [http-nio-8081-exec-6]         be.pxl.services.services.PostService - Mapping post to post response
2024-12-22T22:13:25.501+0100 INFO               [http-nio-8081-exec-6]         be.pxl.services.controller.PostController - Fetching specific post with id 152
2024-12-22T22:13:25.503+0100 INFO               [http-nio-8082-exec-4]         be.pxl.services.services.ReviewService - Notification sent for post ID 152 to queue postRejectedPostQueue.
2024-12-22T22:13:25.503+0100 INFO               [http-nio-8082-exec-4]         be.pxl.services.services.ReviewService - Post with ID 152 has been rejected by reviewer Redacteur Swinnen (ID 3).
2024-12-22T22:13:25.516+0100 INFO               [http-nio-8082-exec-4]         be.pxl.services.services.ReviewService - Review for post ID 152 saved to repository.
2024-12-22T22:13:25.516+0100 INFO               [http-nio-8082-exec-4]         be.pxl.services.controller.ReviewController - Post ID 152 rejected by reviewer Redacteur Swinnen (ID 3).
2024-12-22T22:13:25.530+0100 INFO               [org.springframework.amqp.rabbit.RabbitListenerEndpointContainer#0-1] be.pxl.services.services.MailSenderService - Placing subject: Error maiores dignis rejected and text: Error maiores dignis has been rejected and needs to be rewritten before being resubmitted. into mail properties.
2024-12-22T22:14:49.532+0100 INFO               [SpringApplicationShutdownHook] be.pxl.services.services.PostService - Cleaning up RabbitMQ connections before shutdown.
2024-12-22T22:14:55.060+0100 INFO               [main]                         be.pxl.services.PostServiceApplication - Starting PostServiceApplication using Java 22.0.2 with PID 35544 (C:\Users\jitsk\Documents\Semester 2\Fullstack Java\Project\project-JitskeLenaerts\backend-java\PXL-Nieuwsartikelen\post-service\target\classes started by jitsk in C:\Users\jitsk\Documents\Semester 2\Fullstack Java\Project\project-JitskeLenaerts\backend-java\PXL-Nieuwsartikelen)
2024-12-22T22:14:55.061+0100 DEBUG              [main]                         be.pxl.services.PostServiceApplication - Running with Spring Boot v3.3.5, Spring v6.1.14
2024-12-22T22:14:55.061+0100 INFO               [main]                         be.pxl.services.PostServiceApplication - No active profile set, falling back to 1 default profile: "default"
2024-12-22T22:14:57.789+0100 INFO               [main]                         be.pxl.services.PostServiceApplication - Started PostServiceApplication in 3.248 seconds (process running for 3.585)
2024-12-22T22:15:32.598+0100 INFO               [http-nio-8081-exec-1]         be.pxl.services.controller.PostController - Handling request [GET] /api/post/state/REJECTED
2024-12-22T22:15:33.033+0100 INFO               [http-nio-8081-exec-2]         be.pxl.services.controller.PostController - Handling request [GET] /api/post/state/SUBMITTED
2024-12-22T22:15:33.042+0100 INFO               [http-nio-8081-exec-2]         be.pxl.services.services.PostService - Mapping post to post response
2024-12-22T22:15:40.668+0100 INFO               [http-nio-8081-exec-3]         be.pxl.services.services.PostService - Fetching specific post with id 152
2024-12-22T22:15:40.669+0100 INFO               [http-nio-8081-exec-3]         be.pxl.services.services.PostService - Mapping post to post response
2024-12-22T22:15:40.669+0100 INFO               [http-nio-8081-exec-3]         be.pxl.services.controller.PostController - Fetching specific post with id 152
2024-12-22T22:15:40.671+0100 INFO               [http-nio-8082-exec-6]         be.pxl.services.services.ReviewService - Notification sent for post ID 152 to queue postRejectedPostQueue.
2024-12-22T22:15:40.671+0100 INFO               [http-nio-8082-exec-6]         be.pxl.services.services.ReviewService - Post with ID 152 has been rejected by reviewer Redacteur Swinnen (ID 3).
2024-12-22T22:15:40.682+0100 INFO               [http-nio-8082-exec-6]         be.pxl.services.services.ReviewService - Review for post ID 152 saved to repository.
2024-12-22T22:15:40.682+0100 INFO               [http-nio-8082-exec-6]         be.pxl.services.controller.ReviewController - Post ID 152 rejected by reviewer Redacteur Swinnen (ID 3).
2024-12-22T22:15:40.709+0100 INFO               [org.springframework.amqp.rabbit.RabbitListenerEndpointContainer#1-1] be.pxl.services.services.MailSenderService - Placing subject: "Error maiores dignis" rejected and text: "Error maiores dignis" has been rejected and needs to be rewritten before being resubmitted. into mail properties.
2024-12-22T22:29:42.506+0100 INFO               [SpringApplicationShutdownHook] be.pxl.services.services.PostService - Cleaning up RabbitMQ connections before shutdown.
2024-12-22T22:29:48.036+0100 INFO               [main]                         be.pxl.services.PostServiceApplication - Starting PostServiceApplication using Java 22.0.2 with PID 41932 (C:\Users\jitsk\Documents\Semester 2\Fullstack Java\Project\project-JitskeLenaerts\backend-java\PXL-Nieuwsartikelen\post-service\target\classes started by jitsk in C:\Users\jitsk\Documents\Semester 2\Fullstack Java\Project\project-JitskeLenaerts\backend-java\PXL-Nieuwsartikelen)
2024-12-22T22:29:48.037+0100 DEBUG              [main]                         be.pxl.services.PostServiceApplication - Running with Spring Boot v3.3.5, Spring v6.1.14
2024-12-22T22:29:48.037+0100 INFO               [main]                         be.pxl.services.PostServiceApplication - No active profile set, falling back to 1 default profile: "default"
2024-12-22T22:29:50.880+0100 INFO               [main]                         be.pxl.services.PostServiceApplication - Started PostServiceApplication in 3.369 seconds (process running for 3.706)
2024-12-22T22:30:55.742+0100 INFO               [http-nio-8081-exec-1]         be.pxl.services.controller.PostController - Handling request [GET] /api/post/state/SUBMITTED
2024-12-22T22:30:55.846+0100 INFO               [http-nio-8081-exec-1]         be.pxl.services.services.PostService - Mapping post to post response
2024-12-22T22:31:02.033+0100 INFO               [http-nio-8081-exec-2]         be.pxl.services.services.PostService - Fetching specific post with id 152
2024-12-22T22:31:02.033+0100 INFO               [http-nio-8081-exec-2]         be.pxl.services.services.PostService - Mapping post to post response
2024-12-22T22:31:02.033+0100 INFO               [http-nio-8081-exec-2]         be.pxl.services.controller.PostController - Fetching specific post with id 152
2024-12-22T22:31:02.035+0100 INFO               [http-nio-8082-exec-8]         be.pxl.services.services.ReviewService - Notification sent for post ID 152 to queue postRejectedPostQueue.
2024-12-22T22:31:02.035+0100 INFO               [http-nio-8082-exec-8]         be.pxl.services.services.ReviewService - Post with ID 152 has been rejected by reviewer Redacteur Swinnen (ID 3).
2024-12-22T22:31:02.046+0100 INFO               [http-nio-8082-exec-8]         be.pxl.services.services.ReviewService - Review for post ID 152 saved to repository.
2024-12-22T22:31:02.046+0100 INFO               [http-nio-8082-exec-8]         be.pxl.services.controller.ReviewController - Post ID 152 rejected by reviewer Redacteur Swinnen (ID 3).
2024-12-22T22:31:02.073+0100 INFO               [org.springframework.amqp.rabbit.RabbitListenerEndpointContainer#0-1] be.pxl.services.services.MailSenderService - Placing subject: "Error maiores dignis" rejected and text: The blog with title  "Error maiores dignis" has been rejected and needs to be rewritten before being resubmitted. into mail properties.
2024-12-22T22:31:40.110+0100 INFO               [SpringApplicationShutdownHook] be.pxl.services.services.PostService - Cleaning up RabbitMQ connections before shutdown.
2024-12-22T22:31:45.629+0100 INFO               [main]                         be.pxl.services.PostServiceApplication - Starting PostServiceApplication using Java 22.0.2 with PID 36068 (C:\Users\jitsk\Documents\Semester 2\Fullstack Java\Project\project-JitskeLenaerts\backend-java\PXL-Nieuwsartikelen\post-service\target\classes started by jitsk in C:\Users\jitsk\Documents\Semester 2\Fullstack Java\Project\project-JitskeLenaerts\backend-java\PXL-Nieuwsartikelen)
2024-12-22T22:31:45.630+0100 DEBUG              [main]                         be.pxl.services.PostServiceApplication - Running with Spring Boot v3.3.5, Spring v6.1.14
2024-12-22T22:31:45.630+0100 INFO               [main]                         be.pxl.services.PostServiceApplication - No active profile set, falling back to 1 default profile: "default"
2024-12-22T22:31:48.357+0100 INFO               [main]                         be.pxl.services.PostServiceApplication - Started PostServiceApplication in 3.241 seconds (process running for 3.594)
2024-12-22T22:32:36.577+0100 INFO               [http-nio-8081-exec-1]         be.pxl.services.controller.PostController - Handling request [GET] /api/post/state/SUBMITTED
2024-12-22T22:32:36.665+0100 INFO               [http-nio-8081-exec-1]         be.pxl.services.services.PostService - Mapping post to post response
2024-12-22T22:32:40.608+0100 INFO               [http-nio-8082-exec-10]        be.pxl.services.services.ReviewService - Notification sent for post ID 152 to queue postApprovedPostQueue.
2024-12-22T22:32:40.608+0100 INFO               [http-nio-8082-exec-10]        be.pxl.services.services.ReviewService - Post with ID 152 has been approved.
2024-12-22T22:32:40.608+0100 INFO               [http-nio-8082-exec-10]        be.pxl.services.controller.ReviewController - Post ID 152 approved.
2024-12-22T22:32:40.661+0100 INFO               [org.springframework.amqp.rabbit.RabbitListenerEndpointContainer#1-1] be.pxl.services.services.MailSenderService - Placing subject: Blog "Error maiores dignis" approved and text: The blog with title "Error maiores dignis" has been approved and is ready to be published. into mail properties.
