2024-12-15T19:41:21.013+0100 INFO               [main]                         be.pxl.services.ConfigServiceApplication - Starting ConfigServiceApplication using Java 22.0.2 with PID 35324 (C:\Users\jitsk\Documents\Semester 2\Fullstack Java\Project\project-JitskeLenaerts\backend-java\PXL-Nieuwsartikelen\config-service\target\classes started by jitsk in C:\Users\jitsk\Documents\Semester 2\Fullstack Java\Project\project-JitskeLenaerts\backend-java\PXL-Nieuwsartikelen)
2024-12-15T19:41:21.019+0100 DEBUG              [main]                         be.pxl.services.ConfigServiceApplication - Running with Spring Boot v3.3.5, Spring v6.1.14
2024-12-15T19:41:21.020+0100 INFO               [main]                         be.pxl.services.ConfigServiceApplication - The following 1 profile is active: "native"
2024-12-15T19:41:22.021+0100 INFO               [main]                         be.pxl.services.ConfigServiceApplication - Started ConfigServiceApplication in 1.37 seconds (process running for 3.049)
2024-12-15T19:41:29.091+0100 INFO               [main]                         be.pxl.services.DiscoveryServiceApplication - Starting DiscoveryServiceApplication using Java 22.0.2 with PID 23136 (C:\Users\jitsk\Documents\Semester 2\Fullstack Java\Project\project-JitskeLenaerts\backend-java\PXL-Nieuwsartikelen\discovery-service\target\classes started by jitsk in C:\Users\jitsk\Documents\Semester 2\Fullstack Java\Project\project-JitskeLenaerts\backend-java\PXL-Nieuwsartikelen)
2024-12-15T19:41:29.092+0100 DEBUG              [main]                         be.pxl.services.DiscoveryServiceApplication - Running with Spring Boot v3.3.5, Spring v6.1.14
2024-12-15T19:41:29.092+0100 INFO               [main]                         be.pxl.services.DiscoveryServiceApplication - No active profile set, falling back to 1 default profile: "default"
2024-12-15T19:41:30.985+0100 INFO               [main]                         be.pxl.services.DiscoveryServiceApplication - Started DiscoveryServiceApplication in 2.503 seconds (process running for 4.556)
2024-12-15T19:41:35.946+0100 INFO               [main]                         be.pxl.services.GatewayServiceApplication - Starting GatewayServiceApplication using Java 22.0.2 with PID 36352 (C:\Users\jitsk\Documents\Semester 2\Fullstack Java\Project\project-JitskeLenaerts\backend-java\PXL-Nieuwsartikelen\gateway-service\target\classes started by jitsk in C:\Users\jitsk\Documents\Semester 2\Fullstack Java\Project\project-JitskeLenaerts\backend-java\PXL-Nieuwsartikelen)
2024-12-15T19:41:35.947+0100 DEBUG              [main]                         be.pxl.services.GatewayServiceApplication - Running with Spring Boot v3.3.5, Spring v6.1.14
2024-12-15T19:41:35.947+0100 INFO               [main]                         be.pxl.services.GatewayServiceApplication - No active profile set, falling back to 1 default profile: "default"
2024-12-15T19:41:37.377+0100 INFO               [main]                         be.pxl.services.GatewayServiceApplication - Started GatewayServiceApplication in 1.937 seconds (process running for 3.021)
2024-12-15T19:41:40.241+0100 INFO               [main]                         be.pxl.services.NotificationServiceApplication - Starting NotificationServiceApplication using Java 22.0.2 with PID 36312 (C:\Users\jitsk\Documents\Semester 2\Fullstack Java\Project\project-JitskeLenaerts\backend-java\PXL-Nieuwsartikelen\notification-service\target\classes started by jitsk in C:\Users\jitsk\Documents\Semester 2\Fullstack Java\Project\project-JitskeLenaerts\backend-java\PXL-Nieuwsartikelen)
2024-12-15T19:41:40.241+0100 DEBUG              [main]                         be.pxl.services.NotificationServiceApplication - Running with Spring Boot v3.3.5, Spring v6.1.14
2024-12-15T19:41:40.242+0100 INFO               [main]                         be.pxl.services.NotificationServiceApplication - No active profile set, falling back to 1 default profile: "default"
2024-12-15T19:41:41.288+0100 INFO               [main]                         be.pxl.services.NotificationServiceApplication - Started NotificationServiceApplication in 1.565 seconds (process running for 1.86)
2024-12-15T19:41:45.507+0100 INFO               [main]                         be.pxl.services.MessagingServiceApplication - Starting MessagingServiceApplication using Java 22.0.2 with PID 36168 (C:\Users\jitsk\Documents\Semester 2\Fullstack Java\Project\project-JitskeLenaerts\backend-java\PXL-Nieuwsartikelen\messaging-service\target\classes started by jitsk in C:\Users\jitsk\Documents\Semester 2\Fullstack Java\Project\project-JitskeLenaerts\backend-java\PXL-Nieuwsartikelen)
2024-12-15T19:41:45.509+0100 DEBUG              [main]                         be.pxl.services.MessagingServiceApplication - Running with Spring Boot v3.3.5, Spring v6.1.14
2024-12-15T19:41:45.509+0100 INFO               [main]                         be.pxl.services.MessagingServiceApplication - No active profile set, falling back to 1 default profile: "default"
2024-12-15T19:41:46.332+0100 INFO               [main]                         be.pxl.services.MessagingServiceApplication - Started MessagingServiceApplication in 1.106 seconds (process running for 1.443)
2024-12-15T19:41:50.529+0100 INFO               [main]                         be.pxl.services.PostServiceApplication - Starting PostServiceApplication using Java 22.0.2 with PID 35684 (C:\Users\jitsk\Documents\Semester 2\Fullstack Java\Project\project-JitskeLenaerts\backend-java\PXL-Nieuwsartikelen\post-service\target\classes started by jitsk in C:\Users\jitsk\Documents\Semester 2\Fullstack Java\Project\project-JitskeLenaerts\backend-java\PXL-Nieuwsartikelen)
2024-12-15T19:41:50.530+0100 DEBUG              [main]                         be.pxl.services.PostServiceApplication - Running with Spring Boot v3.3.5, Spring v6.1.14
2024-12-15T19:41:50.530+0100 INFO               [main]                         be.pxl.services.PostServiceApplication - No active profile set, falling back to 1 default profile: "default"
2024-12-15T19:41:53.203+0100 INFO               [main]                         be.pxl.services.PostServiceApplication - Started PostServiceApplication in 3.169 seconds (process running for 4.192)
2024-12-15T19:42:26.050+0100 INFO               [http-nio-8081-exec-1]         be.pxl.services.services.PostService - Fetching all published posts
2024-12-15T19:42:26.128+0100 INFO               [http-nio-8081-exec-1]         be.pxl.services.services.PostService - Mapping post to post response
2024-12-15T19:42:26.128+0100 INFO               [http-nio-8081-exec-1]         be.pxl.services.controller.PostController - Fetching all published posts
2024-12-15T19:42:31.036+0100 INFO               [http-nio-8081-exec-2]         be.pxl.services.services.PostService - Fetching all my personal posts
2024-12-15T19:42:31.042+0100 INFO               [http-nio-8081-exec-2]         be.pxl.services.services.PostService - Mapping post to post response
2024-12-15T19:42:31.043+0100 INFO               [http-nio-8081-exec-2]         be.pxl.services.services.PostService - Mapping post to post response
2024-12-15T19:42:31.043+0100 INFO               [http-nio-8081-exec-2]         be.pxl.services.controller.PostController - Fetching all personal posts
2024-12-15T19:42:33.426+0100 INFO               [http-nio-8081-exec-3]         be.pxl.services.services.PostService - Fetching all concept posts
2024-12-15T19:42:33.433+0100 INFO               [http-nio-8081-exec-3]         be.pxl.services.services.PostService - Mapping post to post response
2024-12-15T19:42:33.433+0100 INFO               [http-nio-8081-exec-3]         be.pxl.services.services.PostService - Mapping post to post response
2024-12-15T19:42:33.433+0100 INFO               [http-nio-8081-exec-3]         be.pxl.services.controller.PostController - Fetching all concept posts
2024-12-15T19:42:35.360+0100 INFO               [http-nio-8081-exec-4]         be.pxl.services.services.PostService - Fetching specific post with id 1
2024-12-15T19:42:35.360+0100 INFO               [http-nio-8081-exec-4]         be.pxl.services.services.PostService - Mapping post to post response
2024-12-15T19:42:35.360+0100 INFO               [http-nio-8081-exec-4]         be.pxl.services.controller.PostController - Fetching specific post with id 1
2024-12-15T19:42:37.450+0100 INFO               [http-nio-8081-exec-6]         be.pxl.services.services.PostService - Mapping post request to post
2024-12-15T19:42:41.234+0100 INFO               [http-nio-8081-exec-7]         be.pxl.services.services.PostService - Mapping post request to post
2024-12-15T19:43:13.409+0100 INFO               [http-nio-8081-exec-5]         be.pxl.services.services.PostService - Mapping post request to post
2024-12-15T19:48:42.197+0100 INFO               [main]                         be.pxl.services.PostServiceApplication - Starting PostServiceApplication using Java 22.0.2 with PID 5360 (C:\Users\jitsk\Documents\Semester 2\Fullstack Java\Project\project-JitskeLenaerts\backend-java\PXL-Nieuwsartikelen\post-service\target\classes started by jitsk in C:\Users\jitsk\Documents\Semester 2\Fullstack Java\Project\project-JitskeLenaerts\backend-java\PXL-Nieuwsartikelen)
2024-12-15T19:48:42.197+0100 DEBUG              [main]                         be.pxl.services.PostServiceApplication - Running with Spring Boot v3.3.5, Spring v6.1.14
2024-12-15T19:48:42.198+0100 INFO               [main]                         be.pxl.services.PostServiceApplication - No active profile set, falling back to 1 default profile: "default"
2024-12-15T19:48:44.825+0100 INFO               [main]                         be.pxl.services.PostServiceApplication - Started PostServiceApplication in 3.18 seconds (process running for 3.501)
2024-12-15T19:48:50.508+0100 INFO               [http-nio-8081-exec-1]         be.pxl.services.services.PostService - Mapping post request to post
2024-12-15T19:48:56.351+0100 INFO               [http-nio-8081-exec-2]         be.pxl.services.services.PostService - Mapping post request to post
2024-12-15T19:49:12.765+0100 INFO               [http-nio-8081-exec-3]         be.pxl.services.services.PostService - Mapping post request to post
2024-12-15T19:49:39.597+0100 INFO               [main]                         be.pxl.services.ConfigServiceApplication - Starting ConfigServiceApplication using Java 22.0.2 with PID 28552 (C:\Users\jitsk\Documents\Semester 2\Fullstack Java\Project\project-JitskeLenaerts\backend-java\PXL-Nieuwsartikelen\config-service\target\classes started by jitsk in C:\Users\jitsk\Documents\Semester 2\Fullstack Java\Project\project-JitskeLenaerts\backend-java\PXL-Nieuwsartikelen)
2024-12-15T19:49:39.598+0100 DEBUG              [main]                         be.pxl.services.ConfigServiceApplication - Running with Spring Boot v3.3.5, Spring v6.1.14
2024-12-15T19:49:39.598+0100 INFO               [main]                         be.pxl.services.ConfigServiceApplication - The following 1 profile is active: "native"
2024-12-15T19:49:40.494+0100 INFO               [main]                         be.pxl.services.ConfigServiceApplication - Started ConfigServiceApplication in 1.229 seconds (process running for 1.568)
2024-12-15T19:49:49.750+0100 INFO               [main]                         be.pxl.services.DiscoveryServiceApplication - Starting DiscoveryServiceApplication using Java 22.0.2 with PID 36784 (C:\Users\jitsk\Documents\Semester 2\Fullstack Java\Project\project-JitskeLenaerts\backend-java\PXL-Nieuwsartikelen\discovery-service\target\classes started by jitsk in C:\Users\jitsk\Documents\Semester 2\Fullstack Java\Project\project-JitskeLenaerts\backend-java\PXL-Nieuwsartikelen)
2024-12-15T19:49:49.750+0100 DEBUG              [main]                         be.pxl.services.DiscoveryServiceApplication - Running with Spring Boot v3.3.5, Spring v6.1.14
2024-12-15T19:49:49.751+0100 INFO               [main]                         be.pxl.services.DiscoveryServiceApplication - No active profile set, falling back to 1 default profile: "default"
2024-12-15T19:49:51.473+0100 INFO               [main]                         be.pxl.services.DiscoveryServiceApplication - Started DiscoveryServiceApplication in 2.314 seconds (process running for 2.67)
2024-12-15T19:50:11.467+0100 INFO               [main]                         be.pxl.services.GatewayServiceApplication - Starting GatewayServiceApplication using Java 22.0.2 with PID 8524 (C:\Users\jitsk\Documents\Semester 2\Fullstack Java\Project\project-JitskeLenaerts\backend-java\PXL-Nieuwsartikelen\gateway-service\target\classes started by jitsk in C:\Users\jitsk\Documents\Semester 2\Fullstack Java\Project\project-JitskeLenaerts\backend-java\PXL-Nieuwsartikelen)
2024-12-15T19:50:11.467+0100 DEBUG              [main]                         be.pxl.services.GatewayServiceApplication - Running with Spring Boot v3.3.5, Spring v6.1.14
2024-12-15T19:50:11.468+0100 INFO               [main]                         be.pxl.services.GatewayServiceApplication - No active profile set, falling back to 1 default profile: "default"
2024-12-15T19:50:12.813+0100 INFO               [main]                         be.pxl.services.GatewayServiceApplication - Started GatewayServiceApplication in 1.915 seconds (process running for 2.286)
2024-12-15T19:50:19.457+0100 INFO               [main]                         be.pxl.services.NotificationServiceApplication - Starting NotificationServiceApplication using Java 22.0.2 with PID 38480 (C:\Users\jitsk\Documents\Semester 2\Fullstack Java\Project\project-JitskeLenaerts\backend-java\PXL-Nieuwsartikelen\notification-service\target\classes started by jitsk in C:\Users\jitsk\Documents\Semester 2\Fullstack Java\Project\project-JitskeLenaerts\backend-java\PXL-Nieuwsartikelen)
2024-12-15T19:50:19.457+0100 DEBUG              [main]                         be.pxl.services.NotificationServiceApplication - Running with Spring Boot v3.3.5, Spring v6.1.14
2024-12-15T19:50:19.457+0100 INFO               [main]                         be.pxl.services.NotificationServiceApplication - No active profile set, falling back to 1 default profile: "default"
2024-12-15T19:50:20.506+0100 INFO               [main]                         be.pxl.services.NotificationServiceApplication - Started NotificationServiceApplication in 1.544 seconds (process running for 1.865)
2024-12-15T19:50:24.195+0100 INFO               [main]                         be.pxl.services.MessagingServiceApplication - Starting MessagingServiceApplication using Java 22.0.2 with PID 3260 (C:\Users\jitsk\Documents\Semester 2\Fullstack Java\Project\project-JitskeLenaerts\backend-java\PXL-Nieuwsartikelen\messaging-service\target\classes started by jitsk in C:\Users\jitsk\Documents\Semester 2\Fullstack Java\Project\project-JitskeLenaerts\backend-java\PXL-Nieuwsartikelen)
2024-12-15T19:50:24.196+0100 DEBUG              [main]                         be.pxl.services.MessagingServiceApplication - Running with Spring Boot v3.3.5, Spring v6.1.14
2024-12-15T19:50:24.196+0100 INFO               [main]                         be.pxl.services.MessagingServiceApplication - No active profile set, falling back to 1 default profile: "default"
2024-12-15T19:50:25.038+0100 INFO               [main]                         be.pxl.services.MessagingServiceApplication - Started MessagingServiceApplication in 1.131 seconds (process running for 1.44)
2024-12-15T19:50:29.606+0100 INFO               [main]                         be.pxl.services.PostServiceApplication - Starting PostServiceApplication using Java 22.0.2 with PID 36376 (C:\Users\jitsk\Documents\Semester 2\Fullstack Java\Project\project-JitskeLenaerts\backend-java\PXL-Nieuwsartikelen\post-service\target\classes started by jitsk in C:\Users\jitsk\Documents\Semester 2\Fullstack Java\Project\project-JitskeLenaerts\backend-java\PXL-Nieuwsartikelen)
2024-12-15T19:50:29.607+0100 DEBUG              [main]                         be.pxl.services.PostServiceApplication - Running with Spring Boot v3.3.5, Spring v6.1.14
2024-12-15T19:50:29.607+0100 INFO               [main]                         be.pxl.services.PostServiceApplication - No active profile set, falling back to 1 default profile: "default"
2024-12-15T19:50:32.008+0100 INFO               [main]                         be.pxl.services.PostServiceApplication - Started PostServiceApplication in 2.912 seconds (process running for 3.258)
2024-12-15T19:51:40.179+0100 INFO               [main]                         be.pxl.services.ConfigServiceApplication - Starting ConfigServiceApplication using Java 22.0.2 with PID 28856 (C:\Users\jitsk\Documents\Semester 2\Fullstack Java\Project\project-JitskeLenaerts\backend-java\PXL-Nieuwsartikelen\config-service\target\classes started by jitsk in C:\Users\jitsk\Documents\Semester 2\Fullstack Java\Project\project-JitskeLenaerts\backend-java\PXL-Nieuwsartikelen)
2024-12-15T19:51:40.180+0100 DEBUG              [main]                         be.pxl.services.ConfigServiceApplication - Running with Spring Boot v3.3.5, Spring v6.1.14
2024-12-15T19:51:40.180+0100 INFO               [main]                         be.pxl.services.ConfigServiceApplication - The following 1 profile is active: "native"
2024-12-15T19:51:41.084+0100 INFO               [main]                         be.pxl.services.ConfigServiceApplication - Started ConfigServiceApplication in 1.221 seconds (process running for 1.517)
2024-12-15T19:51:47.124+0100 INFO               [main]                         be.pxl.services.DiscoveryServiceApplication - Starting DiscoveryServiceApplication using Java 22.0.2 with PID 35972 (C:\Users\jitsk\Documents\Semester 2\Fullstack Java\Project\project-JitskeLenaerts\backend-java\PXL-Nieuwsartikelen\discovery-service\target\classes started by jitsk in C:\Users\jitsk\Documents\Semester 2\Fullstack Java\Project\project-JitskeLenaerts\backend-java\PXL-Nieuwsartikelen)
2024-12-15T19:51:47.125+0100 DEBUG              [main]                         be.pxl.services.DiscoveryServiceApplication - Running with Spring Boot v3.3.5, Spring v6.1.14
2024-12-15T19:51:47.125+0100 INFO               [main]                         be.pxl.services.DiscoveryServiceApplication - No active profile set, falling back to 1 default profile: "default"
2024-12-15T19:51:48.878+0100 INFO               [main]                         be.pxl.services.DiscoveryServiceApplication - Started DiscoveryServiceApplication in 2.356 seconds (process running for 2.702)
2024-12-15T19:51:53.648+0100 INFO               [main]                         be.pxl.services.GatewayServiceApplication - Starting GatewayServiceApplication using Java 22.0.2 with PID 22272 (C:\Users\jitsk\Documents\Semester 2\Fullstack Java\Project\project-JitskeLenaerts\backend-java\PXL-Nieuwsartikelen\gateway-service\target\classes started by jitsk in C:\Users\jitsk\Documents\Semester 2\Fullstack Java\Project\project-JitskeLenaerts\backend-java\PXL-Nieuwsartikelen)
2024-12-15T19:51:53.649+0100 DEBUG              [main]                         be.pxl.services.GatewayServiceApplication - Running with Spring Boot v3.3.5, Spring v6.1.14
2024-12-15T19:51:53.649+0100 INFO               [main]                         be.pxl.services.GatewayServiceApplication - No active profile set, falling back to 1 default profile: "default"
2024-12-15T19:51:54.999+0100 INFO               [main]                         be.pxl.services.GatewayServiceApplication - Started GatewayServiceApplication in 1.88 seconds (process running for 2.195)
2024-12-15T19:52:02.436+0100 INFO               [main]                         be.pxl.services.NotificationServiceApplication - Starting NotificationServiceApplication using Java 22.0.2 with PID 35616 (C:\Users\jitsk\Documents\Semester 2\Fullstack Java\Project\project-JitskeLenaerts\backend-java\PXL-Nieuwsartikelen\notification-service\target\classes started by jitsk in C:\Users\jitsk\Documents\Semester 2\Fullstack Java\Project\project-JitskeLenaerts\backend-java\PXL-Nieuwsartikelen)
2024-12-15T19:52:02.437+0100 DEBUG              [main]                         be.pxl.services.NotificationServiceApplication - Running with Spring Boot v3.3.5, Spring v6.1.14
2024-12-15T19:52:02.437+0100 INFO               [main]                         be.pxl.services.NotificationServiceApplication - No active profile set, falling back to 1 default profile: "default"
2024-12-15T19:52:03.461+0100 INFO               [main]                         be.pxl.services.NotificationServiceApplication - Started NotificationServiceApplication in 1.53 seconds (process running for 1.842)
2024-12-15T19:52:11.214+0100 INFO               [main]                         be.pxl.services.MessagingServiceApplication - Starting MessagingServiceApplication using Java 22.0.2 with PID 38656 (C:\Users\jitsk\Documents\Semester 2\Fullstack Java\Project\project-JitskeLenaerts\backend-java\PXL-Nieuwsartikelen\messaging-service\target\classes started by jitsk in C:\Users\jitsk\Documents\Semester 2\Fullstack Java\Project\project-JitskeLenaerts\backend-java\PXL-Nieuwsartikelen)
2024-12-15T19:52:11.214+0100 DEBUG              [main]                         be.pxl.services.MessagingServiceApplication - Running with Spring Boot v3.3.5, Spring v6.1.14
2024-12-15T19:52:11.215+0100 INFO               [main]                         be.pxl.services.MessagingServiceApplication - No active profile set, falling back to 1 default profile: "default"
2024-12-15T19:52:12.051+0100 INFO               [main]                         be.pxl.services.MessagingServiceApplication - Started MessagingServiceApplication in 1.134 seconds (process running for 1.427)
2024-12-15T19:52:18.397+0100 INFO               [main]                         be.pxl.services.PostServiceApplication - Starting PostServiceApplication using Java 22.0.2 with PID 20060 (C:\Users\jitsk\Documents\Semester 2\Fullstack Java\Project\project-JitskeLenaerts\backend-java\PXL-Nieuwsartikelen\post-service\target\classes started by jitsk in C:\Users\jitsk\Documents\Semester 2\Fullstack Java\Project\project-JitskeLenaerts\backend-java\PXL-Nieuwsartikelen)
2024-12-15T19:52:18.397+0100 DEBUG              [main]                         be.pxl.services.PostServiceApplication - Running with Spring Boot v3.3.5, Spring v6.1.14
2024-12-15T19:52:18.398+0100 INFO               [main]                         be.pxl.services.PostServiceApplication - No active profile set, falling back to 1 default profile: "default"
2024-12-15T19:52:20.826+0100 INFO               [main]                         be.pxl.services.PostServiceApplication - Started PostServiceApplication in 2.935 seconds (process running for 3.251)
2024-12-15T19:53:10.234+0100 INFO               [main]                         be.pxl.services.GatewayServiceApplication - Starting GatewayServiceApplication using Java 22.0.2 with PID 37456 (C:\Users\jitsk\Documents\Semester 2\Fullstack Java\Project\project-JitskeLenaerts\backend-java\PXL-Nieuwsartikelen\gateway-service\target\classes started by jitsk in C:\Users\jitsk\Documents\Semester 2\Fullstack Java\Project\project-JitskeLenaerts\backend-java\PXL-Nieuwsartikelen)
2024-12-15T19:53:10.234+0100 DEBUG              [main]                         be.pxl.services.GatewayServiceApplication - Running with Spring Boot v3.3.5, Spring v6.1.14
2024-12-15T19:53:10.234+0100 INFO               [main]                         be.pxl.services.GatewayServiceApplication - No active profile set, falling back to 1 default profile: "default"
2024-12-15T19:53:11.487+0100 INFO               [main]                         be.pxl.services.GatewayServiceApplication - Started GatewayServiceApplication in 1.76 seconds (process running for 2.077)
2024-12-15T19:53:37.869+0100 INFO               [http-nio-8081-exec-2]         be.pxl.services.services.PostService - Fetching all my personal posts
2024-12-15T19:53:37.944+0100 INFO               [http-nio-8081-exec-2]         be.pxl.services.services.PostService - Mapping post to post response
2024-12-15T19:53:37.944+0100 INFO               [http-nio-8081-exec-2]         be.pxl.services.services.PostService - Mapping post to post response
2024-12-15T19:53:37.944+0100 INFO               [http-nio-8081-exec-2]         be.pxl.services.controller.PostController - Fetching all personal posts
2024-12-15T19:53:40.682+0100 INFO               [http-nio-8081-exec-3]         be.pxl.services.services.PostService - Mapping post request to post
2024-12-15T19:59:52.431+0100 INFO               [main]                         be.pxl.services.ConfigServiceApplication - Starting ConfigServiceApplication using Java 22.0.2 with PID 7820 (C:\Users\jitsk\Documents\Semester 2\Fullstack Java\Project\project-JitskeLenaerts\backend-java\PXL-Nieuwsartikelen\config-service\target\classes started by jitsk in C:\Users\jitsk\Documents\Semester 2\Fullstack Java\Project\project-JitskeLenaerts\backend-java\PXL-Nieuwsartikelen)
2024-12-15T19:59:52.432+0100 DEBUG              [main]                         be.pxl.services.ConfigServiceApplication - Running with Spring Boot v3.3.5, Spring v6.1.14
2024-12-15T19:59:52.432+0100 INFO               [main]                         be.pxl.services.ConfigServiceApplication - The following 1 profile is active: "native"
2024-12-15T19:59:53.315+0100 INFO               [main]                         be.pxl.services.ConfigServiceApplication - Started ConfigServiceApplication in 1.193 seconds (process running for 1.488)
2024-12-15T20:00:18.603+0100 INFO               [main]                         be.pxl.services.DiscoveryServiceApplication - Starting DiscoveryServiceApplication using Java 22.0.2 with PID 6428 (C:\Users\jitsk\Documents\Semester 2\Fullstack Java\Project\project-JitskeLenaerts\backend-java\PXL-Nieuwsartikelen\discovery-service\target\classes started by jitsk in C:\Users\jitsk\Documents\Semester 2\Fullstack Java\Project\project-JitskeLenaerts\backend-java\PXL-Nieuwsartikelen)
2024-12-15T20:00:18.604+0100 DEBUG              [main]                         be.pxl.services.DiscoveryServiceApplication - Running with Spring Boot v3.3.5, Spring v6.1.14
2024-12-15T20:00:18.604+0100 INFO               [main]                         be.pxl.services.DiscoveryServiceApplication - No active profile set, falling back to 1 default profile: "default"
2024-12-15T20:00:20.347+0100 INFO               [main]                         be.pxl.services.DiscoveryServiceApplication - Started DiscoveryServiceApplication in 2.343 seconds (process running for 2.667)
2024-12-15T20:00:24.439+0100 INFO               [main]                         be.pxl.services.GatewayServiceApplication - Starting GatewayServiceApplication using Java 22.0.2 with PID 23584 (C:\Users\jitsk\Documents\Semester 2\Fullstack Java\Project\project-JitskeLenaerts\backend-java\PXL-Nieuwsartikelen\gateway-service\target\classes started by jitsk in C:\Users\jitsk\Documents\Semester 2\Fullstack Java\Project\project-JitskeLenaerts\backend-java\PXL-Nieuwsartikelen)
2024-12-15T20:00:24.439+0100 DEBUG              [main]                         be.pxl.services.GatewayServiceApplication - Running with Spring Boot v3.3.5, Spring v6.1.14
2024-12-15T20:00:24.440+0100 INFO               [main]                         be.pxl.services.GatewayServiceApplication - No active profile set, falling back to 1 default profile: "default"
2024-12-15T20:00:25.783+0100 INFO               [main]                         be.pxl.services.GatewayServiceApplication - Started GatewayServiceApplication in 1.866 seconds (process running for 2.227)
2024-12-15T20:00:30.025+0100 INFO               [main]                         be.pxl.services.NotificationServiceApplication - Starting NotificationServiceApplication using Java 22.0.2 with PID 32468 (C:\Users\jitsk\Documents\Semester 2\Fullstack Java\Project\project-JitskeLenaerts\backend-java\PXL-Nieuwsartikelen\notification-service\target\classes started by jitsk in C:\Users\jitsk\Documents\Semester 2\Fullstack Java\Project\project-JitskeLenaerts\backend-java\PXL-Nieuwsartikelen)
2024-12-15T20:00:30.025+0100 DEBUG              [main]                         be.pxl.services.NotificationServiceApplication - Running with Spring Boot v3.3.5, Spring v6.1.14
2024-12-15T20:00:30.026+0100 INFO               [main]                         be.pxl.services.NotificationServiceApplication - No active profile set, falling back to 1 default profile: "default"
2024-12-15T20:00:31.078+0100 INFO               [main]                         be.pxl.services.NotificationServiceApplication - Started NotificationServiceApplication in 1.554 seconds (process running for 1.863)
2024-12-15T20:00:34.609+0100 INFO               [main]                         be.pxl.services.MessagingServiceApplication - Starting MessagingServiceApplication using Java 22.0.2 with PID 9316 (C:\Users\jitsk\Documents\Semester 2\Fullstack Java\Project\project-JitskeLenaerts\backend-java\PXL-Nieuwsartikelen\messaging-service\target\classes started by jitsk in C:\Users\jitsk\Documents\Semester 2\Fullstack Java\Project\project-JitskeLenaerts\backend-java\PXL-Nieuwsartikelen)
2024-12-15T20:00:34.610+0100 DEBUG              [main]                         be.pxl.services.MessagingServiceApplication - Running with Spring Boot v3.3.5, Spring v6.1.14
2024-12-15T20:00:34.611+0100 INFO               [main]                         be.pxl.services.MessagingServiceApplication - No active profile set, falling back to 1 default profile: "default"
2024-12-15T20:00:35.406+0100 INFO               [main]                         be.pxl.services.MessagingServiceApplication - Started MessagingServiceApplication in 1.074 seconds (process running for 1.351)
2024-12-15T20:00:41.777+0100 INFO               [main]                         be.pxl.services.PostServiceApplication - Starting PostServiceApplication using Java 22.0.2 with PID 31468 (C:\Users\jitsk\Documents\Semester 2\Fullstack Java\Project\project-JitskeLenaerts\backend-java\PXL-Nieuwsartikelen\post-service\target\classes started by jitsk in C:\Users\jitsk\Documents\Semester 2\Fullstack Java\Project\project-JitskeLenaerts\backend-java\PXL-Nieuwsartikelen)
2024-12-15T20:00:41.777+0100 DEBUG              [main]                         be.pxl.services.PostServiceApplication - Running with Spring Boot v3.3.5, Spring v6.1.14
2024-12-15T20:00:41.778+0100 INFO               [main]                         be.pxl.services.PostServiceApplication - No active profile set, falling back to 1 default profile: "default"
2024-12-15T20:00:44.372+0100 INFO               [main]                         be.pxl.services.PostServiceApplication - Started PostServiceApplication in 3.111 seconds (process running for 3.446)
2024-12-15T20:01:43.527+0100 INFO               [http-nio-8081-exec-1]         be.pxl.services.services.PostService - Fetching all my personal posts
2024-12-15T20:01:43.622+0100 INFO               [http-nio-8081-exec-1]         be.pxl.services.services.PostService - Mapping post to post response
2024-12-15T20:01:43.622+0100 INFO               [http-nio-8081-exec-1]         be.pxl.services.services.PostService - Mapping post to post response
2024-12-15T20:01:43.622+0100 INFO               [http-nio-8081-exec-1]         be.pxl.services.controller.PostController - Fetching all personal posts
2024-12-15T20:01:46.064+0100 INFO               [http-nio-8081-exec-2]         be.pxl.services.services.PostService - Mapping post request to post
2024-12-15T20:01:46.199+0100 INFO               [http-nio-8084-exec-1]         be.pxl.services.service.NotificationService - Receiving notification...
2024-12-15T20:01:46.199+0100 INFO               [http-nio-8084-exec-1]         be.pxl.services.service.NotificationService - Sending ... Post created
2024-12-15T20:01:46.199+0100 INFO               [http-nio-8084-exec-1]         be.pxl.services.service.NotificationService - TO gebruiker
2024-12-15T20:01:46.201+0100 INFO               [http-nio-8081-exec-2]         be.pxl.services.services.PostService - Post created
2024-12-15T20:01:46.202+0100 INFO               [http-nio-8081-exec-2]         be.pxl.services.services.PostService - Mapping post to post response
2024-12-15T20:01:46.202+0100 INFO               [http-nio-8081-exec-2]         be.pxl.services.controller.PostController - Creating new post
2024-12-15T20:04:02.628+0100 INFO               [http-nio-8081-exec-4]         be.pxl.services.services.PostService - Fetching all published posts
2024-12-15T20:04:02.634+0100 INFO               [http-nio-8081-exec-4]         be.pxl.services.services.PostService - Mapping post to post response
2024-12-15T20:04:02.634+0100 INFO               [http-nio-8081-exec-4]         be.pxl.services.controller.PostController - Fetching all published posts
2024-12-15T20:04:45.728+0100 INFO               [http-nio-8081-exec-5]         be.pxl.services.services.PostService - Mapping post request to post
2024-12-15T20:04:45.742+0100 INFO               [http-nio-8084-exec-3]         be.pxl.services.service.NotificationService - Receiving notification...
2024-12-15T20:04:45.742+0100 INFO               [http-nio-8084-exec-3]         be.pxl.services.service.NotificationService - Sending ... Post created
2024-12-15T20:04:45.742+0100 INFO               [http-nio-8084-exec-3]         be.pxl.services.service.NotificationService - TO redacteur
2024-12-15T20:04:45.743+0100 INFO               [http-nio-8081-exec-5]         be.pxl.services.services.PostService - Post created
2024-12-15T20:04:45.743+0100 INFO               [http-nio-8081-exec-5]         be.pxl.services.services.PostService - Mapping post to post response
2024-12-15T20:04:45.743+0100 INFO               [http-nio-8081-exec-5]         be.pxl.services.controller.PostController - Creating new post
2024-12-15T20:05:00.550+0100 INFO               [http-nio-8081-exec-6]         be.pxl.services.services.PostService - Fetching all concept posts
2024-12-15T20:05:00.556+0100 INFO               [http-nio-8081-exec-6]         be.pxl.services.services.PostService - Mapping post to post response
2024-12-15T20:05:00.556+0100 INFO               [http-nio-8081-exec-6]         be.pxl.services.services.PostService - Mapping post to post response
2024-12-15T20:05:00.556+0100 INFO               [http-nio-8081-exec-6]         be.pxl.services.services.PostService - Mapping post to post response
2024-12-15T20:05:00.556+0100 INFO               [http-nio-8081-exec-6]         be.pxl.services.services.PostService - Mapping post to post response
2024-12-15T20:05:00.556+0100 INFO               [http-nio-8081-exec-6]         be.pxl.services.controller.PostController - Fetching all concept posts
2024-12-15T20:05:04.764+0100 INFO               [http-nio-8081-exec-7]         be.pxl.services.services.PostService - Fetching specific post with id 503
2024-12-15T20:05:04.765+0100 INFO               [http-nio-8081-exec-7]         be.pxl.services.services.PostService - Mapping post to post response
2024-12-15T20:05:04.765+0100 INFO               [http-nio-8081-exec-7]         be.pxl.services.controller.PostController - Fetching specific post with id 503
2024-12-15T20:06:04.471+0100 INFO               [http-nio-8081-exec-8]         be.pxl.services.services.PostService - Fetching specific post with id 503
2024-12-15T20:06:04.471+0100 INFO               [http-nio-8081-exec-8]         be.pxl.services.services.PostService - Mapping post to post response
2024-12-15T20:06:04.471+0100 INFO               [http-nio-8081-exec-8]         be.pxl.services.controller.PostController - Fetching specific post with id 503
2024-12-15T20:06:13.887+0100 INFO               [http-nio-8081-exec-9]         be.pxl.services.services.PostService - Fetching specific post with id 503
2024-12-15T20:06:13.887+0100 INFO               [http-nio-8081-exec-9]         be.pxl.services.services.PostService - Mapping post to post response
2024-12-15T20:06:13.887+0100 INFO               [http-nio-8081-exec-9]         be.pxl.services.controller.PostController - Fetching specific post with id 503
2024-12-15T20:06:22.105+0100 INFO               [http-nio-8081-exec-10]        be.pxl.services.services.PostService - Fetching specific post with id 503
2024-12-15T20:06:22.106+0100 INFO               [http-nio-8081-exec-10]        be.pxl.services.services.PostService - Mapping post to post response
2024-12-15T20:06:22.106+0100 INFO               [http-nio-8081-exec-10]        be.pxl.services.controller.PostController - Fetching specific post with id 503
2024-12-15T20:06:26.171+0100 INFO               [http-nio-8081-exec-1]         be.pxl.services.services.PostService - Fetching specific post with id 503
2024-12-15T20:06:26.171+0100 INFO               [http-nio-8081-exec-1]         be.pxl.services.services.PostService - Mapping post to post response
2024-12-15T20:06:26.171+0100 INFO               [http-nio-8081-exec-1]         be.pxl.services.controller.PostController - Fetching specific post with id 503
2024-12-15T20:06:28.885+0100 INFO               [http-nio-8081-exec-2]         be.pxl.services.services.PostService - Fetching specific post with id 503
2024-12-15T20:06:28.885+0100 INFO               [http-nio-8081-exec-2]         be.pxl.services.services.PostService - Mapping post to post response
2024-12-15T20:06:28.885+0100 INFO               [http-nio-8081-exec-2]         be.pxl.services.controller.PostController - Fetching specific post with id 503
2024-12-15T20:06:31.633+0100 INFO               [http-nio-8081-exec-3]         be.pxl.services.services.PostService - Fetching specific post with id 503
2024-12-15T20:06:31.633+0100 INFO               [http-nio-8081-exec-3]         be.pxl.services.services.PostService - Mapping post to post response
2024-12-15T20:06:31.633+0100 INFO               [http-nio-8081-exec-3]         be.pxl.services.controller.PostController - Fetching specific post with id 503
2024-12-15T20:06:58.170+0100 INFO               [http-nio-8081-exec-4]         be.pxl.services.services.PostService - Fetching specific post with id 503
2024-12-15T20:06:58.171+0100 INFO               [http-nio-8081-exec-4]         be.pxl.services.services.PostService - Mapping post to post response
2024-12-15T20:06:58.171+0100 INFO               [http-nio-8081-exec-4]         be.pxl.services.controller.PostController - Fetching specific post with id 503
2024-12-15T20:07:21.176+0100 INFO               [http-nio-8081-exec-5]         be.pxl.services.services.PostService - Fetching specific post with id 503
2024-12-15T20:07:21.176+0100 INFO               [http-nio-8081-exec-5]         be.pxl.services.services.PostService - Mapping post to post response
2024-12-15T20:07:21.176+0100 INFO               [http-nio-8081-exec-5]         be.pxl.services.controller.PostController - Fetching specific post with id 503
2024-12-15T20:07:32.175+0100 INFO               [http-nio-8081-exec-6]         be.pxl.services.services.PostService - Fetching specific post with id 503
2024-12-15T20:07:32.175+0100 INFO               [http-nio-8081-exec-6]         be.pxl.services.services.PostService - Mapping post to post response
2024-12-15T20:07:32.175+0100 INFO               [http-nio-8081-exec-6]         be.pxl.services.controller.PostController - Fetching specific post with id 503
2024-12-15T20:07:36.167+0100 INFO               [http-nio-8081-exec-7]         be.pxl.services.services.PostService - Fetching specific post with id 503
2024-12-15T20:07:36.167+0100 INFO               [http-nio-8081-exec-7]         be.pxl.services.services.PostService - Mapping post to post response
2024-12-15T20:07:36.167+0100 INFO               [http-nio-8081-exec-7]         be.pxl.services.controller.PostController - Fetching specific post with id 503
2024-12-15T20:07:37.134+0100 INFO               [http-nio-8081-exec-8]         be.pxl.services.services.PostService - Fetching specific post with id 503
2024-12-15T20:07:37.134+0100 INFO               [http-nio-8081-exec-8]         be.pxl.services.services.PostService - Mapping post to post response
2024-12-15T20:07:37.134+0100 INFO               [http-nio-8081-exec-8]         be.pxl.services.controller.PostController - Fetching specific post with id 503
2024-12-15T20:07:38.375+0100 INFO               [http-nio-8081-exec-9]         be.pxl.services.services.PostService - Fetching specific post with id 503
2024-12-15T20:07:38.375+0100 INFO               [http-nio-8081-exec-9]         be.pxl.services.services.PostService - Mapping post to post response
2024-12-15T20:07:38.375+0100 INFO               [http-nio-8081-exec-9]         be.pxl.services.controller.PostController - Fetching specific post with id 503
2024-12-15T20:08:37.255+0100 INFO               [http-nio-8081-exec-10]        be.pxl.services.services.PostService - Fetching all published posts
2024-12-15T20:08:37.263+0100 INFO               [http-nio-8081-exec-10]        be.pxl.services.services.PostService - Mapping post to post response
2024-12-15T20:08:37.263+0100 INFO               [http-nio-8081-exec-10]        be.pxl.services.controller.PostController - Fetching all published posts
