2024-12-19T11:20:17.506+0100 INFO               [main]                         be.pxl.services.ConfigServiceApplication - Starting ConfigServiceApplication using Java 22.0.2 with PID 23648 (C:\Users\jitsk\Documents\Semester 2\Fullstack Java\Project\project-JitskeLenaerts\backend-java\PXL-Nieuwsartikelen\config-service\target\classes started by jitsk in C:\Users\jitsk\Documents\Semester 2\Fullstack Java\Project\project-JitskeLenaerts\backend-java\PXL-Nieuwsartikelen)
2024-12-19T11:20:17.511+0100 DEBUG              [main]                         be.pxl.services.ConfigServiceApplication - Running with Spring Boot v3.3.5, Spring v6.1.14
2024-12-19T11:20:17.512+0100 INFO               [main]                         be.pxl.services.ConfigServiceApplication - The following 1 profile is active: "native"
2024-12-19T11:20:18.527+0100 INFO               [main]                         be.pxl.services.ConfigServiceApplication - Started ConfigServiceApplication in 1.361 seconds (process running for 3.037)
2024-12-19T11:24:34.709+0100 INFO               [main]                         be.pxl.services.DiscoveryServiceApplication - Starting DiscoveryServiceApplication using Java 22.0.2 with PID 29536 (C:\Users\jitsk\Documents\Semester 2\Fullstack Java\Project\project-JitskeLenaerts\backend-java\PXL-Nieuwsartikelen\discovery-service\target\classes started by jitsk in C:\Users\jitsk\Documents\Semester 2\Fullstack Java\Project\project-JitskeLenaerts\backend-java\PXL-Nieuwsartikelen)
2024-12-19T11:24:34.710+0100 DEBUG              [main]                         be.pxl.services.DiscoveryServiceApplication - Running with Spring Boot v3.3.5, Spring v6.1.14
2024-12-19T11:24:34.710+0100 INFO               [main]                         be.pxl.services.DiscoveryServiceApplication - No active profile set, falling back to 1 default profile: "default"
2024-12-19T11:24:36.909+0100 INFO               [main]                         be.pxl.services.DiscoveryServiceApplication - Started DiscoveryServiceApplication in 2.813 seconds (process running for 5.112)
2024-12-19T11:26:13.822+0100 INFO               [main]                         be.pxl.services.GatewayServiceApplication - Starting GatewayServiceApplication using Java 22.0.2 with PID 26700 (C:\Users\jitsk\Documents\Semester 2\Fullstack Java\Project\project-JitskeLenaerts\backend-java\PXL-Nieuwsartikelen\gateway-service\target\classes started by jitsk in C:\Users\jitsk\Documents\Semester 2\Fullstack Java\Project\project-JitskeLenaerts\backend-java\PXL-Nieuwsartikelen)
2024-12-19T11:26:13.822+0100 DEBUG              [main]                         be.pxl.services.GatewayServiceApplication - Running with Spring Boot v3.3.5, Spring v6.1.14
2024-12-19T11:26:13.823+0100 INFO               [main]                         be.pxl.services.GatewayServiceApplication - No active profile set, falling back to 1 default profile: "default"
2024-12-19T11:26:15.181+0100 INFO               [main]                         be.pxl.services.GatewayServiceApplication - Started GatewayServiceApplication in 1.843 seconds (process running for 2.903)
2024-12-19T11:26:19.182+0100 INFO               [main]                         be.pxl.services.NotificationServiceApplication - Starting NotificationServiceApplication using Java 22.0.2 with PID 31868 (C:\Users\jitsk\Documents\Semester 2\Fullstack Java\Project\project-JitskeLenaerts\backend-java\PXL-Nieuwsartikelen\notification-service\target\classes started by jitsk in C:\Users\jitsk\Documents\Semester 2\Fullstack Java\Project\project-JitskeLenaerts\backend-java\PXL-Nieuwsartikelen)
2024-12-19T11:26:19.183+0100 DEBUG              [main]                         be.pxl.services.NotificationServiceApplication - Running with Spring Boot v3.3.5, Spring v6.1.14
2024-12-19T11:26:19.183+0100 INFO               [main]                         be.pxl.services.NotificationServiceApplication - No active profile set, falling back to 1 default profile: "default"
2024-12-19T11:26:20.203+0100 INFO               [main]                         be.pxl.services.NotificationServiceApplication - Started NotificationServiceApplication in 1.504 seconds (process running for 1.812)
2024-12-19T11:26:25.301+0100 INFO               [main]                         be.pxl.services.PostServiceApplication - Starting PostServiceApplication using Java 22.0.2 with PID 14936 (C:\Users\jitsk\Documents\Semester 2\Fullstack Java\Project\project-JitskeLenaerts\backend-java\PXL-Nieuwsartikelen\post-service\target\classes started by jitsk in C:\Users\jitsk\Documents\Semester 2\Fullstack Java\Project\project-JitskeLenaerts\backend-java\PXL-Nieuwsartikelen)
2024-12-19T11:26:25.302+0100 DEBUG              [main]                         be.pxl.services.PostServiceApplication - Running with Spring Boot v3.3.5, Spring v6.1.14
2024-12-19T11:26:25.303+0100 INFO               [main]                         be.pxl.services.PostServiceApplication - No active profile set, falling back to 1 default profile: "default"
2024-12-19T11:26:28.160+0100 INFO               [main]                         be.pxl.services.PostServiceApplication - Started PostServiceApplication in 3.344 seconds (process running for 4.361)
2024-12-19T11:26:32.674+0100 INFO               [main]                         be.pxl.services.ReviewServiceApplication - Starting ReviewServiceApplication using Java 22.0.2 with PID 16368 (C:\Users\jitsk\Documents\Semester 2\Fullstack Java\Project\project-JitskeLenaerts\backend-java\PXL-Nieuwsartikelen\review-service\target\classes started by jitsk in C:\Users\jitsk\Documents\Semester 2\Fullstack Java\Project\project-JitskeLenaerts\backend-java\PXL-Nieuwsartikelen)
2024-12-19T11:26:32.675+0100 DEBUG              [main]                         be.pxl.services.ReviewServiceApplication - Running with Spring Boot v3.3.5, Spring v6.1.14
2024-12-19T11:26:32.676+0100 INFO               [main]                         be.pxl.services.ReviewServiceApplication - No active profile set, falling back to 1 default profile: "default"
2024-12-19T11:26:35.069+0100 INFO               [main]                         be.pxl.services.ReviewServiceApplication - Started ReviewServiceApplication in 2.874 seconds (process running for 3.191)
2024-12-19T11:34:06.841+0100 INFO               [http-nio-8081-exec-1]         be.pxl.services.controller.PostController - Handling request [GET] /api/post/state/SUBMITTED
2024-12-19T11:34:39.547+0100 INFO               [http-nio-8081-exec-2]         be.pxl.services.controller.PostController - Calling endpoint [GET] /api/post
2024-12-19T11:34:39.567+0100 INFO               [http-nio-8081-exec-2]         be.pxl.services.services.PostService - Mapping post to post response
2024-12-19T11:34:39.592+0100 INFO               [http-nio-8081-exec-3]         be.pxl.services.services.PostService - Mapping post request to post
2024-12-19T11:34:39.759+0100 INFO               [http-nio-8084-exec-1]         be.pxl.services.service.NotificationService - Receiving notification...
2024-12-19T11:34:39.759+0100 INFO               [http-nio-8084-exec-1]         be.pxl.services.service.NotificationService - Sending ... Post created
2024-12-19T11:34:39.759+0100 INFO               [http-nio-8084-exec-1]         be.pxl.services.service.NotificationService - TO gebruiker1
2024-12-19T11:34:39.762+0100 INFO               [http-nio-8081-exec-3]         be.pxl.services.services.PostService - Post created
2024-12-19T11:34:39.762+0100 INFO               [http-nio-8081-exec-3]         be.pxl.services.services.PostService - Mapping post to post response
2024-12-19T11:34:39.762+0100 INFO               [http-nio-8081-exec-3]         be.pxl.services.controller.PostController - Creating new post
2024-12-19T11:34:45.424+0100 INFO               [http-nio-8081-exec-4]         be.pxl.services.controller.PostController - Handling request [GET] /api/post/state/SUBMITTED
2024-12-19T11:34:45.428+0100 INFO               [http-nio-8081-exec-4]         be.pxl.services.services.PostService - Mapping post to post response
2024-12-19T11:34:51.469+0100 INFO               [http-nio-8081-exec-5]         be.pxl.services.services.PostService - Fetching specific post with id 2
2024-12-19T11:34:51.469+0100 INFO               [http-nio-8081-exec-5]         be.pxl.services.services.PostService - Mapping post to post response
2024-12-19T11:34:51.469+0100 INFO               [http-nio-8081-exec-5]         be.pxl.services.controller.PostController - Fetching specific post with id 2
2024-12-19T11:34:51.515+0100 INFO               [http-nio-8082-exec-1]         be.pxl.services.services.ReviewService - Post with ID 2 rejected by reviewer Gebruiker Gevens (ID 1).
2024-12-19T11:34:51.576+0100 INFO               [http-nio-8082-exec-1]         be.pxl.services.services.ReviewService - Review for post ID 2 saved to repository.
2024-12-19T11:34:51.576+0100 INFO               [http-nio-8082-exec-1]         be.pxl.services.controller.ReviewController - Post ID 2 rejected by reviewer Gebruiker Gevens (ID 1).
2024-12-19T11:34:55.452+0100 INFO               [http-nio-8081-exec-6]         be.pxl.services.controller.PostController - Handling request [GET] /api/post/state/REJECTED
2024-12-19T11:34:55.457+0100 INFO               [http-nio-8081-exec-6]         be.pxl.services.services.PostService - Mapping post to post response
2024-12-19T11:34:55.457+0100 INFO               [http-nio-8081-exec-6]         be.pxl.services.services.PostService - Mapping post to post response
2024-12-19T11:35:01.309+0100 INFO               [http-nio-8082-exec-2]         be.pxl.services.controller.ReviewController - Fetching reviews for post ID 2.
2024-12-19T11:35:01.375+0100 INFO               [http-nio-8082-exec-2]         be.pxl.services.services.ReviewService - Retrieved 1 reviews for post ID 2.
2024-12-19T11:37:52.711+0100 INFO               [http-nio-8081-exec-9]         be.pxl.services.controller.PostController - Handling request [GET] /api/post/state/REJECTED
2024-12-19T11:37:52.715+0100 INFO               [http-nio-8081-exec-9]         be.pxl.services.services.PostService - Mapping post to post response
2024-12-19T11:37:52.715+0100 INFO               [http-nio-8081-exec-9]         be.pxl.services.services.PostService - Mapping post to post response
2024-12-19T11:54:57.031+0100 INFO               [SpringApplicationShutdownHook] be.pxl.services.services.PostService - Cleaning up RabbitMQ connections before shutdown.
2024-12-19T11:54:59.092+0100 INFO               [main]                         be.pxl.services.ConfigServiceApplication - Starting ConfigServiceApplication using Java 22.0.2 with PID 33320 (C:\Users\jitsk\Documents\Semester 2\Fullstack Java\Project\project-JitskeLenaerts\backend-java\PXL-Nieuwsartikelen\config-service\target\classes started by jitsk in C:\Users\jitsk\Documents\Semester 2\Fullstack Java\Project\project-JitskeLenaerts\backend-java\PXL-Nieuwsartikelen)
2024-12-19T11:54:59.093+0100 DEBUG              [main]                         be.pxl.services.ConfigServiceApplication - Running with Spring Boot v3.3.5, Spring v6.1.14
2024-12-19T11:54:59.093+0100 INFO               [main]                         be.pxl.services.ConfigServiceApplication - The following 1 profile is active: "native"
2024-12-19T11:55:00.128+0100 INFO               [main]                         be.pxl.services.DiscoveryServiceApplication - Starting DiscoveryServiceApplication using Java 22.0.2 with PID 14108 (C:\Users\jitsk\Documents\Semester 2\Fullstack Java\Project\project-JitskeLenaerts\backend-java\PXL-Nieuwsartikelen\discovery-service\target\classes started by jitsk in C:\Users\jitsk\Documents\Semester 2\Fullstack Java\Project\project-JitskeLenaerts\backend-java\PXL-Nieuwsartikelen)
2024-12-19T11:55:00.129+0100 DEBUG              [main]                         be.pxl.services.DiscoveryServiceApplication - Running with Spring Boot v3.3.5, Spring v6.1.14
2024-12-19T11:55:00.129+0100 INFO               [main]                         be.pxl.services.DiscoveryServiceApplication - No active profile set, falling back to 1 default profile: "default"
2024-12-19T11:55:00.262+0100 INFO               [main]                         be.pxl.services.ConfigServiceApplication - Started ConfigServiceApplication in 1.594 seconds (process running for 2.415)
2024-12-19T11:55:01.314+0100 INFO               [main]                         be.pxl.services.ReviewServiceApplication - Starting ReviewServiceApplication using Java 22.0.2 with PID 33184 (C:\Users\jitsk\Documents\Semester 2\Fullstack Java\Project\project-JitskeLenaerts\backend-java\PXL-Nieuwsartikelen\review-service\target\classes started by jitsk in C:\Users\jitsk\Documents\Semester 2\Fullstack Java\Project\project-JitskeLenaerts\backend-java\PXL-Nieuwsartikelen)
2024-12-19T11:55:01.315+0100 DEBUG              [main]                         be.pxl.services.ReviewServiceApplication - Running with Spring Boot v3.3.5, Spring v6.1.14
2024-12-19T11:55:01.315+0100 INFO               [main]                         be.pxl.services.ReviewServiceApplication - No active profile set, falling back to 1 default profile: "default"
2024-12-19T11:55:02.387+0100 INFO               [main]                         be.pxl.services.PostServiceApplication - Starting PostServiceApplication using Java 22.0.2 with PID 22276 (C:\Users\jitsk\Documents\Semester 2\Fullstack Java\Project\project-JitskeLenaerts\backend-java\PXL-Nieuwsartikelen\post-service\target\classes started by jitsk in C:\Users\jitsk\Documents\Semester 2\Fullstack Java\Project\project-JitskeLenaerts\backend-java\PXL-Nieuwsartikelen)
2024-12-19T11:55:02.388+0100 DEBUG              [main]                         be.pxl.services.PostServiceApplication - Running with Spring Boot v3.3.5, Spring v6.1.14
2024-12-19T11:55:02.388+0100 INFO               [main]                         be.pxl.services.PostServiceApplication - No active profile set, falling back to 1 default profile: "default"
2024-12-19T11:55:02.665+0100 INFO               [main]                         be.pxl.services.DiscoveryServiceApplication - Started DiscoveryServiceApplication in 3.217 seconds (process running for 3.841)
2024-12-19T11:55:03.614+0100 INFO               [main]                         be.pxl.services.GatewayServiceApplication - Starting GatewayServiceApplication using Java 22.0.2 with PID 24176 (C:\Users\jitsk\Documents\Semester 2\Fullstack Java\Project\project-JitskeLenaerts\backend-java\PXL-Nieuwsartikelen\gateway-service\target\classes started by jitsk in C:\Users\jitsk\Documents\Semester 2\Fullstack Java\Project\project-JitskeLenaerts\backend-java\PXL-Nieuwsartikelen)
2024-12-19T11:55:03.615+0100 DEBUG              [main]                         be.pxl.services.GatewayServiceApplication - Running with Spring Boot v3.3.5, Spring v6.1.14
2024-12-19T11:55:03.618+0100 INFO               [main]                         be.pxl.services.GatewayServiceApplication - No active profile set, falling back to 1 default profile: "default"
2024-12-19T11:55:04.597+0100 INFO               [main]                         be.pxl.services.NotificationServiceApplication - Starting NotificationServiceApplication using Java 22.0.2 with PID 22764 (C:\Users\jitsk\Documents\Semester 2\Fullstack Java\Project\project-JitskeLenaerts\backend-java\PXL-Nieuwsartikelen\notification-service\target\classes started by jitsk in C:\Users\jitsk\Documents\Semester 2\Fullstack Java\Project\project-JitskeLenaerts\backend-java\PXL-Nieuwsartikelen)
2024-12-19T11:55:04.598+0100 DEBUG              [main]                         be.pxl.services.NotificationServiceApplication - Running with Spring Boot v3.3.5, Spring v6.1.14
2024-12-19T11:55:04.598+0100 INFO               [main]                         be.pxl.services.NotificationServiceApplication - No active profile set, falling back to 1 default profile: "default"
2024-12-19T11:55:05.158+0100 INFO               [main]                         be.pxl.services.GatewayServiceApplication - Started GatewayServiceApplication in 2.211 seconds (process running for 2.874)
2024-12-19T11:55:05.847+0100 INFO               [main]                         be.pxl.services.NotificationServiceApplication - Started NotificationServiceApplication in 1.84 seconds (process running for 2.367)
