2025-01-09T14:08:03.397+0100 INFO               [main]                         be.pxl.services.GatewayServiceApplication - Starting GatewayServiceApplication using Java 22.0.2 with PID 3348 (C:\Users\jitsk\Documents\pxl\TIN\Semester 2\Fullstack Java\Project\project-JitskeLenaerts\backend-java\PXL-Nieuwsartikelen\gateway-service\target\classes started by jitsk in C:\Users\jitsk\Documents\pxl\TIN\Semester 2\Fullstack Java\Project\project-JitskeLenaerts\backend-java\PXL-Nieuwsartikelen)
2025-01-09T14:08:03.405+0100 DEBUG              [main]                         be.pxl.services.GatewayServiceApplication - Running with Spring Boot v3.3.5, Spring v6.1.14
2025-01-09T14:08:03.406+0100 INFO               [main]                         be.pxl.services.GatewayServiceApplication - No active profile set, falling back to 1 default profile: "default"
2025-01-09T14:08:11.238+0100 INFO               [main]                         be.pxl.services.GatewayServiceApplication - Started GatewayServiceApplication in 9.899 seconds (process running for 12.324)
2025-01-10T16:38:58.603+0100 INFO               [main]                         be.pxl.services.GatewayServiceApplication - Starting GatewayServiceApplication using Java 22.0.2 with PID 29580 (C:\Users\jitsk\Documents\Semester 2\Fullstack Java\Project\project-JitskeLenaerts\backend-java\PXL-Nieuwsartikelen\gateway-service\target\classes started by jitsk in C:\Users\jitsk\Documents\Semester 2\Fullstack Java\Project\project-JitskeLenaerts\backend-java\PXL-Nieuwsartikelen)
2025-01-10T16:38:58.604+0100 DEBUG              [main]                         be.pxl.services.GatewayServiceApplication - Running with Spring Boot v3.3.5, Spring v6.1.14
2025-01-10T16:38:58.604+0100 INFO               [main]                         be.pxl.services.GatewayServiceApplication - No active profile set, falling back to 1 default profile: "default"
2025-01-10T16:39:00.034+0100 INFO               [main]                         be.pxl.services.GatewayServiceApplication - Started GatewayServiceApplication in 1.914 seconds (process running for 2.839)
2025-01-14T15:50:13.383+0100 INFO               [main]                         be.pxl.services.GatewayServiceApplication - Starting GatewayServiceApplication using Java 22.0.2 with PID 37016 (C:\Users\jitsk\Documents\Semester 2\Fullstack Java\Project\project-JitskeLenaerts\backend-java\PXL-Nieuwsartikelen\gateway-service\target\classes started by jitsk in C:\Users\jitsk\Documents\Semester 2\Fullstack Java\Project\project-JitskeLenaerts\backend-java\PXL-Nieuwsartikelen)
2025-01-14T15:50:13.383+0100 DEBUG              [main]                         be.pxl.services.GatewayServiceApplication - Running with Spring Boot v3.3.5, Spring v6.1.14
2025-01-14T15:50:13.384+0100 INFO               [main]                         be.pxl.services.GatewayServiceApplication - No active profile set, falling back to 1 default profile: "default"
2025-01-14T15:50:14.672+0100 INFO               [main]                         be.pxl.services.GatewayServiceApplication - Started GatewayServiceApplication in 1.799 seconds (process running for 2.113)
2025-01-14T18:42:29.236+0100 INFO               [main]                         be.pxl.services.GatewayServiceApplication - Starting GatewayServiceApplication using Java 22.0.2 with PID 37592 (C:\Users\jitsk\Documents\Semester 2\Fullstack Java\Project\project-JitskeLenaerts\backend-java\PXL-Nieuwsartikelen\gateway-service\target\classes started by jitsk in C:\Users\jitsk\Documents\Semester 2\Fullstack Java\Project\project-JitskeLenaerts\backend-java\PXL-Nieuwsartikelen)
2025-01-14T18:42:29.237+0100 DEBUG              [main]                         be.pxl.services.GatewayServiceApplication - Running with Spring Boot v3.3.5, Spring v6.1.14
2025-01-14T18:42:29.237+0100 INFO               [main]                         be.pxl.services.GatewayServiceApplication - No active profile set, falling back to 1 default profile: "default"
2025-01-14T18:42:30.770+0100 INFO               [main]                         be.pxl.services.GatewayServiceApplication - Started GatewayServiceApplication in 2.115 seconds (process running for 2.478)
2025-01-14T19:08:33.846+0100 INFO               [main]                         be.pxl.services.GatewayServiceApplication - Starting GatewayServiceApplication using Java 22.0.2 with PID 25532 (C:\Users\jitsk\Documents\Semester 2\Fullstack Java\Project\project-JitskeLenaerts\backend-java\PXL-Nieuwsartikelen\gateway-service\target\classes started by jitsk in C:\Users\jitsk\Documents\Semester 2\Fullstack Java\Project\project-JitskeLenaerts\backend-java\PXL-Nieuwsartikelen)
2025-01-14T19:08:33.847+0100 DEBUG              [main]                         be.pxl.services.GatewayServiceApplication - Running with Spring Boot v3.3.5, Spring v6.1.14
2025-01-14T19:08:33.847+0100 INFO               [main]                         be.pxl.services.GatewayServiceApplication - No active profile set, falling back to 1 default profile: "default"
2025-01-14T19:08:35.253+0100 INFO               [main]                         be.pxl.services.GatewayServiceApplication - Started GatewayServiceApplication in 2.055 seconds (process running for 2.374)
2025-01-14T19:13:09.005+0100 INFO               [main]                         be.pxl.services.GatewayServiceApplication - Starting GatewayServiceApplication using Java 22.0.2 with PID 51452 (C:\Users\jitsk\Documents\Semester 2\Fullstack Java\Project\project-JitskeLenaerts\backend-java\PXL-Nieuwsartikelen\gateway-service\target\classes started by jitsk in C:\Users\jitsk\Documents\Semester 2\Fullstack Java\Project\project-JitskeLenaerts\backend-java\PXL-Nieuwsartikelen)
2025-01-14T19:13:09.005+0100 DEBUG              [main]                         be.pxl.services.GatewayServiceApplication - Running with Spring Boot v3.3.5, Spring v6.1.14
2025-01-14T19:13:09.006+0100 INFO               [main]                         be.pxl.services.GatewayServiceApplication - No active profile set, falling back to 1 default profile: "default"
2025-01-14T19:13:10.321+0100 INFO               [main]                         be.pxl.services.GatewayServiceApplication - Started GatewayServiceApplication in 1.863 seconds (process running for 2.192)
