2025-01-02T21:23:43.585+01:00  INFO 27116 --- [gateway-service] [main] o.s.c.c.c.ConfigServerConfigDataLoader   : Fetching config from server at : http://localhost:8088/
2025-01-02T21:23:43.585+01:00  INFO 27116 --- [gateway-service] [main] o.s.c.c.c.ConfigServerConfigDataLoader   : Located environment: name=gateway-service, profiles=[default], label=null, version=null, state=null
2025-01-02T21:23:43.960+01:00  INFO 27116 --- [gateway-service] [main] o.s.cloud.context.scope.GenericScope     : BeanFactory id=b5c52e21-8545-3453-9d4e-7c2eb7d1fc56
2025-01-02T21:23:43.998+01:00  WARN 27116 --- [gateway-service] [main] trationDelegate$BeanPostProcessorChecker : Bean 'org.springframework.cloud.client.loadbalancer.LoadBalancerAutoConfiguration$DeferringLoadBalancerInterceptorConfig' of type [org.springframework.cloud.client.loadbalancer.LoadBalancerAutoConfiguration$DeferringLoadBalancerInterceptorConfig] is not eligible for getting processed by all BeanPostProcessors (for example: not eligible for auto-proxying). The currently created BeanPostProcessor [lbRestClientPostProcessor] is declared through a non-static factory method on that class; consider declaring it as static instead.
2025-01-02T21:23:44.000+01:00  WARN 27116 --- [gateway-service] [main] trationDelegate$BeanPostProcessorChecker : Bean 'deferringLoadBalancerInterceptor' of type [org.springframework.cloud.client.loadbalancer.DeferringLoadBalancerInterceptor] is not eligible for getting processed by all BeanPostProcessors (for example: not eligible for auto-proxying). Is this bean getting eagerly injected/applied to a currently created BeanPostProcessor [lbRestClientPostProcessor]? Check the corresponding BeanPostProcessor declaration and its dependencies/advisors. If this bean does not have to be post-processed, declare it with ROLE_INFRASTRUCTURE.
2025-01-02T21:23:44.000+01:00  WARN 27116 --- [gateway-service] [main] trationDelegate$BeanPostProcessorChecker : Bean 'org.springframework.cloud.client.loadbalancer.reactive.LoadBalancerBeanPostProcessorAutoConfiguration' of type [org.springframework.cloud.client.loadbalancer.reactive.LoadBalancerBeanPostProcessorAutoConfiguration] is not eligible for getting processed by all BeanPostProcessors (for example: not eligible for auto-proxying). The currently created BeanPostProcessor [loadBalancerWebClientBuilderBeanPostProcessor] is declared through a non-static factory method on that class; consider declaring it as static instead.
2025-01-02T21:23:44.001+01:00  WARN 27116 --- [gateway-service] [main] trationDelegate$BeanPostProcessorChecker : Bean 'org.springframework.cloud.client.loadbalancer.reactive.LoadBalancerBeanPostProcessorAutoConfiguration$ReactorDeferringLoadBalancerFilterConfig' of type [org.springframework.cloud.client.loadbalancer.reactive.LoadBalancerBeanPostProcessorAutoConfiguration$ReactorDeferringLoadBalancerFilterConfig] is not eligible for getting processed by all BeanPostProcessors (for example: not eligible for auto-proxying). Is this bean getting eagerly injected/applied to a currently created BeanPostProcessor [loadBalancerWebClientBuilderBeanPostProcessor]? Check the corresponding BeanPostProcessor declaration and its dependencies/advisors. If this bean does not have to be post-processed, declare it with ROLE_INFRASTRUCTURE.
2025-01-02T21:23:44.001+01:00  WARN 27116 --- [gateway-service] [main] trationDelegate$BeanPostProcessorChecker : Bean 'reactorDeferringLoadBalancerExchangeFilterFunction' of type [org.springframework.cloud.client.loadbalancer.reactive.DeferringLoadBalancerExchangeFilterFunction] is not eligible for getting processed by all BeanPostProcessors (for example: not eligible for auto-proxying). Is this bean getting eagerly injected/applied to a currently created BeanPostProcessor [loadBalancerWebClientBuilderBeanPostProcessor]? Check the corresponding BeanPostProcessor declaration and its dependencies/advisors. If this bean does not have to be post-processed, declare it with ROLE_INFRASTRUCTURE.
2025-01-02T21:23:44.420+01:00  INFO 27116 --- [gateway-service] [main] o.s.c.g.r.RouteDefinitionRouteLocator    : Loaded RoutePredicateFactory [After]
2025-01-02T21:23:44.420+01:00  INFO 27116 --- [gateway-service] [main] o.s.c.g.r.RouteDefinitionRouteLocator    : Loaded RoutePredicateFactory [Before]
2025-01-02T21:23:44.420+01:00  INFO 27116 --- [gateway-service] [main] o.s.c.g.r.RouteDefinitionRouteLocator    : Loaded RoutePredicateFactory [Between]
2025-01-02T21:23:44.420+01:00  INFO 27116 --- [gateway-service] [main] o.s.c.g.r.RouteDefinitionRouteLocator    : Loaded RoutePredicateFactory [Cookie]
2025-01-02T21:23:44.420+01:00  INFO 27116 --- [gateway-service] [main] o.s.c.g.r.RouteDefinitionRouteLocator    : Loaded RoutePredicateFactory [Header]
2025-01-02T21:23:44.420+01:00  INFO 27116 --- [gateway-service] [main] o.s.c.g.r.RouteDefinitionRouteLocator    : Loaded RoutePredicateFactory [Host]
2025-01-02T21:23:44.420+01:00  INFO 27116 --- [gateway-service] [main] o.s.c.g.r.RouteDefinitionRouteLocator    : Loaded RoutePredicateFactory [Method]
2025-01-02T21:23:44.420+01:00  INFO 27116 --- [gateway-service] [main] o.s.c.g.r.RouteDefinitionRouteLocator    : Loaded RoutePredicateFactory [Path]
2025-01-02T21:23:44.420+01:00  INFO 27116 --- [gateway-service] [main] o.s.c.g.r.RouteDefinitionRouteLocator    : Loaded RoutePredicateFactory [Query]
2025-01-02T21:23:44.420+01:00  INFO 27116 --- [gateway-service] [main] o.s.c.g.r.RouteDefinitionRouteLocator    : Loaded RoutePredicateFactory [ReadBody]
2025-01-02T21:23:44.420+01:00  INFO 27116 --- [gateway-service] [main] o.s.c.g.r.RouteDefinitionRouteLocator    : Loaded RoutePredicateFactory [RemoteAddr]
2025-01-02T21:23:44.420+01:00  INFO 27116 --- [gateway-service] [main] o.s.c.g.r.RouteDefinitionRouteLocator    : Loaded RoutePredicateFactory [XForwardedRemoteAddr]
2025-01-02T21:23:44.420+01:00  INFO 27116 --- [gateway-service] [main] o.s.c.g.r.RouteDefinitionRouteLocator    : Loaded RoutePredicateFactory [Weight]
2025-01-02T21:23:44.420+01:00  INFO 27116 --- [gateway-service] [main] o.s.c.g.r.RouteDefinitionRouteLocator    : Loaded RoutePredicateFactory [CloudFoundryRouteService]
2025-01-02T21:23:44.549+01:00  INFO 27116 --- [gateway-service] [main] DiscoveryClientOptionalArgsConfiguration : Eureka HTTP Client uses RestTemplate.
2025-01-02T21:23:44.564+01:00  WARN 27116 --- [gateway-service] [main] iguration$LoadBalancerCaffeineWarnLogger : Spring Cloud LoadBalancer is currently working with the default cache. While this cache implementation is useful for development and tests, it's recommended to use Caffeine cache in production.You can switch to using Caffeine cache, by adding it and org.springframework.cache.caffeine.CaffeineCacheManager to the classpath.
2025-01-02T21:23:44.600+01:00  INFO 27116 --- [gateway-service] [main] o.s.c.n.eureka.InstanceInfoFactory       : Setting initial instance status as: STARTING
2025-01-02T21:23:44.610+01:00  INFO 27116 --- [gateway-service] [main] com.netflix.discovery.DiscoveryClient    : Initializing Eureka in region us-east-1
2025-01-02T21:23:44.612+01:00  INFO 27116 --- [gateway-service] [main] c.n.d.s.r.aws.ConfigClusterResolver      : Resolving eureka endpoints via configuration
2025-01-02T21:23:44.617+01:00  INFO 27116 --- [gateway-service] [main] com.netflix.discovery.DiscoveryClient    : Disable delta property : false
2025-01-02T21:23:44.617+01:00  INFO 27116 --- [gateway-service] [main] com.netflix.discovery.DiscoveryClient    : Single vip registry refresh property : null
2025-01-02T21:23:44.617+01:00  INFO 27116 --- [gateway-service] [main] com.netflix.discovery.DiscoveryClient    : Force full registry fetch : false
2025-01-02T21:23:44.617+01:00  INFO 27116 --- [gateway-service] [main] com.netflix.discovery.DiscoveryClient    : Application is null : false
2025-01-02T21:23:44.617+01:00  INFO 27116 --- [gateway-service] [main] com.netflix.discovery.DiscoveryClient    : Registered Applications size is zero : true
2025-01-02T21:23:44.617+01:00  INFO 27116 --- [gateway-service] [main] com.netflix.discovery.DiscoveryClient    : Application version is -1: true
2025-01-02T21:23:44.617+01:00  INFO 27116 --- [gateway-service] [main] com.netflix.discovery.DiscoveryClient    : Getting all instance registry info from the eureka server
2025-01-02T21:23:44.823+01:00  INFO 27116 --- [gateway-service] [main] com.netflix.discovery.DiscoveryClient    : The response status is 200
2025-01-02T21:23:44.824+01:00  INFO 27116 --- [gateway-service] [main] com.netflix.discovery.DiscoveryClient    : Starting heartbeat executor: renew interval is: 30
2025-01-02T21:23:44.825+01:00  INFO 27116 --- [gateway-service] [main] c.n.discovery.InstanceInfoReplicator     : InstanceInfoReplicator onDemand update allowed rate per min is 4
2025-01-02T21:23:44.826+01:00  INFO 27116 --- [gateway-service] [main] com.netflix.discovery.DiscoveryClient    : Discovery Client initialized at timestamp 1735849424825 with initial instances count: 0
2025-01-02T21:23:44.827+01:00  INFO 27116 --- [gateway-service] [main] o.s.c.n.e.s.EurekaServiceRegistry        : Registering application GATEWAY-SERVICE with eureka with status UP
2025-01-02T21:23:44.828+01:00  INFO 27116 --- [gateway-service] [main] com.netflix.discovery.DiscoveryClient    : Saw local status change event StatusChangeEvent [timestamp=1735849424828, current=UP, previous=STARTING]
2025-01-02T21:23:44.828+01:00  INFO 27116 --- [gateway-service] [DiscoveryClient-InstanceInfoReplicator-%d] com.netflix.discovery.DiscoveryClient    : DiscoveryClient_GATEWAY-SERVICE/host.docker.internal:gateway-service:8085: registering service...
2025-01-02T21:23:44.872+01:00  INFO 27116 --- [gateway-service] [DiscoveryClient-InstanceInfoReplicator-%d] com.netflix.discovery.DiscoveryClient    : DiscoveryClient_GATEWAY-SERVICE/host.docker.internal:gateway-service:8085 - registration status: 204
2025-01-02T21:23:44.924+01:00  INFO 27116 --- [gateway-service] [main] o.s.b.web.embedded.netty.NettyWebServer  : Netty started on port 8085 (http)
2025-01-02T21:23:44.925+01:00  INFO 27116 --- [gateway-service] [main] .s.c.n.e.s.EurekaAutoServiceRegistration : Updating port to 8085
2025-01-02T21:24:14.828+01:00  INFO 27116 --- [gateway-service] [DiscoveryClient-CacheRefreshExecutor-%d] com.netflix.discovery.DiscoveryClient    : Disable delta property : false
2025-01-02T21:24:14.828+01:00  INFO 27116 --- [gateway-service] [DiscoveryClient-CacheRefreshExecutor-%d] com.netflix.discovery.DiscoveryClient    : Single vip registry refresh property : null
2025-01-02T21:24:14.828+01:00  INFO 27116 --- [gateway-service] [DiscoveryClient-CacheRefreshExecutor-%d] com.netflix.discovery.DiscoveryClient    : Force full registry fetch : false
2025-01-02T21:24:14.828+01:00  INFO 27116 --- [gateway-service] [DiscoveryClient-CacheRefreshExecutor-%d] com.netflix.discovery.DiscoveryClient    : Application is null : false
2025-01-02T21:24:14.828+01:00  INFO 27116 --- [gateway-service] [DiscoveryClient-CacheRefreshExecutor-%d] com.netflix.discovery.DiscoveryClient    : Registered Applications size is zero : true
2025-01-02T21:24:14.828+01:00  INFO 27116 --- [gateway-service] [DiscoveryClient-CacheRefreshExecutor-%d] com.netflix.discovery.DiscoveryClient    : Application version is -1: false
2025-01-02T21:24:14.828+01:00  INFO 27116 --- [gateway-service] [DiscoveryClient-CacheRefreshExecutor-%d] com.netflix.discovery.DiscoveryClient    : Getting all instance registry info from the eureka server
2025-01-02T21:24:14.856+01:00  INFO 27116 --- [gateway-service] [DiscoveryClient-CacheRefreshExecutor-%d] com.netflix.discovery.DiscoveryClient    : The response status is 200
2025-01-02T21:28:44.632+01:00  INFO 27116 --- [gateway-service] [AsyncResolver-bootstrap-executor-%d] c.n.d.s.r.aws.ConfigClusterResolver      : Resolving eureka endpoints via configuration
2025-01-02T21:33:44.646+01:00  INFO 27116 --- [gateway-service] [AsyncResolver-bootstrap-executor-%d] c.n.d.s.r.aws.ConfigClusterResolver      : Resolving eureka endpoints via configuration
2025-01-02T21:38:44.655+01:00  INFO 27116 --- [gateway-service] [AsyncResolver-bootstrap-executor-%d] c.n.d.s.r.aws.ConfigClusterResolver      : Resolving eureka endpoints via configuration
2025-01-02T21:43:44.655+01:00  INFO 27116 --- [gateway-service] [AsyncResolver-bootstrap-executor-%d] c.n.d.s.r.aws.ConfigClusterResolver      : Resolving eureka endpoints via configuration
2025-01-02T21:48:44.667+01:00  INFO 27116 --- [gateway-service] [AsyncResolver-bootstrap-executor-%d] c.n.d.s.r.aws.ConfigClusterResolver      : Resolving eureka endpoints via configuration
2025-01-02T21:53:44.672+01:00  INFO 27116 --- [gateway-service] [AsyncResolver-bootstrap-executor-%d] c.n.d.s.r.aws.ConfigClusterResolver      : Resolving eureka endpoints via configuration
2025-01-02T21:58:44.676+01:00  INFO 27116 --- [gateway-service] [AsyncResolver-bootstrap-executor-%d] c.n.d.s.r.aws.ConfigClusterResolver      : Resolving eureka endpoints via configuration
2025-01-02T22:03:44.682+01:00  INFO 27116 --- [gateway-service] [AsyncResolver-bootstrap-executor-%d] c.n.d.s.r.aws.ConfigClusterResolver      : Resolving eureka endpoints via configuration
2025-01-02T22:08:44.683+01:00  INFO 27116 --- [gateway-service] [AsyncResolver-bootstrap-executor-%d] c.n.d.s.r.aws.ConfigClusterResolver      : Resolving eureka endpoints via configuration
2025-01-02T22:13:44.690+01:00  INFO 27116 --- [gateway-service] [AsyncResolver-bootstrap-executor-%d] c.n.d.s.r.aws.ConfigClusterResolver      : Resolving eureka endpoints via configuration
2025-01-02T22:18:44.706+01:00  INFO 27116 --- [gateway-service] [AsyncResolver-bootstrap-executor-%d] c.n.d.s.r.aws.ConfigClusterResolver      : Resolving eureka endpoints via configuration
2025-01-02T22:23:44.716+01:00  INFO 27116 --- [gateway-service] [AsyncResolver-bootstrap-executor-%d] c.n.d.s.r.aws.ConfigClusterResolver      : Resolving eureka endpoints via configuration
2025-01-02T22:28:44.724+01:00  INFO 27116 --- [gateway-service] [AsyncResolver-bootstrap-executor-%d] c.n.d.s.r.aws.ConfigClusterResolver      : Resolving eureka endpoints via configuration
2025-01-02T22:33:44.728+01:00  INFO 27116 --- [gateway-service] [AsyncResolver-bootstrap-executor-%d] c.n.d.s.r.aws.ConfigClusterResolver      : Resolving eureka endpoints via configuration
