2025-01-07T11:51:00.292+0100 INFO               [main]                         be.pxl.services.PostServiceApplication - Starting PostServiceApplication using Java 22.0.2 with PID 24284 (C:\Users\jitsk\Documents\Semester 2\Fullstack Java\Project\project-JitskeLenaerts\backend-java\PXL-Nieuwsartikelen\post-service\target\classes started by jitsk in C:\Users\jitsk\Documents\Semester 2\Fullstack Java\Project\project-JitskeLenaerts\backend-java\PXL-Nieuwsartikelen)
2025-01-07T11:51:00.293+0100 DEBUG              [main]                         be.pxl.services.PostServiceApplication - Running with Spring Boot v3.3.5, Spring v6.1.14
2025-01-07T11:51:00.293+0100 INFO               [main]                         be.pxl.services.PostServiceApplication - No active profile set, falling back to 1 default profile: "default"
2025-01-07T11:51:03.019+0100 INFO               [main]                         be.pxl.services.PostServiceApplication - Started PostServiceApplication in 3.231 seconds (process running for 3.565)
2025-01-07T11:59:41.717+0100 INFO               [SpringApplicationShutdownHook] be.pxl.services.services.PostService - Cleaning up resources before shutdown
2025-01-07T11:59:47.547+0100 INFO               [main]                         be.pxl.services.PostServiceApplication - Starting PostServiceApplication using Java 22.0.2 with PID 33896 (C:\Users\jitsk\Documents\Semester 2\Fullstack Java\Project\project-JitskeLenaerts\backend-java\PXL-Nieuwsartikelen\post-service\target\classes started by jitsk in C:\Users\jitsk\Documents\Semester 2\Fullstack Java\Project\project-JitskeLenaerts\backend-java\PXL-Nieuwsartikelen)
2025-01-07T11:59:47.548+0100 DEBUG              [main]                         be.pxl.services.PostServiceApplication - Running with Spring Boot v3.3.5, Spring v6.1.14
2025-01-07T11:59:47.548+0100 INFO               [main]                         be.pxl.services.PostServiceApplication - No active profile set, falling back to 1 default profile: "default"
2025-01-07T11:59:50.280+0100 INFO               [main]                         be.pxl.services.PostServiceApplication - Started PostServiceApplication in 3.23 seconds (process running for 3.555)
2025-01-07T12:30:01.793+0100 INFO               [main]                         be.pxl.services.PostServiceApplication - Starting PostServiceApplication using Java 22.0.2 with PID 1704 (C:\Users\jitsk\Documents\Semester 2\Fullstack Java\Project\project-JitskeLenaerts\backend-java\PXL-Nieuwsartikelen\post-service\target\classes started by jitsk in C:\Users\jitsk\Documents\Semester 2\Fullstack Java\Project\project-JitskeLenaerts\backend-java\PXL-Nieuwsartikelen)
2025-01-07T12:30:01.794+0100 DEBUG              [main]                         be.pxl.services.PostServiceApplication - Running with Spring Boot v3.3.5, Spring v6.1.14
2025-01-07T12:30:01.794+0100 INFO               [main]                         be.pxl.services.PostServiceApplication - No active profile set, falling back to 1 default profile: "default"
2025-01-07T12:30:04.497+0100 INFO               [main]                         be.pxl.services.PostServiceApplication - Started PostServiceApplication in 3.197 seconds (process running for 3.529)
2025-01-07T13:22:55.110+0100 INFO               [main]                         be.pxl.services.PostServiceApplication - Starting PostServiceApplication using Java 22.0.2 with PID 29692 (C:\Users\jitsk\Documents\Semester 2\Fullstack Java\Project\project-JitskeLenaerts\backend-java\PXL-Nieuwsartikelen\post-service\target\classes started by jitsk in C:\Users\jitsk\Documents\Semester 2\Fullstack Java\Project\project-JitskeLenaerts\backend-java\PXL-Nieuwsartikelen)
2025-01-07T13:22:55.110+0100 DEBUG              [main]                         be.pxl.services.PostServiceApplication - Running with Spring Boot v3.3.5, Spring v6.1.14
2025-01-07T13:22:55.110+0100 INFO               [main]                         be.pxl.services.PostServiceApplication - No active profile set, falling back to 1 default profile: "default"
2025-01-07T13:22:57.881+0100 INFO               [main]                         be.pxl.services.PostServiceApplication - Started PostServiceApplication in 3.281 seconds (process running for 3.629)
2025-01-07T13:27:50.799+0100 INFO               [main]                         be.pxl.services.PostServiceApplication - Starting PostServiceApplication using Java 22.0.2 with PID 26872 (C:\Users\jitsk\Documents\Semester 2\Fullstack Java\Project\project-JitskeLenaerts\backend-java\PXL-Nieuwsartikelen\post-service\target\classes started by jitsk in C:\Users\jitsk\Documents\Semester 2\Fullstack Java\Project\project-JitskeLenaerts\backend-java\PXL-Nieuwsartikelen)
2025-01-07T13:27:50.799+0100 DEBUG              [main]                         be.pxl.services.PostServiceApplication - Running with Spring Boot v3.3.5, Spring v6.1.14
2025-01-07T13:27:50.800+0100 INFO               [main]                         be.pxl.services.PostServiceApplication - No active profile set, falling back to 1 default profile: "default"
2025-01-07T13:27:53.461+0100 INFO               [main]                         be.pxl.services.PostServiceApplication - Started PostServiceApplication in 3.142 seconds (process running for 3.453)
2025-01-07T13:30:28.814+0100 INFO               [main]                         be.pxl.services.PostServiceApplication - Starting PostServiceApplication using Java 22.0.2 with PID 34204 (C:\Users\jitsk\Documents\Semester 2\Fullstack Java\Project\project-JitskeLenaerts\backend-java\PXL-Nieuwsartikelen\post-service\target\classes started by jitsk in C:\Users\jitsk\Documents\Semester 2\Fullstack Java\Project\project-JitskeLenaerts\backend-java\PXL-Nieuwsartikelen)
2025-01-07T13:30:28.814+0100 DEBUG              [main]                         be.pxl.services.PostServiceApplication - Running with Spring Boot v3.3.5, Spring v6.1.14
2025-01-07T13:30:28.815+0100 INFO               [main]                         be.pxl.services.PostServiceApplication - No active profile set, falling back to 1 default profile: "default"
2025-01-07T13:30:31.556+0100 INFO               [main]                         be.pxl.services.PostServiceApplication - Started PostServiceApplication in 3.226 seconds (process running for 3.538)
2025-01-07T13:31:38.219+0100 INFO               [http-nio-8081-exec-1]         be.pxl.services.services.PostService - Fetching post with ID '1' for user ''
2025-01-07T13:31:38.252+0100 ERROR              [http-nio-8081-exec-1]         be.pxl.services.services.PostService - Post with ID '1' not found
2025-01-07T13:31:56.814+0100 INFO               [http-nio-8081-exec-2]         be.pxl.services.services.PostService - Fetching post with ID '1' for user ''
2025-01-07T13:31:56.822+0100 ERROR              [http-nio-8081-exec-2]         be.pxl.services.services.PostService - Post with ID '1' not found
2025-01-07T13:33:23.311+0100 INFO               [http-nio-8081-exec-4]         be.pxl.services.services.PostService - Fetching post with ID '1' for user ''
2025-01-07T13:33:23.320+0100 ERROR              [http-nio-8081-exec-4]         be.pxl.services.services.PostService - Post with ID '1' not found
2025-01-07T13:34:38.527+0100 INFO               [http-nio-8081-exec-6]         be.pxl.services.services.PostService - Fetching post with ID '1' for user ''
2025-01-07T13:34:38.539+0100 ERROR              [http-nio-8081-exec-6]         be.pxl.services.services.PostService - Post with ID '1' not found
2025-01-07T13:34:47.484+0100 INFO               [http-nio-8081-exec-7]         be.pxl.services.services.PostService - Fetching post with ID '1' for user ''
2025-01-07T13:34:47.491+0100 ERROR              [http-nio-8081-exec-7]         be.pxl.services.services.PostService - Post with ID '1' not found
2025-01-07T13:34:52.151+0100 INFO               [http-nio-8081-exec-8]         be.pxl.services.services.PostService - Fetching post with ID '1' for user ''
2025-01-07T13:34:52.159+0100 ERROR              [http-nio-8081-exec-8]         be.pxl.services.services.PostService - Post with ID '1' not found
2025-01-07T13:34:57.610+0100 INFO               [http-nio-8081-exec-9]         be.pxl.services.services.PostService - Fetching post with ID '1' for user ''
2025-01-07T13:34:57.617+0100 ERROR              [http-nio-8081-exec-9]         be.pxl.services.services.PostService - Post with ID '1' not found
2025-01-07T13:35:03.081+0100 INFO               [http-nio-8081-exec-10]        be.pxl.services.services.PostService - Fetching post with ID '1' for user ''
2025-01-07T13:35:03.087+0100 ERROR              [http-nio-8081-exec-10]        be.pxl.services.services.PostService - Post with ID '1' not found
2025-01-07T13:35:19.343+0100 INFO               [http-nio-8081-exec-1]         be.pxl.services.services.PostService - Fetching post with ID '1' for user ''
2025-01-07T13:35:19.351+0100 ERROR              [http-nio-8081-exec-1]         be.pxl.services.services.PostService - Post with ID '1' not found
2025-01-07T13:35:23.337+0100 INFO               [http-nio-8081-exec-2]         be.pxl.services.services.PostService - Fetching post with ID '1' for user ''
2025-01-07T13:35:23.344+0100 ERROR              [http-nio-8081-exec-2]         be.pxl.services.services.PostService - Post with ID '1' not found
2025-01-07T13:35:28.390+0100 INFO               [http-nio-8081-exec-3]         be.pxl.services.services.PostService - Fetching post with ID '1' for user ''
2025-01-07T13:35:28.397+0100 ERROR              [http-nio-8081-exec-3]         be.pxl.services.services.PostService - Post with ID '1' not found
2025-01-07T13:35:32.018+0100 INFO               [http-nio-8081-exec-4]         be.pxl.services.services.PostService - Fetching post with ID '1' for user ''
2025-01-07T13:35:32.027+0100 ERROR              [http-nio-8081-exec-4]         be.pxl.services.services.PostService - Post with ID '1' not found
2025-01-07T13:35:39.748+0100 INFO               [http-nio-8081-exec-5]         be.pxl.services.services.PostService - Fetching post with ID '1' for user ''
2025-01-07T13:35:39.756+0100 ERROR              [http-nio-8081-exec-5]         be.pxl.services.services.PostService - Post with ID '1' not found
2025-01-07T13:35:46.710+0100 INFO               [http-nio-8081-exec-6]         be.pxl.services.services.PostService - Fetching post with ID '1' for user ''
2025-01-07T13:35:46.718+0100 ERROR              [http-nio-8081-exec-6]         be.pxl.services.services.PostService - Post with ID '1' not found
2025-01-07T13:35:50.807+0100 INFO               [http-nio-8081-exec-7]         be.pxl.services.services.PostService - Fetching post with ID '1' for user ''
2025-01-07T13:35:50.816+0100 ERROR              [http-nio-8081-exec-7]         be.pxl.services.services.PostService - Post with ID '1' not found
2025-01-07T13:35:55.655+0100 INFO               [http-nio-8081-exec-8]         be.pxl.services.services.PostService - Fetching post with ID '1' for user ''
2025-01-07T13:35:55.662+0100 ERROR              [http-nio-8081-exec-8]         be.pxl.services.services.PostService - Post with ID '1' not found
2025-01-07T13:36:03.981+0100 INFO               [http-nio-8081-exec-9]         be.pxl.services.services.PostService - Fetching post with ID '1' for user ''
2025-01-07T13:36:03.987+0100 ERROR              [http-nio-8081-exec-9]         be.pxl.services.services.PostService - Post with ID '1' not found
2025-01-07T13:36:09.849+0100 INFO               [http-nio-8081-exec-10]        be.pxl.services.controller.PostController - Handling request [GET] /api/post/state/SUBMITTED
2025-01-07T13:36:09.849+0100 INFO               [http-nio-8081-exec-10]        be.pxl.services.services.PostService - Fetching posts with state 'SUBMITTED' for user 'gebruiker1'
2025-01-07T13:36:12.443+0100 INFO               [http-nio-8081-exec-1]         be.pxl.services.controller.PostController - Handling request [GET] /api/post/state/REJECTED
2025-01-07T13:36:12.444+0100 INFO               [http-nio-8081-exec-1]         be.pxl.services.services.PostService - Fetching posts with state 'REJECTED' for user 'gebruiker1'
2025-01-07T13:36:13.174+0100 INFO               [http-nio-8081-exec-2]         be.pxl.services.controller.PostController - Calling endpoint [GET] /api/post/published
2025-01-07T13:36:13.174+0100 INFO               [http-nio-8081-exec-2]         be.pxl.services.services.PostService - Fetching all published posts
2025-01-07T13:36:13.880+0100 INFO               [http-nio-8081-exec-3]         be.pxl.services.controller.PostController - Handling request [GET] /api/post/state/SUBMITTED
2025-01-07T13:36:13.880+0100 INFO               [http-nio-8081-exec-3]         be.pxl.services.services.PostService - Fetching posts with state 'SUBMITTED' for user 'gebruiker1'
2025-01-07T13:36:14.389+0100 INFO               [http-nio-8081-exec-4]         be.pxl.services.controller.PostController - Handling request [GET] /api/post/filter/CONCEPT
2025-01-07T13:36:14.389+0100 INFO               [http-nio-8081-exec-4]         be.pxl.services.services.PostService - Fetching posts for user 'gebruiker1' with state 'CONCEPT' and author ID: 1
2025-01-07T13:36:50.461+0100 INFO               [http-nio-8081-exec-5]         be.pxl.services.controller.PostController - Calling endpoint [GET] /api/post
2025-01-07T13:36:50.461+0100 INFO               [http-nio-8081-exec-5]         be.pxl.services.services.PostService - Fetching all posts
2025-01-07T13:36:50.480+0100 INFO               [http-nio-8081-exec-6]         be.pxl.services.services.PostService - Creating post for user 'gebruiker1': PostRequest(id=null, title=Dignissimos eu exerc, content=Quia esse tempora i, author=Gebruiker Gevens, authorId=1, category=Harum id quo laborio, state=SUBMITTED, createdAt=2025-01-07T12:36:15.138, updatedAt=2025-01-07T12:36:15.138)
2025-01-07T13:36:50.485+0100 DEBUG              [http-nio-8081-exec-6]         be.pxl.services.services.PostService - Mapping PostRequest to Post: PostRequest(id=null, title=Dignissimos eu exerc, content=Quia esse tempora i, author=Gebruiker Gevens, authorId=1, category=Harum id quo laborio, state=SUBMITTED, createdAt=2025-01-07T12:36:15.138, updatedAt=2025-01-07T12:36:15.138)
2025-01-07T13:36:50.634+0100 INFO               [http-nio-8081-exec-6]         be.pxl.services.services.PostService - Notification sent: NotificationRequest(message=Post created, sender=gebruiker1)
2025-01-07T13:36:50.634+0100 DEBUG              [http-nio-8081-exec-6]         be.pxl.services.services.PostService - Mapping Post to PostResponse: Post(id=1, title=Dignissimos eu exerc, content=Quia esse tempora i, author=gebruiker1, authorId=1, category=Harum id quo laborio, state=SUBMITTED, createdAt=2025-01-07T13:36:50.485921100, updatedAt=2025-01-07T13:36:50.485921100)
2025-01-07T13:36:50.634+0100 INFO               [http-nio-8081-exec-6]         be.pxl.services.controller.PostController - Creating new post
2025-01-07T13:36:50.667+0100 INFO               [http-nio-8081-exec-7]         be.pxl.services.controller.PostController - Handling request [GET] /api/post/state/SUBMITTED
2025-01-07T13:36:50.667+0100 INFO               [http-nio-8081-exec-7]         be.pxl.services.services.PostService - Fetching posts with state 'SUBMITTED' for user 'gebruiker1'
2025-01-07T13:36:50.674+0100 DEBUG              [http-nio-8081-exec-7]         be.pxl.services.services.PostService - Mapping Post to PostResponse: Post(id=1, title=Dignissimos eu exerc, content=Quia esse tempora i, author=gebruiker1, authorId=1, category=Harum id quo laborio, state=SUBMITTED, createdAt=2025-01-07T13:36:50.485921, updatedAt=2025-01-07T13:36:50.485921)
2025-01-07T13:37:19.349+0100 INFO               [main]                         be.pxl.services.PostServiceApplication - Starting PostServiceApplication using Java 22.0.2 with PID 33772 (C:\Users\jitsk\Documents\Semester 2\Fullstack Java\Project\project-JitskeLenaerts\backend-java\PXL-Nieuwsartikelen\post-service\target\classes started by jitsk in C:\Users\jitsk\Documents\Semester 2\Fullstack Java\Project\project-JitskeLenaerts\backend-java\PXL-Nieuwsartikelen)
2025-01-07T13:37:19.350+0100 DEBUG              [main]                         be.pxl.services.PostServiceApplication - Running with Spring Boot v3.3.5, Spring v6.1.14
2025-01-07T13:37:19.350+0100 INFO               [main]                         be.pxl.services.PostServiceApplication - No active profile set, falling back to 1 default profile: "default"
2025-01-07T13:37:21.865+0100 INFO               [main]                         be.pxl.services.PostServiceApplication - Started PostServiceApplication in 2.99 seconds (process running for 3.302)
2025-01-07T13:37:49.886+0100 INFO               [http-nio-8081-exec-1]         be.pxl.services.controller.PostController - Handling request [GET] /api/post/state/SUBMITTED
2025-01-07T13:37:49.886+0100 INFO               [http-nio-8081-exec-1]         be.pxl.services.services.PostService - Fetching posts with state 'SUBMITTED' for user 'gebruiker1'
2025-01-07T13:37:49.952+0100 DEBUG              [http-nio-8081-exec-1]         be.pxl.services.services.PostService - Mapping Post to PostResponse: Post(id=1, title=Dignissimos eu exerc, content=Quia esse tempora i, author=gebruiker1, authorId=1, category=Harum id quo laborio, state=SUBMITTED, createdAt=2025-01-07T13:36:50.485921, updatedAt=2025-01-07T13:36:50.485921)
2025-01-07T13:37:53.047+0100 INFO               [http-nio-8081-exec-2]         be.pxl.services.services.PostService - Fetching post with ID '1' for user ''
2025-01-07T13:37:53.063+0100 DEBUG              [http-nio-8081-exec-2]         be.pxl.services.services.PostService - Mapping Post to PostResponse: Post(id=1, title=Dignissimos eu exerc, content=Quia esse tempora i, author=gebruiker1, authorId=1, category=Harum id quo laborio, state=SUBMITTED, createdAt=2025-01-07T13:36:50.485921, updatedAt=2025-01-07T13:36:50.485921)
2025-01-07T13:37:53.063+0100 INFO               [http-nio-8081-exec-2]         be.pxl.services.controller.PostController - Fetching specific post with id 1
2025-01-07T13:39:19.001+0100 INFO               [http-nio-8081-exec-4]         be.pxl.services.services.PostService - Fetching post with ID '1' for user ''
2025-01-07T13:39:19.008+0100 DEBUG              [http-nio-8081-exec-4]         be.pxl.services.services.PostService - Mapping Post to PostResponse: Post(id=1, title=Dignissimos eu exerc, content=Quia esse tempora i, author=gebruiker1, authorId=1, category=Harum id quo laborio, state=SUBMITTED, createdAt=2025-01-07T13:36:50.485921, updatedAt=2025-01-07T13:36:50.485921)
2025-01-07T13:39:19.009+0100 INFO               [http-nio-8081-exec-4]         be.pxl.services.controller.PostController - Fetching specific post with id 1
2025-01-07T13:39:23.322+0100 INFO               [http-nio-8081-exec-8]         be.pxl.services.controller.PostController - Handling request [GET] /api/post/filter/CONCEPT
2025-01-07T13:39:23.323+0100 INFO               [http-nio-8081-exec-8]         be.pxl.services.services.PostService - Fetching posts for user 'gebruiker1' with state 'CONCEPT' and author ID: 1
2025-01-07T13:39:24.535+0100 INFO               [http-nio-8081-exec-6]         be.pxl.services.controller.PostController - Handling request [GET] /api/post/state/SUBMITTED
2025-01-07T13:39:24.535+0100 INFO               [http-nio-8081-exec-6]         be.pxl.services.services.PostService - Fetching posts with state 'SUBMITTED' for user 'gebruiker1'
2025-01-07T13:39:24.539+0100 DEBUG              [http-nio-8081-exec-6]         be.pxl.services.services.PostService - Mapping Post to PostResponse: Post(id=1, title=Dignissimos eu exerc, content=Quia esse tempora i, author=gebruiker1, authorId=1, category=Harum id quo laborio, state=SUBMITTED, createdAt=2025-01-07T13:36:50.485921, updatedAt=2025-01-07T13:36:50.485921)
2025-01-07T13:41:13.142+0100 INFO               [http-nio-8081-exec-5]         be.pxl.services.controller.PostController - Handling request [GET] /api/post/state/SUBMITTED
2025-01-07T13:41:13.142+0100 INFO               [http-nio-8081-exec-5]         be.pxl.services.services.PostService - Fetching posts with state 'SUBMITTED' for user 'gebruiker1'
2025-01-07T13:41:13.147+0100 DEBUG              [http-nio-8081-exec-5]         be.pxl.services.services.PostService - Mapping Post to PostResponse: Post(id=1, title=Dignissimos eu exerc, content=Quia esse tempora i, author=gebruiker1, authorId=1, category=Harum id quo laborio, state=SUBMITTED, createdAt=2025-01-07T13:36:50.485921, updatedAt=2025-01-07T13:36:50.485921)
2025-01-07T13:42:04.481+0100 INFO               [http-nio-8081-exec-9]         be.pxl.services.controller.PostController - Handling request [GET] /api/post/state/SUBMITTED
2025-01-07T13:42:04.481+0100 INFO               [http-nio-8081-exec-9]         be.pxl.services.services.PostService - Fetching posts with state 'SUBMITTED' for user 'gebruiker1'
2025-01-07T13:42:04.486+0100 DEBUG              [http-nio-8081-exec-9]         be.pxl.services.services.PostService - Mapping Post to PostResponse: Post(id=1, title=Dignissimos eu exerc, content=Quia esse tempora i, author=gebruiker1, authorId=1, category=Harum id quo laborio, state=SUBMITTED, createdAt=2025-01-07T13:36:50.485921, updatedAt=2025-01-07T13:36:50.485921)
2025-01-07T13:42:12.956+0100 INFO               [http-nio-8081-exec-7]         be.pxl.services.controller.PostController - Handling request [GET] /api/post/state/SUBMITTED
2025-01-07T13:42:12.956+0100 INFO               [http-nio-8081-exec-7]         be.pxl.services.services.PostService - Fetching posts with state 'SUBMITTED' for user 'gebruiker1'
2025-01-07T13:42:12.962+0100 DEBUG              [http-nio-8081-exec-7]         be.pxl.services.services.PostService - Mapping Post to PostResponse: Post(id=1, title=Dignissimos eu exerc, content=Quia esse tempora i, author=gebruiker1, authorId=1, category=Harum id quo laborio, state=SUBMITTED, createdAt=2025-01-07T13:36:50.485921, updatedAt=2025-01-07T13:36:50.485921)
2025-01-07T13:42:23.364+0100 INFO               [http-nio-8081-exec-1]         be.pxl.services.controller.PostController - Handling request [GET] /api/post/state/SUBMITTED
2025-01-07T13:42:23.364+0100 INFO               [http-nio-8081-exec-1]         be.pxl.services.services.PostService - Fetching posts with state 'SUBMITTED' for user 'gebruiker1'
2025-01-07T13:42:23.369+0100 DEBUG              [http-nio-8081-exec-1]         be.pxl.services.services.PostService - Mapping Post to PostResponse: Post(id=1, title=Dignissimos eu exerc, content=Quia esse tempora i, author=gebruiker1, authorId=1, category=Harum id quo laborio, state=SUBMITTED, createdAt=2025-01-07T13:36:50.485921, updatedAt=2025-01-07T13:36:50.485921)
2025-01-07T13:48:48.528+0100 INFO               [http-nio-8081-exec-3]         be.pxl.services.controller.PostController - Calling endpoint [GET] /api/post/published
2025-01-07T13:48:48.528+0100 INFO               [http-nio-8081-exec-3]         be.pxl.services.services.PostService - Fetching all published posts
2025-01-07T19:19:14.396+0100 INFO               [main]                         be.pxl.services.PostServiceApplication - Starting PostServiceApplication using Java 22.0.2 with PID 26100 (C:\Users\jitsk\Documents\Semester 2\Fullstack Java\Project\project-JitskeLenaerts\backend-java\PXL-Nieuwsartikelen\post-service\target\classes started by jitsk in C:\Users\jitsk\Documents\Semester 2\Fullstack Java\Project\project-JitskeLenaerts\backend-java\PXL-Nieuwsartikelen)
2025-01-07T19:19:14.397+0100 DEBUG              [main]                         be.pxl.services.PostServiceApplication - Running with Spring Boot v3.3.5, Spring v6.1.14
2025-01-07T19:19:14.397+0100 INFO               [main]                         be.pxl.services.PostServiceApplication - No active profile set, falling back to 1 default profile: "default"
2025-01-07T19:19:17.324+0100 INFO               [main]                         be.pxl.services.PostServiceApplication - Started PostServiceApplication in 3.425 seconds (process running for 4.519)
