2025-01-07T11:51:00.292+0100 INFO               [main]                         be.pxl.services.PostServiceApplication - Starting PostServiceApplication using Java 22.0.2 with PID 24284 (C:\Users\jitsk\Documents\Semester 2\Fullstack Java\Project\project-JitskeLenaerts\backend-java\PXL-Nieuwsartikelen\post-service\target\classes started by jitsk in C:\Users\jitsk\Documents\Semester 2\Fullstack Java\Project\project-JitskeLenaerts\backend-java\PXL-Nieuwsartikelen)
2025-01-07T11:51:00.293+0100 DEBUG              [main]                         be.pxl.services.PostServiceApplication - Running with Spring Boot v3.3.5, Spring v6.1.14
2025-01-07T11:51:00.293+0100 INFO               [main]                         be.pxl.services.PostServiceApplication - No active profile set, falling back to 1 default profile: "default"
2025-01-07T11:51:03.019+0100 INFO               [main]                         be.pxl.services.PostServiceApplication - Started PostServiceApplication in 3.231 seconds (process running for 3.565)
2025-01-07T11:59:41.717+0100 INFO               [SpringApplicationShutdownHook] be.pxl.services.services.PostService - Cleaning up resources before shutdown
2025-01-07T11:59:47.547+0100 INFO               [main]                         be.pxl.services.PostServiceApplication - Starting PostServiceApplication using Java 22.0.2 with PID 33896 (C:\Users\jitsk\Documents\Semester 2\Fullstack Java\Project\project-JitskeLenaerts\backend-java\PXL-Nieuwsartikelen\post-service\target\classes started by jitsk in C:\Users\jitsk\Documents\Semester 2\Fullstack Java\Project\project-JitskeLenaerts\backend-java\PXL-Nieuwsartikelen)
2025-01-07T11:59:47.548+0100 DEBUG              [main]                         be.pxl.services.PostServiceApplication - Running with Spring Boot v3.3.5, Spring v6.1.14
2025-01-07T11:59:47.548+0100 INFO               [main]                         be.pxl.services.PostServiceApplication - No active profile set, falling back to 1 default profile: "default"
2025-01-07T11:59:50.280+0100 INFO               [main]                         be.pxl.services.PostServiceApplication - Started PostServiceApplication in 3.23 seconds (process running for 3.555)
2025-01-07T12:30:01.793+0100 INFO               [main]                         be.pxl.services.PostServiceApplication - Starting PostServiceApplication using Java 22.0.2 with PID 1704 (C:\Users\jitsk\Documents\Semester 2\Fullstack Java\Project\project-JitskeLenaerts\backend-java\PXL-Nieuwsartikelen\post-service\target\classes started by jitsk in C:\Users\jitsk\Documents\Semester 2\Fullstack Java\Project\project-JitskeLenaerts\backend-java\PXL-Nieuwsartikelen)
2025-01-07T12:30:01.794+0100 DEBUG              [main]                         be.pxl.services.PostServiceApplication - Running with Spring Boot v3.3.5, Spring v6.1.14
2025-01-07T12:30:01.794+0100 INFO               [main]                         be.pxl.services.PostServiceApplication - No active profile set, falling back to 1 default profile: "default"
2025-01-07T12:30:04.497+0100 INFO               [main]                         be.pxl.services.PostServiceApplication - Started PostServiceApplication in 3.197 seconds (process running for 3.529)
2025-01-07T13:22:55.110+0100 INFO               [main]                         be.pxl.services.PostServiceApplication - Starting PostServiceApplication using Java 22.0.2 with PID 29692 (C:\Users\jitsk\Documents\Semester 2\Fullstack Java\Project\project-JitskeLenaerts\backend-java\PXL-Nieuwsartikelen\post-service\target\classes started by jitsk in C:\Users\jitsk\Documents\Semester 2\Fullstack Java\Project\project-JitskeLenaerts\backend-java\PXL-Nieuwsartikelen)
2025-01-07T13:22:55.110+0100 DEBUG              [main]                         be.pxl.services.PostServiceApplication - Running with Spring Boot v3.3.5, Spring v6.1.14
2025-01-07T13:22:55.110+0100 INFO               [main]                         be.pxl.services.PostServiceApplication - No active profile set, falling back to 1 default profile: "default"
2025-01-07T13:22:57.881+0100 INFO               [main]                         be.pxl.services.PostServiceApplication - Started PostServiceApplication in 3.281 seconds (process running for 3.629)
2025-01-07T13:27:50.799+0100 INFO               [main]                         be.pxl.services.PostServiceApplication - Starting PostServiceApplication using Java 22.0.2 with PID 26872 (C:\Users\jitsk\Documents\Semester 2\Fullstack Java\Project\project-JitskeLenaerts\backend-java\PXL-Nieuwsartikelen\post-service\target\classes started by jitsk in C:\Users\jitsk\Documents\Semester 2\Fullstack Java\Project\project-JitskeLenaerts\backend-java\PXL-Nieuwsartikelen)
2025-01-07T13:27:50.799+0100 DEBUG              [main]                         be.pxl.services.PostServiceApplication - Running with Spring Boot v3.3.5, Spring v6.1.14
2025-01-07T13:27:50.800+0100 INFO               [main]                         be.pxl.services.PostServiceApplication - No active profile set, falling back to 1 default profile: "default"
2025-01-07T13:27:53.461+0100 INFO               [main]                         be.pxl.services.PostServiceApplication - Started PostServiceApplication in 3.142 seconds (process running for 3.453)
2025-01-07T13:30:28.814+0100 INFO               [main]                         be.pxl.services.PostServiceApplication - Starting PostServiceApplication using Java 22.0.2 with PID 34204 (C:\Users\jitsk\Documents\Semester 2\Fullstack Java\Project\project-JitskeLenaerts\backend-java\PXL-Nieuwsartikelen\post-service\target\classes started by jitsk in C:\Users\jitsk\Documents\Semester 2\Fullstack Java\Project\project-JitskeLenaerts\backend-java\PXL-Nieuwsartikelen)
2025-01-07T13:30:28.814+0100 DEBUG              [main]                         be.pxl.services.PostServiceApplication - Running with Spring Boot v3.3.5, Spring v6.1.14
2025-01-07T13:30:28.815+0100 INFO               [main]                         be.pxl.services.PostServiceApplication - No active profile set, falling back to 1 default profile: "default"
2025-01-07T13:30:31.556+0100 INFO               [main]                         be.pxl.services.PostServiceApplication - Started PostServiceApplication in 3.226 seconds (process running for 3.538)
2025-01-07T13:31:38.219+0100 INFO               [http-nio-8081-exec-1]         be.pxl.services.services.PostService - Fetching post with ID '1' for user ''
2025-01-07T13:31:38.252+0100 ERROR              [http-nio-8081-exec-1]         be.pxl.services.services.PostService - Post with ID '1' not found
2025-01-07T13:31:56.814+0100 INFO               [http-nio-8081-exec-2]         be.pxl.services.services.PostService - Fetching post with ID '1' for user ''
2025-01-07T13:31:56.822+0100 ERROR              [http-nio-8081-exec-2]         be.pxl.services.services.PostService - Post with ID '1' not found
2025-01-07T13:33:23.311+0100 INFO               [http-nio-8081-exec-4]         be.pxl.services.services.PostService - Fetching post with ID '1' for user ''
2025-01-07T13:33:23.320+0100 ERROR              [http-nio-8081-exec-4]         be.pxl.services.services.PostService - Post with ID '1' not found
2025-01-07T13:34:38.527+0100 INFO               [http-nio-8081-exec-6]         be.pxl.services.services.PostService - Fetching post with ID '1' for user ''
2025-01-07T13:34:38.539+0100 ERROR              [http-nio-8081-exec-6]         be.pxl.services.services.PostService - Post with ID '1' not found
2025-01-07T13:34:47.484+0100 INFO               [http-nio-8081-exec-7]         be.pxl.services.services.PostService - Fetching post with ID '1' for user ''
2025-01-07T13:34:47.491+0100 ERROR              [http-nio-8081-exec-7]         be.pxl.services.services.PostService - Post with ID '1' not found
2025-01-07T13:34:52.151+0100 INFO               [http-nio-8081-exec-8]         be.pxl.services.services.PostService - Fetching post with ID '1' for user ''
2025-01-07T13:34:52.159+0100 ERROR              [http-nio-8081-exec-8]         be.pxl.services.services.PostService - Post with ID '1' not found
2025-01-07T13:34:57.610+0100 INFO               [http-nio-8081-exec-9]         be.pxl.services.services.PostService - Fetching post with ID '1' for user ''
2025-01-07T13:34:57.617+0100 ERROR              [http-nio-8081-exec-9]         be.pxl.services.services.PostService - Post with ID '1' not found
2025-01-07T13:35:03.081+0100 INFO               [http-nio-8081-exec-10]        be.pxl.services.services.PostService - Fetching post with ID '1' for user ''
2025-01-07T13:35:03.087+0100 ERROR              [http-nio-8081-exec-10]        be.pxl.services.services.PostService - Post with ID '1' not found
2025-01-07T13:35:19.343+0100 INFO               [http-nio-8081-exec-1]         be.pxl.services.services.PostService - Fetching post with ID '1' for user ''
2025-01-07T13:35:19.351+0100 ERROR              [http-nio-8081-exec-1]         be.pxl.services.services.PostService - Post with ID '1' not found
2025-01-07T13:35:23.337+0100 INFO               [http-nio-8081-exec-2]         be.pxl.services.services.PostService - Fetching post with ID '1' for user ''
2025-01-07T13:35:23.344+0100 ERROR              [http-nio-8081-exec-2]         be.pxl.services.services.PostService - Post with ID '1' not found
2025-01-07T13:35:28.390+0100 INFO               [http-nio-8081-exec-3]         be.pxl.services.services.PostService - Fetching post with ID '1' for user ''
2025-01-07T13:35:28.397+0100 ERROR              [http-nio-8081-exec-3]         be.pxl.services.services.PostService - Post with ID '1' not found
2025-01-07T13:35:32.018+0100 INFO               [http-nio-8081-exec-4]         be.pxl.services.services.PostService - Fetching post with ID '1' for user ''
2025-01-07T13:35:32.027+0100 ERROR              [http-nio-8081-exec-4]         be.pxl.services.services.PostService - Post with ID '1' not found
2025-01-07T13:35:39.748+0100 INFO               [http-nio-8081-exec-5]         be.pxl.services.services.PostService - Fetching post with ID '1' for user ''
2025-01-07T13:35:39.756+0100 ERROR              [http-nio-8081-exec-5]         be.pxl.services.services.PostService - Post with ID '1' not found
2025-01-07T13:35:46.710+0100 INFO               [http-nio-8081-exec-6]         be.pxl.services.services.PostService - Fetching post with ID '1' for user ''
2025-01-07T13:35:46.718+0100 ERROR              [http-nio-8081-exec-6]         be.pxl.services.services.PostService - Post with ID '1' not found
2025-01-07T13:35:50.807+0100 INFO               [http-nio-8081-exec-7]         be.pxl.services.services.PostService - Fetching post with ID '1' for user ''
2025-01-07T13:35:50.816+0100 ERROR              [http-nio-8081-exec-7]         be.pxl.services.services.PostService - Post with ID '1' not found
2025-01-07T13:35:55.655+0100 INFO               [http-nio-8081-exec-8]         be.pxl.services.services.PostService - Fetching post with ID '1' for user ''
2025-01-07T13:35:55.662+0100 ERROR              [http-nio-8081-exec-8]         be.pxl.services.services.PostService - Post with ID '1' not found
2025-01-07T13:36:03.981+0100 INFO               [http-nio-8081-exec-9]         be.pxl.services.services.PostService - Fetching post with ID '1' for user ''
2025-01-07T13:36:03.987+0100 ERROR              [http-nio-8081-exec-9]         be.pxl.services.services.PostService - Post with ID '1' not found
2025-01-07T13:36:09.849+0100 INFO               [http-nio-8081-exec-10]        be.pxl.services.controller.PostController - Handling request [GET] /api/post/state/SUBMITTED
2025-01-07T13:36:09.849+0100 INFO               [http-nio-8081-exec-10]        be.pxl.services.services.PostService - Fetching posts with state 'SUBMITTED' for user 'gebruiker1'
2025-01-07T13:36:12.443+0100 INFO               [http-nio-8081-exec-1]         be.pxl.services.controller.PostController - Handling request [GET] /api/post/state/REJECTED
2025-01-07T13:36:12.444+0100 INFO               [http-nio-8081-exec-1]         be.pxl.services.services.PostService - Fetching posts with state 'REJECTED' for user 'gebruiker1'
2025-01-07T13:36:13.174+0100 INFO               [http-nio-8081-exec-2]         be.pxl.services.controller.PostController - Calling endpoint [GET] /api/post/published
2025-01-07T13:36:13.174+0100 INFO               [http-nio-8081-exec-2]         be.pxl.services.services.PostService - Fetching all published posts
2025-01-07T13:36:13.880+0100 INFO               [http-nio-8081-exec-3]         be.pxl.services.controller.PostController - Handling request [GET] /api/post/state/SUBMITTED
2025-01-07T13:36:13.880+0100 INFO               [http-nio-8081-exec-3]         be.pxl.services.services.PostService - Fetching posts with state 'SUBMITTED' for user 'gebruiker1'
2025-01-07T13:36:14.389+0100 INFO               [http-nio-8081-exec-4]         be.pxl.services.controller.PostController - Handling request [GET] /api/post/filter/CONCEPT
2025-01-07T13:36:14.389+0100 INFO               [http-nio-8081-exec-4]         be.pxl.services.services.PostService - Fetching posts for user 'gebruiker1' with state 'CONCEPT' and author ID: 1
2025-01-07T13:36:50.461+0100 INFO               [http-nio-8081-exec-5]         be.pxl.services.controller.PostController - Calling endpoint [GET] /api/post
2025-01-07T13:36:50.461+0100 INFO               [http-nio-8081-exec-5]         be.pxl.services.services.PostService - Fetching all posts
2025-01-07T13:36:50.480+0100 INFO               [http-nio-8081-exec-6]         be.pxl.services.services.PostService - Creating post for user 'gebruiker1': PostRequest(id=null, title=Dignissimos eu exerc, content=Quia esse tempora i, author=Gebruiker Gevens, authorId=1, category=Harum id quo laborio, state=SUBMITTED, createdAt=2025-01-07T12:36:15.138, updatedAt=2025-01-07T12:36:15.138)
2025-01-07T13:36:50.485+0100 DEBUG              [http-nio-8081-exec-6]         be.pxl.services.services.PostService - Mapping PostRequest to Post: PostRequest(id=null, title=Dignissimos eu exerc, content=Quia esse tempora i, author=Gebruiker Gevens, authorId=1, category=Harum id quo laborio, state=SUBMITTED, createdAt=2025-01-07T12:36:15.138, updatedAt=2025-01-07T12:36:15.138)
2025-01-07T13:36:50.634+0100 INFO               [http-nio-8081-exec-6]         be.pxl.services.services.PostService - Notification sent: NotificationRequest(message=Post created, sender=gebruiker1)
2025-01-07T13:36:50.634+0100 DEBUG              [http-nio-8081-exec-6]         be.pxl.services.services.PostService - Mapping Post to PostResponse: Post(id=1, title=Dignissimos eu exerc, content=Quia esse tempora i, author=gebruiker1, authorId=1, category=Harum id quo laborio, state=SUBMITTED, createdAt=2025-01-07T13:36:50.485921100, updatedAt=2025-01-07T13:36:50.485921100)
2025-01-07T13:36:50.634+0100 INFO               [http-nio-8081-exec-6]         be.pxl.services.controller.PostController - Creating new post
2025-01-07T13:36:50.667+0100 INFO               [http-nio-8081-exec-7]         be.pxl.services.controller.PostController - Handling request [GET] /api/post/state/SUBMITTED
2025-01-07T13:36:50.667+0100 INFO               [http-nio-8081-exec-7]         be.pxl.services.services.PostService - Fetching posts with state 'SUBMITTED' for user 'gebruiker1'
2025-01-07T13:36:50.674+0100 DEBUG              [http-nio-8081-exec-7]         be.pxl.services.services.PostService - Mapping Post to PostResponse: Post(id=1, title=Dignissimos eu exerc, content=Quia esse tempora i, author=gebruiker1, authorId=1, category=Harum id quo laborio, state=SUBMITTED, createdAt=2025-01-07T13:36:50.485921, updatedAt=2025-01-07T13:36:50.485921)
2025-01-07T13:37:19.349+0100 INFO               [main]                         be.pxl.services.PostServiceApplication - Starting PostServiceApplication using Java 22.0.2 with PID 33772 (C:\Users\jitsk\Documents\Semester 2\Fullstack Java\Project\project-JitskeLenaerts\backend-java\PXL-Nieuwsartikelen\post-service\target\classes started by jitsk in C:\Users\jitsk\Documents\Semester 2\Fullstack Java\Project\project-JitskeLenaerts\backend-java\PXL-Nieuwsartikelen)
2025-01-07T13:37:19.350+0100 DEBUG              [main]                         be.pxl.services.PostServiceApplication - Running with Spring Boot v3.3.5, Spring v6.1.14
2025-01-07T13:37:19.350+0100 INFO               [main]                         be.pxl.services.PostServiceApplication - No active profile set, falling back to 1 default profile: "default"
2025-01-07T13:37:21.865+0100 INFO               [main]                         be.pxl.services.PostServiceApplication - Started PostServiceApplication in 2.99 seconds (process running for 3.302)
2025-01-07T13:37:49.886+0100 INFO               [http-nio-8081-exec-1]         be.pxl.services.controller.PostController - Handling request [GET] /api/post/state/SUBMITTED
2025-01-07T13:37:49.886+0100 INFO               [http-nio-8081-exec-1]         be.pxl.services.services.PostService - Fetching posts with state 'SUBMITTED' for user 'gebruiker1'
2025-01-07T13:37:49.952+0100 DEBUG              [http-nio-8081-exec-1]         be.pxl.services.services.PostService - Mapping Post to PostResponse: Post(id=1, title=Dignissimos eu exerc, content=Quia esse tempora i, author=gebruiker1, authorId=1, category=Harum id quo laborio, state=SUBMITTED, createdAt=2025-01-07T13:36:50.485921, updatedAt=2025-01-07T13:36:50.485921)
2025-01-07T13:37:53.047+0100 INFO               [http-nio-8081-exec-2]         be.pxl.services.services.PostService - Fetching post with ID '1' for user ''
2025-01-07T13:37:53.063+0100 DEBUG              [http-nio-8081-exec-2]         be.pxl.services.services.PostService - Mapping Post to PostResponse: Post(id=1, title=Dignissimos eu exerc, content=Quia esse tempora i, author=gebruiker1, authorId=1, category=Harum id quo laborio, state=SUBMITTED, createdAt=2025-01-07T13:36:50.485921, updatedAt=2025-01-07T13:36:50.485921)
2025-01-07T13:37:53.063+0100 INFO               [http-nio-8081-exec-2]         be.pxl.services.controller.PostController - Fetching specific post with id 1
2025-01-07T13:39:19.001+0100 INFO               [http-nio-8081-exec-4]         be.pxl.services.services.PostService - Fetching post with ID '1' for user ''
2025-01-07T13:39:19.008+0100 DEBUG              [http-nio-8081-exec-4]         be.pxl.services.services.PostService - Mapping Post to PostResponse: Post(id=1, title=Dignissimos eu exerc, content=Quia esse tempora i, author=gebruiker1, authorId=1, category=Harum id quo laborio, state=SUBMITTED, createdAt=2025-01-07T13:36:50.485921, updatedAt=2025-01-07T13:36:50.485921)
2025-01-07T13:39:19.009+0100 INFO               [http-nio-8081-exec-4]         be.pxl.services.controller.PostController - Fetching specific post with id 1
2025-01-07T13:39:23.322+0100 INFO               [http-nio-8081-exec-8]         be.pxl.services.controller.PostController - Handling request [GET] /api/post/filter/CONCEPT
2025-01-07T13:39:23.323+0100 INFO               [http-nio-8081-exec-8]         be.pxl.services.services.PostService - Fetching posts for user 'gebruiker1' with state 'CONCEPT' and author ID: 1
2025-01-07T13:39:24.535+0100 INFO               [http-nio-8081-exec-6]         be.pxl.services.controller.PostController - Handling request [GET] /api/post/state/SUBMITTED
2025-01-07T13:39:24.535+0100 INFO               [http-nio-8081-exec-6]         be.pxl.services.services.PostService - Fetching posts with state 'SUBMITTED' for user 'gebruiker1'
2025-01-07T13:39:24.539+0100 DEBUG              [http-nio-8081-exec-6]         be.pxl.services.services.PostService - Mapping Post to PostResponse: Post(id=1, title=Dignissimos eu exerc, content=Quia esse tempora i, author=gebruiker1, authorId=1, category=Harum id quo laborio, state=SUBMITTED, createdAt=2025-01-07T13:36:50.485921, updatedAt=2025-01-07T13:36:50.485921)
2025-01-07T13:41:13.142+0100 INFO               [http-nio-8081-exec-5]         be.pxl.services.controller.PostController - Handling request [GET] /api/post/state/SUBMITTED
2025-01-07T13:41:13.142+0100 INFO               [http-nio-8081-exec-5]         be.pxl.services.services.PostService - Fetching posts with state 'SUBMITTED' for user 'gebruiker1'
2025-01-07T13:41:13.147+0100 DEBUG              [http-nio-8081-exec-5]         be.pxl.services.services.PostService - Mapping Post to PostResponse: Post(id=1, title=Dignissimos eu exerc, content=Quia esse tempora i, author=gebruiker1, authorId=1, category=Harum id quo laborio, state=SUBMITTED, createdAt=2025-01-07T13:36:50.485921, updatedAt=2025-01-07T13:36:50.485921)
2025-01-07T13:42:04.481+0100 INFO               [http-nio-8081-exec-9]         be.pxl.services.controller.PostController - Handling request [GET] /api/post/state/SUBMITTED
2025-01-07T13:42:04.481+0100 INFO               [http-nio-8081-exec-9]         be.pxl.services.services.PostService - Fetching posts with state 'SUBMITTED' for user 'gebruiker1'
2025-01-07T13:42:04.486+0100 DEBUG              [http-nio-8081-exec-9]         be.pxl.services.services.PostService - Mapping Post to PostResponse: Post(id=1, title=Dignissimos eu exerc, content=Quia esse tempora i, author=gebruiker1, authorId=1, category=Harum id quo laborio, state=SUBMITTED, createdAt=2025-01-07T13:36:50.485921, updatedAt=2025-01-07T13:36:50.485921)
2025-01-07T13:42:12.956+0100 INFO               [http-nio-8081-exec-7]         be.pxl.services.controller.PostController - Handling request [GET] /api/post/state/SUBMITTED
2025-01-07T13:42:12.956+0100 INFO               [http-nio-8081-exec-7]         be.pxl.services.services.PostService - Fetching posts with state 'SUBMITTED' for user 'gebruiker1'
2025-01-07T13:42:12.962+0100 DEBUG              [http-nio-8081-exec-7]         be.pxl.services.services.PostService - Mapping Post to PostResponse: Post(id=1, title=Dignissimos eu exerc, content=Quia esse tempora i, author=gebruiker1, authorId=1, category=Harum id quo laborio, state=SUBMITTED, createdAt=2025-01-07T13:36:50.485921, updatedAt=2025-01-07T13:36:50.485921)
2025-01-07T13:42:23.364+0100 INFO               [http-nio-8081-exec-1]         be.pxl.services.controller.PostController - Handling request [GET] /api/post/state/SUBMITTED
2025-01-07T13:42:23.364+0100 INFO               [http-nio-8081-exec-1]         be.pxl.services.services.PostService - Fetching posts with state 'SUBMITTED' for user 'gebruiker1'
2025-01-07T13:42:23.369+0100 DEBUG              [http-nio-8081-exec-1]         be.pxl.services.services.PostService - Mapping Post to PostResponse: Post(id=1, title=Dignissimos eu exerc, content=Quia esse tempora i, author=gebruiker1, authorId=1, category=Harum id quo laborio, state=SUBMITTED, createdAt=2025-01-07T13:36:50.485921, updatedAt=2025-01-07T13:36:50.485921)
2025-01-07T13:48:48.528+0100 INFO               [http-nio-8081-exec-3]         be.pxl.services.controller.PostController - Calling endpoint [GET] /api/post/published
2025-01-07T13:48:48.528+0100 INFO               [http-nio-8081-exec-3]         be.pxl.services.services.PostService - Fetching all published posts
2025-01-07T19:19:14.396+0100 INFO               [main]                         be.pxl.services.PostServiceApplication - Starting PostServiceApplication using Java 22.0.2 with PID 26100 (C:\Users\jitsk\Documents\Semester 2\Fullstack Java\Project\project-JitskeLenaerts\backend-java\PXL-Nieuwsartikelen\post-service\target\classes started by jitsk in C:\Users\jitsk\Documents\Semester 2\Fullstack Java\Project\project-JitskeLenaerts\backend-java\PXL-Nieuwsartikelen)
2025-01-07T19:19:14.397+0100 DEBUG              [main]                         be.pxl.services.PostServiceApplication - Running with Spring Boot v3.3.5, Spring v6.1.14
2025-01-07T19:19:14.397+0100 INFO               [main]                         be.pxl.services.PostServiceApplication - No active profile set, falling back to 1 default profile: "default"
2025-01-07T19:19:17.324+0100 INFO               [main]                         be.pxl.services.PostServiceApplication - Started PostServiceApplication in 3.425 seconds (process running for 4.519)
2025-01-08T09:14:30.858+0100 INFO               [main]                         be.pxl.services.PostServiceApplication - Starting PostServiceApplication using Java 22.0.2 with PID 20608 (C:\Users\jitsk\Documents\pxl\TIN\Semester 2\Fullstack Java\Project\project-JitskeLenaerts\backend-java\PXL-Nieuwsartikelen\post-service\target\classes started by jitsk in C:\Users\jitsk\Documents\pxl\TIN\Semester 2\Fullstack Java\Project\project-JitskeLenaerts\backend-java\PXL-Nieuwsartikelen)
2025-01-08T09:14:30.860+0100 DEBUG              [main]                         be.pxl.services.PostServiceApplication - Running with Spring Boot v3.3.5, Spring v6.1.14
2025-01-08T09:14:30.861+0100 INFO               [main]                         be.pxl.services.PostServiceApplication - No active profile set, falling back to 1 default profile: "default"
2025-01-08T09:14:40.728+0100 INFO               [main]                         be.pxl.services.PostServiceApplication - Started PostServiceApplication in 12.513 seconds (process running for 13.667)
2025-01-08T09:26:30.334+0100 INFO               [http-nio-8081-exec-1]         be.pxl.services.controller.PostController - Calling endpoint [GET] /api/post
2025-01-08T09:26:30.335+0100 INFO               [http-nio-8081-exec-1]         be.pxl.services.services.PostService - Fetching all posts
2025-01-08T09:26:30.511+0100 DEBUG              [http-nio-8081-exec-1]         be.pxl.services.services.PostService - Mapping Post to PostResponse: Post(id=109, title=Est sit culpa exerc, content=Lorem ipsum dolor sit amet, consectetur adipiscing elit. Praesent tellus quam, elementum eu mi ut, blandit tempor diam. Phasellus mattis urna tellus, eget eleifend nulla gravida at. Nulla facilisi. Aliquam sit amet mauris vel dolor interdum euismod. Fusce lectus elit, elementum ac ex at, mollis viverra velit. Curabitur fringilla cursus turpis laoreet tristique. Sed sollicitudin enim neque, sed tincidunt odio laoreet eget. Pellentesque ac feugiat nisl. Morbi at nunc posuere, sagittis nisl non, vulputate ante. Aliquam leo tellus, luctus ac eleifend vitae, bibendum vitae felis. Praesent interdum non dolor suscipit porttitor. Sed faucibus nisl ac aliquam lacinia. Integer condimentum interdum metus, nec tincidunt ex pellentesque sed. Praesent iaculis elit tortor, id sollicitudin elit dapibus sit amet. Vivamus malesuada ullamcorper dolor, a malesuada eros dapibus et. In ut erat sit amet orci pellentesque facilisis.

Donec viverra mauris quis blandit auctor. In quis mauris non velit accumsan ultrices. Nullam hendrerit odio ut lectus maximus tincidunt. Praesent eget justo eu diam fermentum cursus. Integer pulvinar sem ac quam pharetra, non luctus nunc vehicula. Pellentesque eleifend a nisl sollicitudin consequat. Donec vel tincidunt odio.

Nullam ligula dolor, porta nec ante ut, placerat elementum odio. Morbi vel luctus nisl, eget dapibus metus. Fusce a ipsum a dolor gravida malesuada vitae et lacus. Sed vulputate ipsum pellentesque libero eleifend imperdiet. Mauris leo nunc, porta sed varius nec, ultrices ac libero. Donec ut enim neque. Fusce mattis eget tortor et volutpat. Nulla auctor dui justo. Nullam suscipit, urna quis gravida commodo, mauris justo pharetra quam, luctus vestibulum erat enim eget nisi. Quisque placerat, sapien vitae efficitur interdum, eros massa imperdiet erat, non pulvinar dui turpis et augue. Aenean rutrum ipsum nunc. Pellentesque at egestas nunc.

Pellentesque faucibus neque nulla. Duis dignissim nisi a ipsum consectetur cursus. Suspendisse potenti. Nulla eget ultrices libero. Mauris congue, neque eu aliquam eleifend, sem massa cursus tortor, eu scelerisque nunc lorem sit amet velit. Nam faucibus convallis feugiat. Aenean aliquet nisi enim, id aliquam dolor vulputate ac. Donec eget lacus et metus elementum fermentum a ac augue.

Integer efficitur id augue eu consectetur. In eu vulputate orci, id dapibus diam. Nullam vitae sapien aliquet, condimentum sem a, elementum dolor. In tempus dictum venenatis. Sed orci sapien, luctus in pretium eu, semper in tortor. Maecenas pellentesque arcu eget elit placerat, eu commodo risus consectetur. Etiam fringilla mollis feugiat. Ut gravida nec dui eget ultrices. Donec eget quam eu nisl elementum auctor id nec est. Vestibulum pretium varius ante ac maximus. Interdum et malesuada fames ac ante ipsum primis in faucibus. Proin luctus ipsum elit, ac ultrices neque venenatis ac. Integer ac est id ipsum tempus vehicula et ut arcu. Maecenas bibendum gravida tempor. Nulla rhoncus tortor ac facilisis pharetra. Nunc porttitor mollis nibh, in volutpat justo egestas vitae., author=redacteur1, authorId=3, category=Cupidatat amet nesc, state=PUBLISHED, createdAt=2025-01-06T11:30:11.815456, updatedAt=2025-01-06T11:30:11.815456)
2025-01-08T09:26:30.515+0100 DEBUG              [http-nio-8081-exec-1]         be.pxl.services.services.PostService - Mapping Post to PostResponse: Post(id=110, title=Quis et in quo volup, content=Veniam aliqua Sint, author=gebruiker1, authorId=1, category=Facere minus aperiam, state=PUBLISHED, createdAt=2025-01-06T11:32:03.689545, updatedAt=2025-01-06T11:32:03.689545)
2025-01-08T09:26:30.593+0100 INFO               [http-nio-8081-exec-2]         be.pxl.services.services.PostService - Creating post for user 'gebruiker1': PostRequest(id=null, title=Hic a dolore adipisi, content=Lorem ipsum dolor sit amet, consectetur adipiscing elit. Etiam at pharetra augue, non gravida dolor. Mauris posuere volutpat magna, in interdum eros ullamcorper ac. Donec maximus tristique mi, vel convallis elit congue vel. Aenean id ipsum a ex semper tincidunt laoreet eu libero. Quisque a ante nisi. Nullam mauris magna, consequat eget ante vitae, faucibus vestibulum velit. Nullam pulvinar, ipsum ac sodales gravida, tellus erat volutpat lorem, ut eleifend metus ligula vel tortor.

Aenean nec mi hendrerit, aliquet nisl nec, lobortis dolor. Proin odio ante, bibendum ac libero et, vulputate iaculis sem. Duis lorem velit, porta vitae purus quis, mollis interdum turpis. Mauris hendrerit libero at hendrerit lacinia. Integer hendrerit dui eget accumsan lacinia. Fusce tincidunt, tortor eget elementum rhoncus, diam erat hendrerit turpis, non pellentesque arcu leo quis orci. Vivamus nec efficitur arcu. Aenean egestas consectetur sagittis. Quisque semper sem sit amet erat hendrerit semper. Quisque scelerisque quam sit amet tellus ullamcorper ullamcorper. Donec nec mollis orci. Suspendisse vulputate eros tristique ultrices condimentum. Ut consequat ac lacus vitae consequat.

Phasellus scelerisque ipsum in lacus convallis, sed gravida nisi imperdiet. Aliquam malesuada nibh non feugiat commodo. Donec cursus nibh neque, at gravida erat maximus id. Vivamus sagittis dignissim tincidunt. Vestibulum sodales magna nec nibh consequat, sed accumsan metus malesuada. Aliquam arcu massa, consequat ut egestas eu, posuere sed sem. Curabitur sit amet rutrum sem.

Nullam magna nisl, condimentum ac laoreet ut, semper a magna. Etiam non ligula mollis, ultrices erat id, convallis massa. Phasellus commodo, dolor ut consequat mollis, lacus magna consectetur nisi, quis imperdiet nisl erat in neque. Sed magna odio, convallis vitae erat vel, euismod fringilla felis. Mauris suscipit quam non enim vulputate finibus. Nunc in dui rutrum, rutrum massa ac, rhoncus quam. Pellentesque id nunc massa. Cras dictum turpis nulla, convallis facilisis ex eleifend at. Nullam ultricies feugiat diam, aliquam venenatis mi accumsan vel. Morbi dapibus augue augue. Praesent a eros vitae leo finibus porta. Sed pulvinar molestie lorem, pulvinar blandit libero dapibus vel. Morbi molestie pellentesque eros a scelerisque.

Ut et viverra enim, rhoncus elementum libero. Mauris ac arcu lobortis, vulputate urna quis, cursus nunc. Orci varius natoque penatibus et magnis dis parturient montes, nascetur ridiculus mus. Quisque varius, risus eu dictum efficitur, lectus risus porttitor ipsum, et finibus metus dolor ut libero. Praesent hendrerit urna eget ante tincidunt vestibulum. In elit lorem, tincidunt id accumsan nec, pulvinar et quam. Pellentesque eget malesuada neque. Donec pulvinar a purus id pharetra. Vivamus feugiat auctor leo vel fringilla. Nullam ut gravida nibh. Pellentesque tristique at felis eu finibus. Integer et porttitor massa. Vestibulum elementum, purus ac sagittis consequat, tortor ex accumsan mauris, id porta ex libero vel quam. Cras sed nisl tincidunt, feugiat tortor nec, tempor velit. Morbi finibus est quam, et posuere tellus dignissim non. Sed blandit magna sit amet nunc elementum suscipit quis a felis., author=Gebruiker Gevens, authorId=1, category=Iure consequatur So, state=SUBMITTED, createdAt=2025-01-08T08:25:58.600, updatedAt=2025-01-08T08:25:58.600)
2025-01-08T09:26:30.626+0100 DEBUG              [http-nio-8081-exec-2]         be.pxl.services.services.PostService - Mapping PostRequest to Post: PostRequest(id=null, title=Hic a dolore adipisi, content=Lorem ipsum dolor sit amet, consectetur adipiscing elit. Etiam at pharetra augue, non gravida dolor. Mauris posuere volutpat magna, in interdum eros ullamcorper ac. Donec maximus tristique mi, vel convallis elit congue vel. Aenean id ipsum a ex semper tincidunt laoreet eu libero. Quisque a ante nisi. Nullam mauris magna, consequat eget ante vitae, faucibus vestibulum velit. Nullam pulvinar, ipsum ac sodales gravida, tellus erat volutpat lorem, ut eleifend metus ligula vel tortor.

Aenean nec mi hendrerit, aliquet nisl nec, lobortis dolor. Proin odio ante, bibendum ac libero et, vulputate iaculis sem. Duis lorem velit, porta vitae purus quis, mollis interdum turpis. Mauris hendrerit libero at hendrerit lacinia. Integer hendrerit dui eget accumsan lacinia. Fusce tincidunt, tortor eget elementum rhoncus, diam erat hendrerit turpis, non pellentesque arcu leo quis orci. Vivamus nec efficitur arcu. Aenean egestas consectetur sagittis. Quisque semper sem sit amet erat hendrerit semper. Quisque scelerisque quam sit amet tellus ullamcorper ullamcorper. Donec nec mollis orci. Suspendisse vulputate eros tristique ultrices condimentum. Ut consequat ac lacus vitae consequat.

Phasellus scelerisque ipsum in lacus convallis, sed gravida nisi imperdiet. Aliquam malesuada nibh non feugiat commodo. Donec cursus nibh neque, at gravida erat maximus id. Vivamus sagittis dignissim tincidunt. Vestibulum sodales magna nec nibh consequat, sed accumsan metus malesuada. Aliquam arcu massa, consequat ut egestas eu, posuere sed sem. Curabitur sit amet rutrum sem.

Nullam magna nisl, condimentum ac laoreet ut, semper a magna. Etiam non ligula mollis, ultrices erat id, convallis massa. Phasellus commodo, dolor ut consequat mollis, lacus magna consectetur nisi, quis imperdiet nisl erat in neque. Sed magna odio, convallis vitae erat vel, euismod fringilla felis. Mauris suscipit quam non enim vulputate finibus. Nunc in dui rutrum, rutrum massa ac, rhoncus quam. Pellentesque id nunc massa. Cras dictum turpis nulla, convallis facilisis ex eleifend at. Nullam ultricies feugiat diam, aliquam venenatis mi accumsan vel. Morbi dapibus augue augue. Praesent a eros vitae leo finibus porta. Sed pulvinar molestie lorem, pulvinar blandit libero dapibus vel. Morbi molestie pellentesque eros a scelerisque.

Ut et viverra enim, rhoncus elementum libero. Mauris ac arcu lobortis, vulputate urna quis, cursus nunc. Orci varius natoque penatibus et magnis dis parturient montes, nascetur ridiculus mus. Quisque varius, risus eu dictum efficitur, lectus risus porttitor ipsum, et finibus metus dolor ut libero. Praesent hendrerit urna eget ante tincidunt vestibulum. In elit lorem, tincidunt id accumsan nec, pulvinar et quam. Pellentesque eget malesuada neque. Donec pulvinar a purus id pharetra. Vivamus feugiat auctor leo vel fringilla. Nullam ut gravida nibh. Pellentesque tristique at felis eu finibus. Integer et porttitor massa. Vestibulum elementum, purus ac sagittis consequat, tortor ex accumsan mauris, id porta ex libero vel quam. Cras sed nisl tincidunt, feugiat tortor nec, tempor velit. Morbi finibus est quam, et posuere tellus dignissim non. Sed blandit magna sit amet nunc elementum suscipit quis a felis., author=Gebruiker Gevens, authorId=1, category=Iure consequatur So, state=SUBMITTED, createdAt=2025-01-08T08:25:58.600, updatedAt=2025-01-08T08:25:58.600)
2025-01-08T09:26:30.923+0100 INFO               [http-nio-8081-exec-2]         be.pxl.services.services.PostService - Notification sent: NotificationRequest(message=Post created, sender=gebruiker1)
2025-01-08T09:26:30.923+0100 DEBUG              [http-nio-8081-exec-2]         be.pxl.services.services.PostService - Mapping Post to PostResponse: Post(id=152, title=Hic a dolore adipisi, content=Lorem ipsum dolor sit amet, consectetur adipiscing elit. Etiam at pharetra augue, non gravida dolor. Mauris posuere volutpat magna, in interdum eros ullamcorper ac. Donec maximus tristique mi, vel convallis elit congue vel. Aenean id ipsum a ex semper tincidunt laoreet eu libero. Quisque a ante nisi. Nullam mauris magna, consequat eget ante vitae, faucibus vestibulum velit. Nullam pulvinar, ipsum ac sodales gravida, tellus erat volutpat lorem, ut eleifend metus ligula vel tortor.

Aenean nec mi hendrerit, aliquet nisl nec, lobortis dolor. Proin odio ante, bibendum ac libero et, vulputate iaculis sem. Duis lorem velit, porta vitae purus quis, mollis interdum turpis. Mauris hendrerit libero at hendrerit lacinia. Integer hendrerit dui eget accumsan lacinia. Fusce tincidunt, tortor eget elementum rhoncus, diam erat hendrerit turpis, non pellentesque arcu leo quis orci. Vivamus nec efficitur arcu. Aenean egestas consectetur sagittis. Quisque semper sem sit amet erat hendrerit semper. Quisque scelerisque quam sit amet tellus ullamcorper ullamcorper. Donec nec mollis orci. Suspendisse vulputate eros tristique ultrices condimentum. Ut consequat ac lacus vitae consequat.

Phasellus scelerisque ipsum in lacus convallis, sed gravida nisi imperdiet. Aliquam malesuada nibh non feugiat commodo. Donec cursus nibh neque, at gravida erat maximus id. Vivamus sagittis dignissim tincidunt. Vestibulum sodales magna nec nibh consequat, sed accumsan metus malesuada. Aliquam arcu massa, consequat ut egestas eu, posuere sed sem. Curabitur sit amet rutrum sem.

Nullam magna nisl, condimentum ac laoreet ut, semper a magna. Etiam non ligula mollis, ultrices erat id, convallis massa. Phasellus commodo, dolor ut consequat mollis, lacus magna consectetur nisi, quis imperdiet nisl erat in neque. Sed magna odio, convallis vitae erat vel, euismod fringilla felis. Mauris suscipit quam non enim vulputate finibus. Nunc in dui rutrum, rutrum massa ac, rhoncus quam. Pellentesque id nunc massa. Cras dictum turpis nulla, convallis facilisis ex eleifend at. Nullam ultricies feugiat diam, aliquam venenatis mi accumsan vel. Morbi dapibus augue augue. Praesent a eros vitae leo finibus porta. Sed pulvinar molestie lorem, pulvinar blandit libero dapibus vel. Morbi molestie pellentesque eros a scelerisque.

Ut et viverra enim, rhoncus elementum libero. Mauris ac arcu lobortis, vulputate urna quis, cursus nunc. Orci varius natoque penatibus et magnis dis parturient montes, nascetur ridiculus mus. Quisque varius, risus eu dictum efficitur, lectus risus porttitor ipsum, et finibus metus dolor ut libero. Praesent hendrerit urna eget ante tincidunt vestibulum. In elit lorem, tincidunt id accumsan nec, pulvinar et quam. Pellentesque eget malesuada neque. Donec pulvinar a purus id pharetra. Vivamus feugiat auctor leo vel fringilla. Nullam ut gravida nibh. Pellentesque tristique at felis eu finibus. Integer et porttitor massa. Vestibulum elementum, purus ac sagittis consequat, tortor ex accumsan mauris, id porta ex libero vel quam. Cras sed nisl tincidunt, feugiat tortor nec, tempor velit. Morbi finibus est quam, et posuere tellus dignissim non. Sed blandit magna sit amet nunc elementum suscipit quis a felis., author=gebruiker1, authorId=1, category=Iure consequatur So, state=SUBMITTED, createdAt=2025-01-08T09:26:30.626763300, updatedAt=2025-01-08T09:26:30.626763300)
2025-01-08T09:26:30.923+0100 INFO               [http-nio-8081-exec-2]         be.pxl.services.controller.PostController - Creating new post
2025-01-08T09:26:30.960+0100 INFO               [http-nio-8081-exec-3]         be.pxl.services.controller.PostController - Handling request [GET] /api/post/state/SUBMITTED
2025-01-08T09:26:30.961+0100 INFO               [http-nio-8081-exec-3]         be.pxl.services.services.PostService - Fetching posts with state 'SUBMITTED' for user 'gebruiker1'
2025-01-08T09:26:30.969+0100 DEBUG              [http-nio-8081-exec-3]         be.pxl.services.services.PostService - Mapping Post to PostResponse: Post(id=152, title=Hic a dolore adipisi, content=Lorem ipsum dolor sit amet, consectetur adipiscing elit. Etiam at pharetra augue, non gravida dolor. Mauris posuere volutpat magna, in interdum eros ullamcorper ac. Donec maximus tristique mi, vel convallis elit congue vel. Aenean id ipsum a ex semper tincidunt laoreet eu libero. Quisque a ante nisi. Nullam mauris magna, consequat eget ante vitae, faucibus vestibulum velit. Nullam pulvinar, ipsum ac sodales gravida, tellus erat volutpat lorem, ut eleifend metus ligula vel tortor.

Aenean nec mi hendrerit, aliquet nisl nec, lobortis dolor. Proin odio ante, bibendum ac libero et, vulputate iaculis sem. Duis lorem velit, porta vitae purus quis, mollis interdum turpis. Mauris hendrerit libero at hendrerit lacinia. Integer hendrerit dui eget accumsan lacinia. Fusce tincidunt, tortor eget elementum rhoncus, diam erat hendrerit turpis, non pellentesque arcu leo quis orci. Vivamus nec efficitur arcu. Aenean egestas consectetur sagittis. Quisque semper sem sit amet erat hendrerit semper. Quisque scelerisque quam sit amet tellus ullamcorper ullamcorper. Donec nec mollis orci. Suspendisse vulputate eros tristique ultrices condimentum. Ut consequat ac lacus vitae consequat.

Phasellus scelerisque ipsum in lacus convallis, sed gravida nisi imperdiet. Aliquam malesuada nibh non feugiat commodo. Donec cursus nibh neque, at gravida erat maximus id. Vivamus sagittis dignissim tincidunt. Vestibulum sodales magna nec nibh consequat, sed accumsan metus malesuada. Aliquam arcu massa, consequat ut egestas eu, posuere sed sem. Curabitur sit amet rutrum sem.

Nullam magna nisl, condimentum ac laoreet ut, semper a magna. Etiam non ligula mollis, ultrices erat id, convallis massa. Phasellus commodo, dolor ut consequat mollis, lacus magna consectetur nisi, quis imperdiet nisl erat in neque. Sed magna odio, convallis vitae erat vel, euismod fringilla felis. Mauris suscipit quam non enim vulputate finibus. Nunc in dui rutrum, rutrum massa ac, rhoncus quam. Pellentesque id nunc massa. Cras dictum turpis nulla, convallis facilisis ex eleifend at. Nullam ultricies feugiat diam, aliquam venenatis mi accumsan vel. Morbi dapibus augue augue. Praesent a eros vitae leo finibus porta. Sed pulvinar molestie lorem, pulvinar blandit libero dapibus vel. Morbi molestie pellentesque eros a scelerisque.

Ut et viverra enim, rhoncus elementum libero. Mauris ac arcu lobortis, vulputate urna quis, cursus nunc. Orci varius natoque penatibus et magnis dis parturient montes, nascetur ridiculus mus. Quisque varius, risus eu dictum efficitur, lectus risus porttitor ipsum, et finibus metus dolor ut libero. Praesent hendrerit urna eget ante tincidunt vestibulum. In elit lorem, tincidunt id accumsan nec, pulvinar et quam. Pellentesque eget malesuada neque. Donec pulvinar a purus id pharetra. Vivamus feugiat auctor leo vel fringilla. Nullam ut gravida nibh. Pellentesque tristique at felis eu finibus. Integer et porttitor massa. Vestibulum elementum, purus ac sagittis consequat, tortor ex accumsan mauris, id porta ex libero vel quam. Cras sed nisl tincidunt, feugiat tortor nec, tempor velit. Morbi finibus est quam, et posuere tellus dignissim non. Sed blandit magna sit amet nunc elementum suscipit quis a felis., author=gebruiker1, authorId=1, category=Iure consequatur So, state=SUBMITTED, createdAt=2025-01-08T09:26:30.626763, updatedAt=2025-01-08T09:26:30.626763)
2025-01-08T09:26:32.319+0100 INFO               [http-nio-8081-exec-4]         be.pxl.services.services.PostService - Fetching post with ID '152' for user ''
2025-01-08T09:26:32.343+0100 DEBUG              [http-nio-8081-exec-4]         be.pxl.services.services.PostService - Mapping Post to PostResponse: Post(id=152, title=Hic a dolore adipisi, content=Lorem ipsum dolor sit amet, consectetur adipiscing elit. Etiam at pharetra augue, non gravida dolor. Mauris posuere volutpat magna, in interdum eros ullamcorper ac. Donec maximus tristique mi, vel convallis elit congue vel. Aenean id ipsum a ex semper tincidunt laoreet eu libero. Quisque a ante nisi. Nullam mauris magna, consequat eget ante vitae, faucibus vestibulum velit. Nullam pulvinar, ipsum ac sodales gravida, tellus erat volutpat lorem, ut eleifend metus ligula vel tortor.

Aenean nec mi hendrerit, aliquet nisl nec, lobortis dolor. Proin odio ante, bibendum ac libero et, vulputate iaculis sem. Duis lorem velit, porta vitae purus quis, mollis interdum turpis. Mauris hendrerit libero at hendrerit lacinia. Integer hendrerit dui eget accumsan lacinia. Fusce tincidunt, tortor eget elementum rhoncus, diam erat hendrerit turpis, non pellentesque arcu leo quis orci. Vivamus nec efficitur arcu. Aenean egestas consectetur sagittis. Quisque semper sem sit amet erat hendrerit semper. Quisque scelerisque quam sit amet tellus ullamcorper ullamcorper. Donec nec mollis orci. Suspendisse vulputate eros tristique ultrices condimentum. Ut consequat ac lacus vitae consequat.

Phasellus scelerisque ipsum in lacus convallis, sed gravida nisi imperdiet. Aliquam malesuada nibh non feugiat commodo. Donec cursus nibh neque, at gravida erat maximus id. Vivamus sagittis dignissim tincidunt. Vestibulum sodales magna nec nibh consequat, sed accumsan metus malesuada. Aliquam arcu massa, consequat ut egestas eu, posuere sed sem. Curabitur sit amet rutrum sem.

Nullam magna nisl, condimentum ac laoreet ut, semper a magna. Etiam non ligula mollis, ultrices erat id, convallis massa. Phasellus commodo, dolor ut consequat mollis, lacus magna consectetur nisi, quis imperdiet nisl erat in neque. Sed magna odio, convallis vitae erat vel, euismod fringilla felis. Mauris suscipit quam non enim vulputate finibus. Nunc in dui rutrum, rutrum massa ac, rhoncus quam. Pellentesque id nunc massa. Cras dictum turpis nulla, convallis facilisis ex eleifend at. Nullam ultricies feugiat diam, aliquam venenatis mi accumsan vel. Morbi dapibus augue augue. Praesent a eros vitae leo finibus porta. Sed pulvinar molestie lorem, pulvinar blandit libero dapibus vel. Morbi molestie pellentesque eros a scelerisque.

Ut et viverra enim, rhoncus elementum libero. Mauris ac arcu lobortis, vulputate urna quis, cursus nunc. Orci varius natoque penatibus et magnis dis parturient montes, nascetur ridiculus mus. Quisque varius, risus eu dictum efficitur, lectus risus porttitor ipsum, et finibus metus dolor ut libero. Praesent hendrerit urna eget ante tincidunt vestibulum. In elit lorem, tincidunt id accumsan nec, pulvinar et quam. Pellentesque eget malesuada neque. Donec pulvinar a purus id pharetra. Vivamus feugiat auctor leo vel fringilla. Nullam ut gravida nibh. Pellentesque tristique at felis eu finibus. Integer et porttitor massa. Vestibulum elementum, purus ac sagittis consequat, tortor ex accumsan mauris, id porta ex libero vel quam. Cras sed nisl tincidunt, feugiat tortor nec, tempor velit. Morbi finibus est quam, et posuere tellus dignissim non. Sed blandit magna sit amet nunc elementum suscipit quis a felis., author=gebruiker1, authorId=1, category=Iure consequatur So, state=SUBMITTED, createdAt=2025-01-08T09:26:30.626763, updatedAt=2025-01-08T09:26:30.626763)
2025-01-08T09:26:32.343+0100 INFO               [http-nio-8081-exec-4]         be.pxl.services.controller.PostController - Fetching specific post with id 152
2025-01-08T09:33:23.068+0100 INFO               [http-nio-8081-exec-6]         be.pxl.services.controller.PostController - Handling request [GET] /api/post/state/SUBMITTED
2025-01-08T09:33:23.069+0100 INFO               [http-nio-8081-exec-6]         be.pxl.services.services.PostService - Fetching posts with state 'SUBMITTED' for user 'gebruiker1'
2025-01-08T09:33:23.082+0100 DEBUG              [http-nio-8081-exec-6]         be.pxl.services.services.PostService - Mapping Post to PostResponse: Post(id=152, title=Hic a dolore adipisi, content=Lorem ipsum dolor sit amet, consectetur adipiscing elit. Etiam at pharetra augue, non gravida dolor. Mauris posuere volutpat magna, in interdum eros ullamcorper ac. Donec maximus tristique mi, vel convallis elit congue vel. Aenean id ipsum a ex semper tincidunt laoreet eu libero. Quisque a ante nisi. Nullam mauris magna, consequat eget ante vitae, faucibus vestibulum velit. Nullam pulvinar, ipsum ac sodales gravida, tellus erat volutpat lorem, ut eleifend metus ligula vel tortor.

Aenean nec mi hendrerit, aliquet nisl nec, lobortis dolor. Proin odio ante, bibendum ac libero et, vulputate iaculis sem. Duis lorem velit, porta vitae purus quis, mollis interdum turpis. Mauris hendrerit libero at hendrerit lacinia. Integer hendrerit dui eget accumsan lacinia. Fusce tincidunt, tortor eget elementum rhoncus, diam erat hendrerit turpis, non pellentesque arcu leo quis orci. Vivamus nec efficitur arcu. Aenean egestas consectetur sagittis. Quisque semper sem sit amet erat hendrerit semper. Quisque scelerisque quam sit amet tellus ullamcorper ullamcorper. Donec nec mollis orci. Suspendisse vulputate eros tristique ultrices condimentum. Ut consequat ac lacus vitae consequat.

Phasellus scelerisque ipsum in lacus convallis, sed gravida nisi imperdiet. Aliquam malesuada nibh non feugiat commodo. Donec cursus nibh neque, at gravida erat maximus id. Vivamus sagittis dignissim tincidunt. Vestibulum sodales magna nec nibh consequat, sed accumsan metus malesuada. Aliquam arcu massa, consequat ut egestas eu, posuere sed sem. Curabitur sit amet rutrum sem.

Nullam magna nisl, condimentum ac laoreet ut, semper a magna. Etiam non ligula mollis, ultrices erat id, convallis massa. Phasellus commodo, dolor ut consequat mollis, lacus magna consectetur nisi, quis imperdiet nisl erat in neque. Sed magna odio, convallis vitae erat vel, euismod fringilla felis. Mauris suscipit quam non enim vulputate finibus. Nunc in dui rutrum, rutrum massa ac, rhoncus quam. Pellentesque id nunc massa. Cras dictum turpis nulla, convallis facilisis ex eleifend at. Nullam ultricies feugiat diam, aliquam venenatis mi accumsan vel. Morbi dapibus augue augue. Praesent a eros vitae leo finibus porta. Sed pulvinar molestie lorem, pulvinar blandit libero dapibus vel. Morbi molestie pellentesque eros a scelerisque.

Ut et viverra enim, rhoncus elementum libero. Mauris ac arcu lobortis, vulputate urna quis, cursus nunc. Orci varius natoque penatibus et magnis dis parturient montes, nascetur ridiculus mus. Quisque varius, risus eu dictum efficitur, lectus risus porttitor ipsum, et finibus metus dolor ut libero. Praesent hendrerit urna eget ante tincidunt vestibulum. In elit lorem, tincidunt id accumsan nec, pulvinar et quam. Pellentesque eget malesuada neque. Donec pulvinar a purus id pharetra. Vivamus feugiat auctor leo vel fringilla. Nullam ut gravida nibh. Pellentesque tristique at felis eu finibus. Integer et porttitor massa. Vestibulum elementum, purus ac sagittis consequat, tortor ex accumsan mauris, id porta ex libero vel quam. Cras sed nisl tincidunt, feugiat tortor nec, tempor velit. Morbi finibus est quam, et posuere tellus dignissim non. Sed blandit magna sit amet nunc elementum suscipit quis a felis., author=gebruiker1, authorId=1, category=Iure consequatur So, state=SUBMITTED, createdAt=2025-01-08T09:26:30.626763, updatedAt=2025-01-08T09:26:30.626763)
2025-01-08T09:33:28.113+0100 INFO               [http-nio-8081-exec-7]         be.pxl.services.controller.PostController - Calling endpoint [GET] /api/post/published
2025-01-08T09:33:28.114+0100 INFO               [http-nio-8081-exec-7]         be.pxl.services.services.PostService - Fetching all published posts
2025-01-08T09:33:28.127+0100 DEBUG              [http-nio-8081-exec-7]         be.pxl.services.services.PostService - Mapping Post to PostResponse: Post(id=109, title=Est sit culpa exerc, content=Lorem ipsum dolor sit amet, consectetur adipiscing elit. Praesent tellus quam, elementum eu mi ut, blandit tempor diam. Phasellus mattis urna tellus, eget eleifend nulla gravida at. Nulla facilisi. Aliquam sit amet mauris vel dolor interdum euismod. Fusce lectus elit, elementum ac ex at, mollis viverra velit. Curabitur fringilla cursus turpis laoreet tristique. Sed sollicitudin enim neque, sed tincidunt odio laoreet eget. Pellentesque ac feugiat nisl. Morbi at nunc posuere, sagittis nisl non, vulputate ante. Aliquam leo tellus, luctus ac eleifend vitae, bibendum vitae felis. Praesent interdum non dolor suscipit porttitor. Sed faucibus nisl ac aliquam lacinia. Integer condimentum interdum metus, nec tincidunt ex pellentesque sed. Praesent iaculis elit tortor, id sollicitudin elit dapibus sit amet. Vivamus malesuada ullamcorper dolor, a malesuada eros dapibus et. In ut erat sit amet orci pellentesque facilisis.

Donec viverra mauris quis blandit auctor. In quis mauris non velit accumsan ultrices. Nullam hendrerit odio ut lectus maximus tincidunt. Praesent eget justo eu diam fermentum cursus. Integer pulvinar sem ac quam pharetra, non luctus nunc vehicula. Pellentesque eleifend a nisl sollicitudin consequat. Donec vel tincidunt odio.

Nullam ligula dolor, porta nec ante ut, placerat elementum odio. Morbi vel luctus nisl, eget dapibus metus. Fusce a ipsum a dolor gravida malesuada vitae et lacus. Sed vulputate ipsum pellentesque libero eleifend imperdiet. Mauris leo nunc, porta sed varius nec, ultrices ac libero. Donec ut enim neque. Fusce mattis eget tortor et volutpat. Nulla auctor dui justo. Nullam suscipit, urna quis gravida commodo, mauris justo pharetra quam, luctus vestibulum erat enim eget nisi. Quisque placerat, sapien vitae efficitur interdum, eros massa imperdiet erat, non pulvinar dui turpis et augue. Aenean rutrum ipsum nunc. Pellentesque at egestas nunc.

Pellentesque faucibus neque nulla. Duis dignissim nisi a ipsum consectetur cursus. Suspendisse potenti. Nulla eget ultrices libero. Mauris congue, neque eu aliquam eleifend, sem massa cursus tortor, eu scelerisque nunc lorem sit amet velit. Nam faucibus convallis feugiat. Aenean aliquet nisi enim, id aliquam dolor vulputate ac. Donec eget lacus et metus elementum fermentum a ac augue.

Integer efficitur id augue eu consectetur. In eu vulputate orci, id dapibus diam. Nullam vitae sapien aliquet, condimentum sem a, elementum dolor. In tempus dictum venenatis. Sed orci sapien, luctus in pretium eu, semper in tortor. Maecenas pellentesque arcu eget elit placerat, eu commodo risus consectetur. Etiam fringilla mollis feugiat. Ut gravida nec dui eget ultrices. Donec eget quam eu nisl elementum auctor id nec est. Vestibulum pretium varius ante ac maximus. Interdum et malesuada fames ac ante ipsum primis in faucibus. Proin luctus ipsum elit, ac ultrices neque venenatis ac. Integer ac est id ipsum tempus vehicula et ut arcu. Maecenas bibendum gravida tempor. Nulla rhoncus tortor ac facilisis pharetra. Nunc porttitor mollis nibh, in volutpat justo egestas vitae., author=redacteur1, authorId=3, category=Cupidatat amet nesc, state=PUBLISHED, createdAt=2025-01-06T11:30:11.815456, updatedAt=2025-01-06T11:30:11.815456)
2025-01-08T09:33:28.127+0100 DEBUG              [http-nio-8081-exec-7]         be.pxl.services.services.PostService - Mapping Post to PostResponse: Post(id=110, title=Quis et in quo volup, content=Veniam aliqua Sint, author=gebruiker1, authorId=1, category=Facere minus aperiam, state=PUBLISHED, createdAt=2025-01-06T11:32:03.689545, updatedAt=2025-01-06T11:32:03.689545)
2025-01-08T09:33:34.932+0100 INFO               [http-nio-8081-exec-8]         be.pxl.services.services.PostService - Fetching post with ID '110' for user ''
2025-01-08T09:33:34.950+0100 DEBUG              [http-nio-8081-exec-8]         be.pxl.services.services.PostService - Mapping Post to PostResponse: Post(id=110, title=Quis et in quo volup, content=Veniam aliqua Sint, author=gebruiker1, authorId=1, category=Facere minus aperiam, state=PUBLISHED, createdAt=2025-01-06T11:32:03.689545, updatedAt=2025-01-06T11:32:03.689545)
2025-01-08T09:33:34.951+0100 INFO               [http-nio-8081-exec-8]         be.pxl.services.controller.PostController - Fetching specific post with id 110
2025-01-08T09:33:40.289+0100 INFO               [http-nio-8081-exec-9]         be.pxl.services.controller.PostController - Calling endpoint [GET] /api/post/published
2025-01-08T09:33:40.289+0100 INFO               [http-nio-8081-exec-9]         be.pxl.services.services.PostService - Fetching all published posts
2025-01-08T09:33:40.301+0100 DEBUG              [http-nio-8081-exec-9]         be.pxl.services.services.PostService - Mapping Post to PostResponse: Post(id=109, title=Est sit culpa exerc, content=Lorem ipsum dolor sit amet, consectetur adipiscing elit. Praesent tellus quam, elementum eu mi ut, blandit tempor diam. Phasellus mattis urna tellus, eget eleifend nulla gravida at. Nulla facilisi. Aliquam sit amet mauris vel dolor interdum euismod. Fusce lectus elit, elementum ac ex at, mollis viverra velit. Curabitur fringilla cursus turpis laoreet tristique. Sed sollicitudin enim neque, sed tincidunt odio laoreet eget. Pellentesque ac feugiat nisl. Morbi at nunc posuere, sagittis nisl non, vulputate ante. Aliquam leo tellus, luctus ac eleifend vitae, bibendum vitae felis. Praesent interdum non dolor suscipit porttitor. Sed faucibus nisl ac aliquam lacinia. Integer condimentum interdum metus, nec tincidunt ex pellentesque sed. Praesent iaculis elit tortor, id sollicitudin elit dapibus sit amet. Vivamus malesuada ullamcorper dolor, a malesuada eros dapibus et. In ut erat sit amet orci pellentesque facilisis.

Donec viverra mauris quis blandit auctor. In quis mauris non velit accumsan ultrices. Nullam hendrerit odio ut lectus maximus tincidunt. Praesent eget justo eu diam fermentum cursus. Integer pulvinar sem ac quam pharetra, non luctus nunc vehicula. Pellentesque eleifend a nisl sollicitudin consequat. Donec vel tincidunt odio.

Nullam ligula dolor, porta nec ante ut, placerat elementum odio. Morbi vel luctus nisl, eget dapibus metus. Fusce a ipsum a dolor gravida malesuada vitae et lacus. Sed vulputate ipsum pellentesque libero eleifend imperdiet. Mauris leo nunc, porta sed varius nec, ultrices ac libero. Donec ut enim neque. Fusce mattis eget tortor et volutpat. Nulla auctor dui justo. Nullam suscipit, urna quis gravida commodo, mauris justo pharetra quam, luctus vestibulum erat enim eget nisi. Quisque placerat, sapien vitae efficitur interdum, eros massa imperdiet erat, non pulvinar dui turpis et augue. Aenean rutrum ipsum nunc. Pellentesque at egestas nunc.

Pellentesque faucibus neque nulla. Duis dignissim nisi a ipsum consectetur cursus. Suspendisse potenti. Nulla eget ultrices libero. Mauris congue, neque eu aliquam eleifend, sem massa cursus tortor, eu scelerisque nunc lorem sit amet velit. Nam faucibus convallis feugiat. Aenean aliquet nisi enim, id aliquam dolor vulputate ac. Donec eget lacus et metus elementum fermentum a ac augue.

Integer efficitur id augue eu consectetur. In eu vulputate orci, id dapibus diam. Nullam vitae sapien aliquet, condimentum sem a, elementum dolor. In tempus dictum venenatis. Sed orci sapien, luctus in pretium eu, semper in tortor. Maecenas pellentesque arcu eget elit placerat, eu commodo risus consectetur. Etiam fringilla mollis feugiat. Ut gravida nec dui eget ultrices. Donec eget quam eu nisl elementum auctor id nec est. Vestibulum pretium varius ante ac maximus. Interdum et malesuada fames ac ante ipsum primis in faucibus. Proin luctus ipsum elit, ac ultrices neque venenatis ac. Integer ac est id ipsum tempus vehicula et ut arcu. Maecenas bibendum gravida tempor. Nulla rhoncus tortor ac facilisis pharetra. Nunc porttitor mollis nibh, in volutpat justo egestas vitae., author=redacteur1, authorId=3, category=Cupidatat amet nesc, state=PUBLISHED, createdAt=2025-01-06T11:30:11.815456, updatedAt=2025-01-06T11:30:11.815456)
2025-01-08T09:33:40.301+0100 DEBUG              [http-nio-8081-exec-9]         be.pxl.services.services.PostService - Mapping Post to PostResponse: Post(id=110, title=Quis et in quo volup, content=Veniam aliqua Sint, author=gebruiker1, authorId=1, category=Facere minus aperiam, state=PUBLISHED, createdAt=2025-01-06T11:32:03.689545, updatedAt=2025-01-06T11:32:03.689545)
2025-01-08T09:38:05.050+0100 INFO               [http-nio-8081-exec-1]         be.pxl.services.controller.PostController - Calling endpoint [GET] /api/post/published
2025-01-08T09:38:05.050+0100 INFO               [http-nio-8081-exec-1]         be.pxl.services.services.PostService - Fetching all published posts
2025-01-08T09:38:22.467+0100 INFO               [http-nio-8081-exec-2]         be.pxl.services.controller.PostController - Calling endpoint [GET] /api/post
2025-01-08T09:38:22.468+0100 INFO               [http-nio-8081-exec-2]         be.pxl.services.services.PostService - Fetching all posts
2025-01-08T09:38:22.514+0100 INFO               [http-nio-8081-exec-3]         be.pxl.services.services.PostService - Creating post for user 'gebruiker1': PostRequest(id=null, title=Enim incididunt in i, content=Commodo temporibus l, author=Gebruiker Gevens, authorId=1, category=Exercitation aut arc, state=SUBMITTED, createdAt=2025-01-08T08:38:19.015, updatedAt=2025-01-08T08:38:19.015)
2025-01-08T09:38:22.522+0100 DEBUG              [http-nio-8081-exec-3]         be.pxl.services.services.PostService - Mapping PostRequest to Post: PostRequest(id=null, title=Enim incididunt in i, content=Commodo temporibus l, author=Gebruiker Gevens, authorId=1, category=Exercitation aut arc, state=SUBMITTED, createdAt=2025-01-08T08:38:19.015, updatedAt=2025-01-08T08:38:19.015)
2025-01-08T09:38:22.567+0100 INFO               [http-nio-8081-exec-3]         be.pxl.services.services.PostService - Notification sent: NotificationRequest(message=Post created, sender=gebruiker1)
2025-01-08T09:38:22.567+0100 DEBUG              [http-nio-8081-exec-3]         be.pxl.services.services.PostService - Mapping Post to PostResponse: Post(id=153, title=Enim incididunt in i, content=Commodo temporibus l, author=gebruiker1, authorId=1, category=Exercitation aut arc, state=SUBMITTED, createdAt=2025-01-08T09:38:22.523402200, updatedAt=2025-01-08T09:38:22.523402200)
2025-01-08T09:38:22.567+0100 INFO               [http-nio-8081-exec-3]         be.pxl.services.controller.PostController - Creating new post
2025-01-08T09:38:22.610+0100 INFO               [http-nio-8081-exec-4]         be.pxl.services.controller.PostController - Handling request [GET] /api/post/state/SUBMITTED
2025-01-08T09:38:22.610+0100 INFO               [http-nio-8081-exec-4]         be.pxl.services.services.PostService - Fetching posts with state 'SUBMITTED' for user 'gebruiker1'
2025-01-08T09:38:22.620+0100 DEBUG              [http-nio-8081-exec-4]         be.pxl.services.services.PostService - Mapping Post to PostResponse: Post(id=153, title=Enim incididunt in i, content=Commodo temporibus l, author=gebruiker1, authorId=1, category=Exercitation aut arc, state=SUBMITTED, createdAt=2025-01-08T09:38:22.523402, updatedAt=2025-01-08T09:38:22.523402)
2025-01-08T09:38:28.123+0100 INFO               [http-nio-8081-exec-5]         be.pxl.services.controller.PostController - Calling endpoint [GET] /api/post
2025-01-08T09:38:28.123+0100 INFO               [http-nio-8081-exec-5]         be.pxl.services.services.PostService - Fetching all posts
2025-01-08T09:38:28.143+0100 DEBUG              [http-nio-8081-exec-5]         be.pxl.services.services.PostService - Mapping Post to PostResponse: Post(id=153, title=Enim incididunt in i, content=Commodo temporibus l, author=gebruiker1, authorId=1, category=Exercitation aut arc, state=SUBMITTED, createdAt=2025-01-08T09:38:22.523402, updatedAt=2025-01-08T09:38:22.523402)
2025-01-08T09:38:28.165+0100 INFO               [http-nio-8081-exec-6]         be.pxl.services.services.PostService - Creating post for user 'gebruiker1': PostRequest(id=null, title=Aut aspernatur volup, content=Odit nulla sed tenet, author=Gebruiker Gevens, authorId=1, category=Ipsum culpa et liber, state=CONCEPT, createdAt=2025-01-08T08:38:24.042, updatedAt=2025-01-08T08:38:24.042)
2025-01-08T09:38:28.172+0100 DEBUG              [http-nio-8081-exec-6]         be.pxl.services.services.PostService - Mapping PostRequest to Post: PostRequest(id=null, title=Aut aspernatur volup, content=Odit nulla sed tenet, author=Gebruiker Gevens, authorId=1, category=Ipsum culpa et liber, state=CONCEPT, createdAt=2025-01-08T08:38:24.042, updatedAt=2025-01-08T08:38:24.042)
2025-01-08T09:38:28.279+0100 INFO               [http-nio-8081-exec-6]         be.pxl.services.services.PostService - Notification sent: NotificationRequest(message=Post created, sender=gebruiker1)
2025-01-08T09:38:28.279+0100 DEBUG              [http-nio-8081-exec-6]         be.pxl.services.services.PostService - Mapping Post to PostResponse: Post(id=154, title=Aut aspernatur volup, content=Odit nulla sed tenet, author=gebruiker1, authorId=1, category=Ipsum culpa et liber, state=CONCEPT, createdAt=2025-01-08T09:38:28.173137800, updatedAt=2025-01-08T09:38:28.173137800)
2025-01-08T09:38:28.279+0100 INFO               [http-nio-8081-exec-6]         be.pxl.services.controller.PostController - Creating new post
2025-01-08T09:38:28.320+0100 INFO               [http-nio-8081-exec-7]         be.pxl.services.controller.PostController - Handling request [GET] /api/post/filter/CONCEPT
2025-01-08T09:38:28.321+0100 INFO               [http-nio-8081-exec-7]         be.pxl.services.services.PostService - Fetching posts for user 'gebruiker1' with state 'CONCEPT' and author ID: 1
2025-01-08T09:38:28.333+0100 DEBUG              [http-nio-8081-exec-7]         be.pxl.services.services.PostService - Mapping Post to PostResponse: Post(id=154, title=Aut aspernatur volup, content=Odit nulla sed tenet, author=gebruiker1, authorId=1, category=Ipsum culpa et liber, state=CONCEPT, createdAt=2025-01-08T09:38:28.173138, updatedAt=2025-01-08T09:38:28.173138)
2025-01-08T09:38:34.362+0100 INFO               [http-nio-8081-exec-8]         be.pxl.services.controller.PostController - Handling request [GET] /api/post/state/SUBMITTED
2025-01-08T09:38:34.363+0100 INFO               [http-nio-8081-exec-8]         be.pxl.services.services.PostService - Fetching posts with state 'SUBMITTED' for user 'redacteur1'
2025-01-08T09:38:34.373+0100 DEBUG              [http-nio-8081-exec-8]         be.pxl.services.services.PostService - Mapping Post to PostResponse: Post(id=153, title=Enim incididunt in i, content=Commodo temporibus l, author=gebruiker1, authorId=1, category=Exercitation aut arc, state=SUBMITTED, createdAt=2025-01-08T09:38:22.523402, updatedAt=2025-01-08T09:38:22.523402)
2025-01-08T09:38:36.298+0100 INFO               [org.springframework.amqp.rabbit.RabbitListenerEndpointContainer#0-1] be.pxl.services.services.MailSenderService - Placing subject: Blog "Enim incididunt in i" approved and text: The blog with title "Enim incididunt in i" has been approved and is ready to be published. into mail properties.
2025-01-08T09:38:39.552+0100 INFO               [http-nio-8081-exec-9]         be.pxl.services.controller.PostController - Calling endpoint [GET] /api/post/published
2025-01-08T09:38:39.552+0100 INFO               [http-nio-8081-exec-9]         be.pxl.services.services.PostService - Fetching all published posts
2025-01-08T09:38:46.587+0100 INFO               [http-nio-8081-exec-10]        be.pxl.services.controller.PostController - Handling request [GET] /api/post/state/APPROVED
2025-01-08T09:38:46.587+0100 INFO               [http-nio-8081-exec-10]        be.pxl.services.services.PostService - Fetching posts with state 'APPROVED' for user 'gebruiker1'
2025-01-08T09:38:46.596+0100 DEBUG              [http-nio-8081-exec-10]        be.pxl.services.services.PostService - Mapping Post to PostResponse: Post(id=153, title=Enim incididunt in i, content=Commodo temporibus l, author=gebruiker1, authorId=1, category=Exercitation aut arc, state=APPROVED, createdAt=2025-01-08T09:38:22.523402, updatedAt=2025-01-08T09:38:22.523402)
2025-01-08T09:38:48.458+0100 INFO               [http-nio-8081-exec-1]         be.pxl.services.controller.PostController - Publishing post with ID 153.
2025-01-08T09:38:48.458+0100 INFO               [http-nio-8081-exec-1]         be.pxl.services.services.PostService - Publishing post with ID '153' for user 'gebruiker1'
2025-01-08T09:38:48.538+0100 INFO               [http-nio-8081-exec-1]         be.pxl.services.services.PostService - Post with ID '153' published successfully
2025-01-08T09:38:48.538+0100 DEBUG              [http-nio-8081-exec-1]         be.pxl.services.services.PostService - Mapping Post to PostResponse: Post(id=153, title=Enim incididunt in i, content=Commodo temporibus l, author=gebruiker1, authorId=1, category=Exercitation aut arc, state=PUBLISHED, createdAt=2025-01-08T09:38:22.523402, updatedAt=2025-01-08T09:38:22.523402)
2025-01-08T09:38:48.578+0100 INFO               [http-nio-8081-exec-2]         be.pxl.services.controller.PostController - Calling endpoint [GET] /api/post/published
2025-01-08T09:38:48.579+0100 INFO               [http-nio-8081-exec-2]         be.pxl.services.services.PostService - Fetching all published posts
2025-01-08T09:38:48.586+0100 DEBUG              [http-nio-8081-exec-2]         be.pxl.services.services.PostService - Mapping Post to PostResponse: Post(id=153, title=Enim incididunt in i, content=Commodo temporibus l, author=gebruiker1, authorId=1, category=Exercitation aut arc, state=PUBLISHED, createdAt=2025-01-08T09:38:22.523402, updatedAt=2025-01-08T09:38:22.523402)
2025-01-08T09:38:54.299+0100 INFO               [http-nio-8081-exec-3]         be.pxl.services.services.PostService - Fetching post with ID '153' for user ''
2025-01-08T09:38:54.316+0100 DEBUG              [http-nio-8081-exec-3]         be.pxl.services.services.PostService - Mapping Post to PostResponse: Post(id=153, title=Enim incididunt in i, content=Commodo temporibus l, author=gebruiker1, authorId=1, category=Exercitation aut arc, state=PUBLISHED, createdAt=2025-01-08T09:38:22.523402, updatedAt=2025-01-08T09:38:22.523402)
2025-01-08T09:38:54.317+0100 INFO               [http-nio-8081-exec-3]         be.pxl.services.controller.PostController - Fetching specific post with id 153
2025-01-08T09:58:38.777+0100 INFO               [main]                         be.pxl.services.PostServiceApplication - Starting PostServiceApplication using Java 22.0.2 with PID 2544 (C:\Users\jitsk\Documents\pxl\TIN\Semester 2\Fullstack Java\Project\project-JitskeLenaerts\backend-java\PXL-Nieuwsartikelen\post-service\target\classes started by jitsk in C:\Users\jitsk\Documents\pxl\TIN\Semester 2\Fullstack Java\Project\project-JitskeLenaerts\backend-java\PXL-Nieuwsartikelen)
2025-01-08T09:58:38.779+0100 DEBUG              [main]                         be.pxl.services.PostServiceApplication - Running with Spring Boot v3.3.5, Spring v6.1.14
2025-01-08T09:58:38.780+0100 INFO               [main]                         be.pxl.services.PostServiceApplication - No active profile set, falling back to 1 default profile: "default"
2025-01-08T09:58:44.432+0100 INFO               [main]                         be.pxl.services.PostServiceApplication - Started PostServiceApplication in 6.767 seconds (process running for 7.575)
2025-01-08T18:43:08.768+0100 INFO               [main]                         be.pxl.services.PostServiceApplication - Starting PostServiceApplication using Java 22.0.2 with PID 4172 (C:\Users\jitsk\Documents\pxl\TIN\Semester 2\Fullstack Java\Project\project-JitskeLenaerts\backend-java\PXL-Nieuwsartikelen\post-service\target\classes started by jitsk in C:\Users\jitsk\Documents\pxl\TIN\Semester 2\Fullstack Java\Project\project-JitskeLenaerts\backend-java\PXL-Nieuwsartikelen)
2025-01-08T18:43:08.770+0100 DEBUG              [main]                         be.pxl.services.PostServiceApplication - Running with Spring Boot v3.3.5, Spring v6.1.14
2025-01-08T18:43:08.771+0100 INFO               [main]                         be.pxl.services.PostServiceApplication - No active profile set, falling back to 1 default profile: "default"
2025-01-08T18:43:17.551+0100 INFO               [main]                         be.pxl.services.PostServiceApplication - Started PostServiceApplication in 10.948 seconds (process running for 11.773)
2025-01-08T21:03:18.493+0100 INFO               [main]                         be.pxl.services.PostServiceApplication - Starting PostServiceApplication using Java 22.0.2 with PID 20220 (C:\Users\jitsk\Documents\pxl\TIN\Semester 2\Fullstack Java\Project\project-JitskeLenaerts\backend-java\PXL-Nieuwsartikelen\post-service\target\classes started by jitsk in C:\Users\jitsk\Documents\pxl\TIN\Semester 2\Fullstack Java\Project\project-JitskeLenaerts\backend-java\PXL-Nieuwsartikelen)
2025-01-08T21:03:18.494+0100 DEBUG              [main]                         be.pxl.services.PostServiceApplication - Running with Spring Boot v3.3.5, Spring v6.1.14
2025-01-08T21:03:18.495+0100 INFO               [main]                         be.pxl.services.PostServiceApplication - No active profile set, falling back to 1 default profile: "default"
2025-01-08T21:03:27.883+0100 INFO               [main]                         be.pxl.services.PostServiceApplication - Started PostServiceApplication in 11.495 seconds (process running for 13.797)
