2025-01-02T21:24:02.126+01:00  INFO 25336 --- [post-service] [main] o.s.c.c.c.ConfigServerConfigDataLoader   : Fetching config from server at : http://localhost:8088/
2025-01-02T21:24:02.126+01:00  INFO 25336 --- [post-service] [main] o.s.c.c.c.ConfigServerConfigDataLoader   : Located environment: name=post-service, profiles=[default], label=null, version=null, state=null
2025-01-02T21:24:02.494+01:00  INFO 25336 --- [post-service] [main] .s.d.r.c.RepositoryConfigurationDelegate : Bootstrapping Spring Data JPA repositories in DEFAULT mode.
2025-01-02T21:24:02.562+01:00  INFO 25336 --- [post-service] [main] .s.d.r.c.RepositoryConfigurationDelegate : Finished Spring Data repository scanning in 65 ms. Found 1 JPA repository interface.
2025-01-02T21:24:02.696+01:00  INFO 25336 --- [post-service] [main] o.s.cloud.context.scope.GenericScope     : BeanFactory id=8241ac07-e005-39aa-8600-bd1340339cb3
2025-01-02T21:24:02.763+01:00  WARN 25336 --- [post-service] [main] trationDelegate$BeanPostProcessorChecker : Bean 'org.springframework.cloud.client.loadbalancer.LoadBalancerAutoConfiguration$DeferringLoadBalancerInterceptorConfig' of type [org.springframework.cloud.client.loadbalancer.LoadBalancerAutoConfiguration$DeferringLoadBalancerInterceptorConfig] is not eligible for getting processed by all BeanPostProcessors (for example: not eligible for auto-proxying). The currently created BeanPostProcessor [lbRestClientPostProcessor] is declared through a non-static factory method on that class; consider declaring it as static instead.
2025-01-02T21:24:02.764+01:00  WARN 25336 --- [post-service] [main] trationDelegate$BeanPostProcessorChecker : Bean 'deferringLoadBalancerInterceptor' of type [org.springframework.cloud.client.loadbalancer.DeferringLoadBalancerInterceptor] is not eligible for getting processed by all BeanPostProcessors (for example: not eligible for auto-proxying). Is this bean getting eagerly injected/applied to a currently created BeanPostProcessor [lbRestClientPostProcessor]? Check the corresponding BeanPostProcessor declaration and its dependencies/advisors. If this bean does not have to be post-processed, declare it with ROLE_INFRASTRUCTURE.
2025-01-02T21:24:02.876+01:00  INFO 25336 --- [post-service] [main] o.s.b.w.embedded.tomcat.TomcatWebServer  : Tomcat initialized with port 8081 (http)
2025-01-02T21:24:02.882+01:00  INFO 25336 --- [post-service] [main] o.apache.catalina.core.StandardService   : Starting service [Tomcat]
2025-01-02T21:24:02.883+01:00  INFO 25336 --- [post-service] [main] o.apache.catalina.core.StandardEngine    : Starting Servlet engine: [Apache Tomcat/10.1.31]
2025-01-02T21:24:02.918+01:00  INFO 25336 --- [post-service] [main] o.a.c.c.C.[Tomcat].[localhost].[/]       : Initializing Spring embedded WebApplicationContext
2025-01-02T21:24:02.918+01:00  INFO 25336 --- [post-service] [main] w.s.c.ServletWebServerApplicationContext : Root WebApplicationContext: initialization completed in 791 ms
2025-01-02T21:24:03.007+01:00  INFO 25336 --- [post-service] [main] o.hibernate.jpa.internal.util.LogHelper  : HHH000204: Processing PersistenceUnitInfo [name: default]
2025-01-02T21:24:03.049+01:00  INFO 25336 --- [post-service] [main] org.hibernate.Version                    : HHH000412: Hibernate ORM core version 6.5.3.Final
2025-01-02T21:24:03.072+01:00  INFO 25336 --- [post-service] [main] o.h.c.internal.RegionFactoryInitiator    : HHH000026: Second-level cache disabled
2025-01-02T21:24:03.242+01:00  INFO 25336 --- [post-service] [main] o.s.o.j.p.SpringPersistenceUnitInfo      : No LoadTimeWeaver setup: ignoring JPA class transformer
2025-01-02T21:24:03.260+01:00  INFO 25336 --- [post-service] [main] com.zaxxer.hikari.HikariDataSource       : HikariPool-1 - Starting...
2025-01-02T21:24:03.438+01:00  INFO 25336 --- [post-service] [main] com.zaxxer.hikari.pool.HikariPool        : HikariPool-1 - Added connection com.mysql.cj.jdbc.ConnectionImpl@6bfdaed7
2025-01-02T21:24:03.440+01:00  INFO 25336 --- [post-service] [main] com.zaxxer.hikari.HikariDataSource       : HikariPool-1 - Start completed.
2025-01-02T21:24:03.468+01:00  WARN 25336 --- [post-service] [main] org.hibernate.orm.deprecation            : HHH90000025: MySQL8Dialect does not need to be specified explicitly using 'hibernate.dialect' (remove the property setting and it will be selected by default)
2025-01-02T21:24:03.468+01:00  WARN 25336 --- [post-service] [main] org.hibernate.orm.deprecation            : HHH90000026: MySQL8Dialect has been deprecated; use org.hibernate.dialect.MySQLDialect instead
2025-01-02T21:24:03.948+01:00  INFO 25336 --- [post-service] [main] o.h.e.t.j.p.i.JtaPlatformInitiator       : HHH000489: No JTA platform available (set 'hibernate.transaction.jta.platform' to enable JTA platform integration)
2025-01-02T21:24:04.066+01:00  INFO 25336 --- [post-service] [main] j.LocalContainerEntityManagerFactoryBean : Initialized JPA EntityManagerFactory for persistence unit 'default'
2025-01-02T21:24:04.262+01:00  WARN 25336 --- [post-service] [main] JpaBaseConfiguration$JpaWebConfiguration : spring.jpa.open-in-view is enabled by default. Therefore, database queries may be performed during view rendering. Explicitly configure spring.jpa.open-in-view to disable this warning
2025-01-02T21:24:04.313+01:00  INFO 25336 --- [post-service] [main] o.s.c.openfeign.FeignClientFactoryBean   : For 'notification-service' URL not provided. Will try picking an instance via load-balancing.
2025-01-02T21:24:04.628+01:00  INFO 25336 --- [post-service] [main] DiscoveryClientOptionalArgsConfiguration : Eureka HTTP Client uses RestTemplate.
2025-01-02T21:24:04.645+01:00  WARN 25336 --- [post-service] [main] iguration$LoadBalancerCaffeineWarnLogger : Spring Cloud LoadBalancer is currently working with the default cache. While this cache implementation is useful for development and tests, it's recommended to use Caffeine cache in production.You can switch to using Caffeine cache, by adding it and org.springframework.cache.caffeine.CaffeineCacheManager to the classpath.
2025-01-02T21:24:04.705+01:00  INFO 25336 --- [post-service] [main] o.s.c.n.eureka.InstanceInfoFactory       : Setting initial instance status as: STARTING
2025-01-02T21:24:04.716+01:00  INFO 25336 --- [post-service] [main] com.netflix.discovery.DiscoveryClient    : Initializing Eureka in region us-east-1
2025-01-02T21:24:04.719+01:00  INFO 25336 --- [post-service] [main] c.n.d.s.r.aws.ConfigClusterResolver      : Resolving eureka endpoints via configuration
2025-01-02T21:24:04.723+01:00  INFO 25336 --- [post-service] [main] com.netflix.discovery.DiscoveryClient    : Disable delta property : false
2025-01-02T21:24:04.723+01:00  INFO 25336 --- [post-service] [main] com.netflix.discovery.DiscoveryClient    : Single vip registry refresh property : null
2025-01-02T21:24:04.723+01:00  INFO 25336 --- [post-service] [main] com.netflix.discovery.DiscoveryClient    : Force full registry fetch : false
2025-01-02T21:24:04.723+01:00  INFO 25336 --- [post-service] [main] com.netflix.discovery.DiscoveryClient    : Application is null : false
2025-01-02T21:24:04.723+01:00  INFO 25336 --- [post-service] [main] com.netflix.discovery.DiscoveryClient    : Registered Applications size is zero : true
2025-01-02T21:24:04.723+01:00  INFO 25336 --- [post-service] [main] com.netflix.discovery.DiscoveryClient    : Application version is -1: true
2025-01-02T21:24:04.723+01:00  INFO 25336 --- [post-service] [main] com.netflix.discovery.DiscoveryClient    : Getting all instance registry info from the eureka server
2025-01-02T21:24:04.822+01:00  INFO 25336 --- [post-service] [main] com.netflix.discovery.DiscoveryClient    : The response status is 200
2025-01-02T21:24:04.823+01:00  INFO 25336 --- [post-service] [main] com.netflix.discovery.DiscoveryClient    : Starting heartbeat executor: renew interval is: 30
2025-01-02T21:24:04.824+01:00  INFO 25336 --- [post-service] [main] c.n.discovery.InstanceInfoReplicator     : InstanceInfoReplicator onDemand update allowed rate per min is 4
2025-01-02T21:24:04.825+01:00  INFO 25336 --- [post-service] [main] com.netflix.discovery.DiscoveryClient    : Discovery Client initialized at timestamp 1735849444825 with initial instances count: 2
2025-01-02T21:24:04.826+01:00  INFO 25336 --- [post-service] [main] o.s.c.n.e.s.EurekaServiceRegistry        : Registering application POST-SERVICE with eureka with status UP
2025-01-02T21:24:04.826+01:00  INFO 25336 --- [post-service] [main] com.netflix.discovery.DiscoveryClient    : Saw local status change event StatusChangeEvent [timestamp=1735849444826, current=UP, previous=STARTING]
2025-01-02T21:24:04.827+01:00  INFO 25336 --- [post-service] [DiscoveryClient-InstanceInfoReplicator-%d] com.netflix.discovery.DiscoveryClient    : DiscoveryClient_POST-SERVICE/host.docker.internal:post-service:8081: registering service...
2025-01-02T21:24:04.837+01:00  INFO 25336 --- [post-service] [main] o.s.b.w.embedded.tomcat.TomcatWebServer  : Tomcat started on port 8081 (http) with context path '/'
2025-01-02T21:24:04.838+01:00  INFO 25336 --- [post-service] [main] .s.c.n.e.s.EurekaAutoServiceRegistration : Updating port to 8081
2025-01-02T21:24:04.843+01:00  INFO 25336 --- [post-service] [main] o.s.a.r.c.CachingConnectionFactory       : Attempting to connect to: [localhost:5672]
2025-01-02T21:24:04.850+01:00  INFO 25336 --- [post-service] [DiscoveryClient-InstanceInfoReplicator-%d] com.netflix.discovery.DiscoveryClient    : DiscoveryClient_POST-SERVICE/host.docker.internal:post-service:8081 - registration status: 204
2025-01-02T21:24:04.869+01:00  INFO 25336 --- [post-service] [main] o.s.a.r.c.CachingConnectionFactory       : Created new connection: rabbitConnectionFactory#66b9f727:0/SimpleConnection@fbcc62a [delegate=amqp://admin@127.0.0.1:5672/, localPort=59896]
2025-01-02T21:29:04.727+01:00  INFO 25336 --- [post-service] [AsyncResolver-bootstrap-executor-%d] c.n.d.s.r.aws.ConfigClusterResolver      : Resolving eureka endpoints via configuration
2025-01-02T21:34:04.738+01:00  INFO 25336 --- [post-service] [AsyncResolver-bootstrap-executor-%d] c.n.d.s.r.aws.ConfigClusterResolver      : Resolving eureka endpoints via configuration
2025-01-02T21:39:04.741+01:00  INFO 25336 --- [post-service] [AsyncResolver-bootstrap-executor-%d] c.n.d.s.r.aws.ConfigClusterResolver      : Resolving eureka endpoints via configuration
2025-01-02T21:44:04.745+01:00  INFO 25336 --- [post-service] [AsyncResolver-bootstrap-executor-%d] c.n.d.s.r.aws.ConfigClusterResolver      : Resolving eureka endpoints via configuration
2025-01-02T21:49:04.755+01:00  INFO 25336 --- [post-service] [AsyncResolver-bootstrap-executor-%d] c.n.d.s.r.aws.ConfigClusterResolver      : Resolving eureka endpoints via configuration
2025-01-02T21:54:04.756+01:00  INFO 25336 --- [post-service] [AsyncResolver-bootstrap-executor-%d] c.n.d.s.r.aws.ConfigClusterResolver      : Resolving eureka endpoints via configuration
2025-01-02T21:59:04.761+01:00  INFO 25336 --- [post-service] [AsyncResolver-bootstrap-executor-%d] c.n.d.s.r.aws.ConfigClusterResolver      : Resolving eureka endpoints via configuration
2025-01-02T22:04:04.764+01:00  INFO 25336 --- [post-service] [AsyncResolver-bootstrap-executor-%d] c.n.d.s.r.aws.ConfigClusterResolver      : Resolving eureka endpoints via configuration
2025-01-02T22:09:04.775+01:00  INFO 25336 --- [post-service] [AsyncResolver-bootstrap-executor-%d] c.n.d.s.r.aws.ConfigClusterResolver      : Resolving eureka endpoints via configuration
2025-01-02T22:14:04.787+01:00  INFO 25336 --- [post-service] [AsyncResolver-bootstrap-executor-%d] c.n.d.s.r.aws.ConfigClusterResolver      : Resolving eureka endpoints via configuration
2025-01-02T22:19:04.809+01:00  INFO 25336 --- [post-service] [AsyncResolver-bootstrap-executor-%d] c.n.d.s.r.aws.ConfigClusterResolver      : Resolving eureka endpoints via configuration
2025-01-02T22:24:04.811+01:00  INFO 25336 --- [post-service] [AsyncResolver-bootstrap-executor-%d] c.n.d.s.r.aws.ConfigClusterResolver      : Resolving eureka endpoints via configuration
2025-01-02T22:29:04.812+01:00  INFO 25336 --- [post-service] [AsyncResolver-bootstrap-executor-%d] c.n.d.s.r.aws.ConfigClusterResolver      : Resolving eureka endpoints via configuration
2025-01-02T22:34:04.816+01:00  INFO 25336 --- [post-service] [AsyncResolver-bootstrap-executor-%d] c.n.d.s.r.aws.ConfigClusterResolver      : Resolving eureka endpoints via configuration
