2025-01-09T14:12:12.839+01:00  INFO 13760 --- [comment-service] [main] o.s.c.c.c.ConfigServerConfigDataLoader   : Fetching config from server at : http://localhost:8088/
2025-01-09T14:12:12.845+01:00  INFO 13760 --- [comment-service] [main] o.s.c.c.c.ConfigServerConfigDataLoader   : Located environment: name=comment-service, profiles=[default], label=null, version=null, state=null
2025-01-09T14:12:13.806+01:00  INFO 13760 --- [comment-service] [main] .s.d.r.c.RepositoryConfigurationDelegate : Bootstrapping Spring Data JPA repositories in DEFAULT mode.
2025-01-09T14:12:13.986+01:00  INFO 13760 --- [comment-service] [main] .s.d.r.c.RepositoryConfigurationDelegate : Finished Spring Data repository scanning in 172 ms. Found 1 JPA repository interface.
2025-01-09T14:12:14.380+01:00  INFO 13760 --- [comment-service] [main] o.s.cloud.context.scope.GenericScope     : BeanFactory id=a6ada872-50da-3b8f-8647-7d6f4f3357d9
2025-01-09T14:12:14.626+01:00  WARN 13760 --- [comment-service] [main] trationDelegate$BeanPostProcessorChecker : Bean 'org.springframework.cloud.client.loadbalancer.LoadBalancerAutoConfiguration$DeferringLoadBalancerInterceptorConfig' of type [org.springframework.cloud.client.loadbalancer.LoadBalancerAutoConfiguration$DeferringLoadBalancerInterceptorConfig] is not eligible for getting processed by all BeanPostProcessors (for example: not eligible for auto-proxying). The currently created BeanPostProcessor [lbRestClientPostProcessor] is declared through a non-static factory method on that class; consider declaring it as static instead.
2025-01-09T14:12:14.627+01:00  WARN 13760 --- [comment-service] [main] trationDelegate$BeanPostProcessorChecker : Bean 'deferringLoadBalancerInterceptor' of type [org.springframework.cloud.client.loadbalancer.DeferringLoadBalancerInterceptor] is not eligible for getting processed by all BeanPostProcessors (for example: not eligible for auto-proxying). Is this bean getting eagerly injected/applied to a currently created BeanPostProcessor [lbRestClientPostProcessor]? Check the corresponding BeanPostProcessor declaration and its dependencies/advisors. If this bean does not have to be post-processed, declare it with ROLE_INFRASTRUCTURE.
2025-01-09T14:12:14.939+01:00  INFO 13760 --- [comment-service] [main] o.s.b.w.embedded.tomcat.TomcatWebServer  : Tomcat initialized with port 8083 (http)
2025-01-09T14:12:14.964+01:00  INFO 13760 --- [comment-service] [main] o.apache.catalina.core.StandardService   : Starting service [Tomcat]
2025-01-09T14:12:14.965+01:00  INFO 13760 --- [comment-service] [main] o.apache.catalina.core.StandardEngine    : Starting Servlet engine: [Apache Tomcat/10.1.31]
2025-01-09T14:12:15.034+01:00  INFO 13760 --- [comment-service] [main] o.a.c.c.C.[Tomcat].[localhost].[/]       : Initializing Spring embedded WebApplicationContext
2025-01-09T14:12:15.034+01:00  INFO 13760 --- [comment-service] [main] w.s.c.ServletWebServerApplicationContext : Root WebApplicationContext: initialization completed in 2187 ms
2025-01-09T14:12:15.185+01:00  INFO 13760 --- [comment-service] [main] o.hibernate.jpa.internal.util.LogHelper  : HHH000204: Processing PersistenceUnitInfo [name: default]
2025-01-09T14:12:15.237+01:00  INFO 13760 --- [comment-service] [main] org.hibernate.Version                    : HHH000412: Hibernate ORM core version 6.5.3.Final
2025-01-09T14:12:15.266+01:00  INFO 13760 --- [comment-service] [main] o.h.c.internal.RegionFactoryInitiator    : HHH000026: Second-level cache disabled
2025-01-09T14:12:16.068+01:00  INFO 13760 --- [comment-service] [main] o.s.o.j.p.SpringPersistenceUnitInfo      : No LoadTimeWeaver setup: ignoring JPA class transformer
2025-01-09T14:12:16.112+01:00  INFO 13760 --- [comment-service] [main] com.zaxxer.hikari.HikariDataSource       : HikariPool-1 - Starting...
2025-01-09T14:12:16.547+01:00  INFO 13760 --- [comment-service] [main] com.zaxxer.hikari.pool.HikariPool        : HikariPool-1 - Added connection com.mysql.cj.jdbc.ConnectionImpl@7acfcfc4
2025-01-09T14:12:16.548+01:00  INFO 13760 --- [comment-service] [main] com.zaxxer.hikari.HikariDataSource       : HikariPool-1 - Start completed.
2025-01-09T14:12:16.630+01:00  WARN 13760 --- [comment-service] [main] org.hibernate.orm.deprecation            : HHH90000025: MySQL8Dialect does not need to be specified explicitly using 'hibernate.dialect' (remove the property setting and it will be selected by default)
2025-01-09T14:12:16.631+01:00  WARN 13760 --- [comment-service] [main] org.hibernate.orm.deprecation            : HHH90000026: MySQL8Dialect has been deprecated; use org.hibernate.dialect.MySQLDialect instead
2025-01-09T14:12:17.462+01:00  INFO 13760 --- [comment-service] [main] o.h.e.t.j.p.i.JtaPlatformInitiator       : HHH000489: No JTA platform available (set 'hibernate.transaction.jta.platform' to enable JTA platform integration)
2025-01-09T14:12:17.608+01:00  INFO 13760 --- [comment-service] [main] j.LocalContainerEntityManagerFactoryBean : Initialized JPA EntityManagerFactory for persistence unit 'default'
2025-01-09T14:12:17.825+01:00  INFO 13760 --- [comment-service] [main] o.s.d.j.r.query.QueryEnhancerFactory     : Hibernate is in classpath; If applicable, HQL parser will be used.
2025-01-09T14:12:18.299+01:00  WARN 13760 --- [comment-service] [main] JpaBaseConfiguration$JpaWebConfiguration : spring.jpa.open-in-view is enabled by default. Therefore, database queries may be performed during view rendering. Explicitly configure spring.jpa.open-in-view to disable this warning
2025-01-09T14:12:19.728+01:00  INFO 13760 --- [comment-service] [main] o.s.cloud.commons.util.InetUtils         : Cannot determine local hostname
2025-01-09T14:12:20.752+01:00  INFO 13760 --- [comment-service] [main] o.s.cloud.commons.util.InetUtils         : Cannot determine local hostname
2025-01-09T14:12:20.775+01:00  INFO 13760 --- [comment-service] [main] DiscoveryClientOptionalArgsConfiguration : Eureka HTTP Client uses RestTemplate.
2025-01-09T14:12:20.812+01:00  WARN 13760 --- [comment-service] [main] iguration$LoadBalancerCaffeineWarnLogger : Spring Cloud LoadBalancer is currently working with the default cache. While this cache implementation is useful for development and tests, it's recommended to use Caffeine cache in production.You can switch to using Caffeine cache, by adding it and org.springframework.cache.caffeine.CaffeineCacheManager to the classpath.
2025-01-09T14:12:20.883+01:00  INFO 13760 --- [comment-service] [main] o.s.c.n.eureka.InstanceInfoFactory       : Setting initial instance status as: STARTING
2025-01-09T14:12:20.908+01:00  INFO 13760 --- [comment-service] [main] com.netflix.discovery.DiscoveryClient    : Initializing Eureka in region us-east-1
2025-01-09T14:12:20.912+01:00  INFO 13760 --- [comment-service] [main] c.n.d.s.r.aws.ConfigClusterResolver      : Resolving eureka endpoints via configuration
2025-01-09T14:12:20.919+01:00  INFO 13760 --- [comment-service] [main] com.netflix.discovery.DiscoveryClient    : Disable delta property : false
2025-01-09T14:12:20.919+01:00  INFO 13760 --- [comment-service] [main] com.netflix.discovery.DiscoveryClient    : Single vip registry refresh property : null
2025-01-09T14:12:20.919+01:00  INFO 13760 --- [comment-service] [main] com.netflix.discovery.DiscoveryClient    : Force full registry fetch : false
2025-01-09T14:12:20.919+01:00  INFO 13760 --- [comment-service] [main] com.netflix.discovery.DiscoveryClient    : Application is null : false
2025-01-09T14:12:20.919+01:00  INFO 13760 --- [comment-service] [main] com.netflix.discovery.DiscoveryClient    : Registered Applications size is zero : true
2025-01-09T14:12:20.919+01:00  INFO 13760 --- [comment-service] [main] com.netflix.discovery.DiscoveryClient    : Application version is -1: true
2025-01-09T14:12:20.919+01:00  INFO 13760 --- [comment-service] [main] com.netflix.discovery.DiscoveryClient    : Getting all instance registry info from the eureka server
2025-01-09T14:12:21.165+01:00  INFO 13760 --- [comment-service] [main] com.netflix.discovery.DiscoveryClient    : The response status is 200
2025-01-09T14:12:21.166+01:00  INFO 13760 --- [comment-service] [main] com.netflix.discovery.DiscoveryClient    : Starting heartbeat executor: renew interval is: 30
2025-01-09T14:12:21.168+01:00  INFO 13760 --- [comment-service] [main] c.n.discovery.InstanceInfoReplicator     : InstanceInfoReplicator onDemand update allowed rate per min is 4
2025-01-09T14:12:21.169+01:00  INFO 13760 --- [comment-service] [main] com.netflix.discovery.DiscoveryClient    : Discovery Client initialized at timestamp 1736428341169 with initial instances count: 3
2025-01-09T14:12:21.172+01:00  INFO 13760 --- [comment-service] [main] o.s.c.n.e.s.EurekaServiceRegistry        : Registering application COMMENT-SERVICE with eureka with status UP
2025-01-09T14:12:21.172+01:00  INFO 13760 --- [comment-service] [main] com.netflix.discovery.DiscoveryClient    : Saw local status change event StatusChangeEvent [timestamp=1736428341172, current=UP, previous=STARTING]
2025-01-09T14:12:21.173+01:00  INFO 13760 --- [comment-service] [DiscoveryClient-InstanceInfoReplicator-%d] com.netflix.discovery.DiscoveryClient    : DiscoveryClient_COMMENT-SERVICE/localhost:comment-service:8083: registering service...
2025-01-09T14:12:21.192+01:00  INFO 13760 --- [comment-service] [main] o.s.b.w.embedded.tomcat.TomcatWebServer  : Tomcat started on port 8083 (http) with context path '/'
2025-01-09T14:12:21.193+01:00  INFO 13760 --- [comment-service] [main] .s.c.n.e.s.EurekaAutoServiceRegistration : Updating port to 8083
2025-01-09T14:12:21.222+01:00  INFO 13760 --- [comment-service] [DiscoveryClient-InstanceInfoReplicator-%d] com.netflix.discovery.DiscoveryClient    : DiscoveryClient_COMMENT-SERVICE/localhost:comment-service:8083 - registration status: 204
2025-01-09T14:12:22.209+01:00  INFO 13760 --- [comment-service] [main] o.s.cloud.commons.util.InetUtils         : Cannot determine local hostname
2025-01-09T14:17:20.935+01:00  INFO 13760 --- [comment-service] [AsyncResolver-bootstrap-executor-%d] c.n.d.s.r.aws.ConfigClusterResolver      : Resolving eureka endpoints via configuration
2025-01-09T14:22:20.950+01:00  INFO 13760 --- [comment-service] [AsyncResolver-bootstrap-executor-%d] c.n.d.s.r.aws.ConfigClusterResolver      : Resolving eureka endpoints via configuration
2025-01-09T14:27:20.953+01:00  INFO 13760 --- [comment-service] [AsyncResolver-bootstrap-executor-%d] c.n.d.s.r.aws.ConfigClusterResolver      : Resolving eureka endpoints via configuration
2025-01-09T14:32:20.962+01:00  INFO 13760 --- [comment-service] [AsyncResolver-bootstrap-executor-%d] c.n.d.s.r.aws.ConfigClusterResolver      : Resolving eureka endpoints via configuration
2025-01-09T14:37:21.002+01:00  INFO 13760 --- [comment-service] [AsyncResolver-bootstrap-executor-%d] c.n.d.s.r.aws.ConfigClusterResolver      : Resolving eureka endpoints via configuration
2025-01-09T14:42:21.010+01:00  INFO 13760 --- [comment-service] [AsyncResolver-bootstrap-executor-%d] c.n.d.s.r.aws.ConfigClusterResolver      : Resolving eureka endpoints via configuration
2025-01-09T14:47:21.027+01:00  INFO 13760 --- [comment-service] [AsyncResolver-bootstrap-executor-%d] c.n.d.s.r.aws.ConfigClusterResolver      : Resolving eureka endpoints via configuration
2025-01-09T14:52:21.040+01:00  INFO 13760 --- [comment-service] [AsyncResolver-bootstrap-executor-%d] c.n.d.s.r.aws.ConfigClusterResolver      : Resolving eureka endpoints via configuration
2025-01-09T14:57:21.046+01:00  INFO 13760 --- [comment-service] [AsyncResolver-bootstrap-executor-%d] c.n.d.s.r.aws.ConfigClusterResolver      : Resolving eureka endpoints via configuration
2025-01-09T15:02:21.050+01:00  INFO 13760 --- [comment-service] [AsyncResolver-bootstrap-executor-%d] c.n.d.s.r.aws.ConfigClusterResolver      : Resolving eureka endpoints via configuration
2025-01-09T15:07:21.066+01:00  INFO 13760 --- [comment-service] [AsyncResolver-bootstrap-executor-%d] c.n.d.s.r.aws.ConfigClusterResolver      : Resolving eureka endpoints via configuration
2025-01-09T15:12:21.071+01:00  INFO 13760 --- [comment-service] [AsyncResolver-bootstrap-executor-%d] c.n.d.s.r.aws.ConfigClusterResolver      : Resolving eureka endpoints via configuration
2025-01-09T15:17:21.084+01:00  INFO 13760 --- [comment-service] [AsyncResolver-bootstrap-executor-%d] c.n.d.s.r.aws.ConfigClusterResolver      : Resolving eureka endpoints via configuration
2025-01-09T15:22:21.111+01:00  INFO 13760 --- [comment-service] [AsyncResolver-bootstrap-executor-%d] c.n.d.s.r.aws.ConfigClusterResolver      : Resolving eureka endpoints via configuration
2025-01-09T15:27:21.118+01:00  INFO 13760 --- [comment-service] [AsyncResolver-bootstrap-executor-%d] c.n.d.s.r.aws.ConfigClusterResolver      : Resolving eureka endpoints via configuration
2025-01-09T15:32:21.134+01:00  INFO 13760 --- [comment-service] [AsyncResolver-bootstrap-executor-%d] c.n.d.s.r.aws.ConfigClusterResolver      : Resolving eureka endpoints via configuration
2025-01-09T15:37:21.150+01:00  INFO 13760 --- [comment-service] [AsyncResolver-bootstrap-executor-%d] c.n.d.s.r.aws.ConfigClusterResolver      : Resolving eureka endpoints via configuration
2025-01-09T15:42:21.161+01:00  INFO 13760 --- [comment-service] [AsyncResolver-bootstrap-executor-%d] c.n.d.s.r.aws.ConfigClusterResolver      : Resolving eureka endpoints via configuration
2025-01-09T15:47:21.170+01:00  INFO 13760 --- [comment-service] [AsyncResolver-bootstrap-executor-%d] c.n.d.s.r.aws.ConfigClusterResolver      : Resolving eureka endpoints via configuration
2025-01-09T15:52:21.182+01:00  INFO 13760 --- [comment-service] [AsyncResolver-bootstrap-executor-%d] c.n.d.s.r.aws.ConfigClusterResolver      : Resolving eureka endpoints via configuration
2025-01-09T15:57:21.197+01:00  INFO 13760 --- [comment-service] [AsyncResolver-bootstrap-executor-%d] c.n.d.s.r.aws.ConfigClusterResolver      : Resolving eureka endpoints via configuration
2025-01-09T16:02:21.200+01:00  INFO 13760 --- [comment-service] [AsyncResolver-bootstrap-executor-%d] c.n.d.s.r.aws.ConfigClusterResolver      : Resolving eureka endpoints via configuration
2025-01-09T16:07:21.203+01:00  INFO 13760 --- [comment-service] [AsyncResolver-bootstrap-executor-%d] c.n.d.s.r.aws.ConfigClusterResolver      : Resolving eureka endpoints via configuration
2025-01-09T16:12:21.210+01:00  INFO 13760 --- [comment-service] [AsyncResolver-bootstrap-executor-%d] c.n.d.s.r.aws.ConfigClusterResolver      : Resolving eureka endpoints via configuration
2025-01-09T16:17:21.219+01:00  INFO 13760 --- [comment-service] [AsyncResolver-bootstrap-executor-%d] c.n.d.s.r.aws.ConfigClusterResolver      : Resolving eureka endpoints via configuration
2025-01-09T16:22:21.227+01:00  INFO 13760 --- [comment-service] [AsyncResolver-bootstrap-executor-%d] c.n.d.s.r.aws.ConfigClusterResolver      : Resolving eureka endpoints via configuration
2025-01-09T16:27:21.229+01:00  INFO 13760 --- [comment-service] [AsyncResolver-bootstrap-executor-%d] c.n.d.s.r.aws.ConfigClusterResolver      : Resolving eureka endpoints via configuration
2025-01-09T16:32:21.232+01:00  INFO 13760 --- [comment-service] [AsyncResolver-bootstrap-executor-%d] c.n.d.s.r.aws.ConfigClusterResolver      : Resolving eureka endpoints via configuration
2025-01-09T16:37:21.245+01:00  INFO 13760 --- [comment-service] [AsyncResolver-bootstrap-executor-%d] c.n.d.s.r.aws.ConfigClusterResolver      : Resolving eureka endpoints via configuration
2025-01-09T16:42:21.256+01:00  INFO 13760 --- [comment-service] [AsyncResolver-bootstrap-executor-%d] c.n.d.s.r.aws.ConfigClusterResolver      : Resolving eureka endpoints via configuration
2025-01-09T16:47:21.263+01:00  INFO 13760 --- [comment-service] [AsyncResolver-bootstrap-executor-%d] c.n.d.s.r.aws.ConfigClusterResolver      : Resolving eureka endpoints via configuration
2025-01-09T16:52:21.274+01:00  INFO 13760 --- [comment-service] [AsyncResolver-bootstrap-executor-%d] c.n.d.s.r.aws.ConfigClusterResolver      : Resolving eureka endpoints via configuration
2025-01-09T16:57:21.288+01:00  INFO 13760 --- [comment-service] [AsyncResolver-bootstrap-executor-%d] c.n.d.s.r.aws.ConfigClusterResolver      : Resolving eureka endpoints via configuration
2025-01-09T17:02:21.293+01:00  INFO 13760 --- [comment-service] [AsyncResolver-bootstrap-executor-%d] c.n.d.s.r.aws.ConfigClusterResolver      : Resolving eureka endpoints via configuration
2025-01-09T17:07:21.300+01:00  INFO 13760 --- [comment-service] [AsyncResolver-bootstrap-executor-%d] c.n.d.s.r.aws.ConfigClusterResolver      : Resolving eureka endpoints via configuration
2025-01-09T17:12:21.347+01:00  INFO 13760 --- [comment-service] [AsyncResolver-bootstrap-executor-%d] c.n.d.s.r.aws.ConfigClusterResolver      : Resolving eureka endpoints via configuration
2025-01-09T17:17:21.394+01:00  INFO 13760 --- [comment-service] [AsyncResolver-bootstrap-executor-%d] c.n.d.s.r.aws.ConfigClusterResolver      : Resolving eureka endpoints via configuration
2025-01-09T17:22:21.395+01:00  INFO 13760 --- [comment-service] [AsyncResolver-bootstrap-executor-%d] c.n.d.s.r.aws.ConfigClusterResolver      : Resolving eureka endpoints via configuration
2025-01-09T17:27:21.407+01:00  INFO 13760 --- [comment-service] [AsyncResolver-bootstrap-executor-%d] c.n.d.s.r.aws.ConfigClusterResolver      : Resolving eureka endpoints via configuration
2025-01-09T17:32:21.421+01:00  INFO 13760 --- [comment-service] [AsyncResolver-bootstrap-executor-%d] c.n.d.s.r.aws.ConfigClusterResolver      : Resolving eureka endpoints via configuration
