2025-01-09T14:07:49.805+0100 INFO               [main]                         be.pxl.services.DiscoveryServiceApplication - Starting DiscoveryServiceApplication using Java 22.0.2 with PID 20980 (C:\Users\jitsk\Documents\pxl\TIN\Semester 2\Fullstack Java\Project\project-JitskeLenaerts\backend-java\PXL-Nieuwsartikelen\discovery-service\target\classes started by jitsk in C:\Users\jitsk\Documents\pxl\TIN\Semester 2\Fullstack Java\Project\project-JitskeLenaerts\backend-java\PXL-Nieuwsartikelen)
2025-01-09T14:07:49.812+0100 DEBUG              [main]                         be.pxl.services.DiscoveryServiceApplication - Running with Spring Boot v3.3.5, Spring v6.1.14
2025-01-09T14:07:49.813+0100 INFO               [main]                         be.pxl.services.DiscoveryServiceApplication - No active profile set, falling back to 1 default profile: "default"
2025-01-09T14:07:56.511+0100 INFO               [main]                         be.pxl.services.DiscoveryServiceApplication - Started DiscoveryServiceApplication in 8.925 seconds (process running for 13.359)
2025-01-10T16:38:51.582+0100 INFO               [main]                         be.pxl.services.DiscoveryServiceApplication - Starting DiscoveryServiceApplication using Java 22.0.2 with PID 27376 (C:\Users\jitsk\Documents\Semester 2\Fullstack Java\Project\project-JitskeLenaerts\backend-java\PXL-Nieuwsartikelen\discovery-service\target\classes started by jitsk in C:\Users\jitsk\Documents\Semester 2\Fullstack Java\Project\project-JitskeLenaerts\backend-java\PXL-Nieuwsartikelen)
2025-01-10T16:38:51.583+0100 DEBUG              [main]                         be.pxl.services.DiscoveryServiceApplication - Running with Spring Boot v3.3.5, Spring v6.1.14
2025-01-10T16:38:51.583+0100 INFO               [main]                         be.pxl.services.DiscoveryServiceApplication - No active profile set, falling back to 1 default profile: "default"
2025-01-10T16:38:53.479+0100 INFO               [main]                         be.pxl.services.DiscoveryServiceApplication - Started DiscoveryServiceApplication in 2.503 seconds (process running for 4.492)
2025-01-14T15:50:08.956+0100 INFO               [main]                         be.pxl.services.DiscoveryServiceApplication - Starting DiscoveryServiceApplication using Java 22.0.2 with PID 34012 (C:\Users\jitsk\Documents\Semester 2\Fullstack Java\Project\project-JitskeLenaerts\backend-java\PXL-Nieuwsartikelen\discovery-service\target\classes started by jitsk in C:\Users\jitsk\Documents\Semester 2\Fullstack Java\Project\project-JitskeLenaerts\backend-java\PXL-Nieuwsartikelen)
2025-01-14T15:50:08.956+0100 DEBUG              [main]                         be.pxl.services.DiscoveryServiceApplication - Running with Spring Boot v3.3.5, Spring v6.1.14
2025-01-14T15:50:08.956+0100 INFO               [main]                         be.pxl.services.DiscoveryServiceApplication - No active profile set, falling back to 1 default profile: "default"
2025-01-14T15:50:10.687+0100 INFO               [main]                         be.pxl.services.DiscoveryServiceApplication - Started DiscoveryServiceApplication in 2.304 seconds (process running for 2.612)
2025-01-14T18:42:14.085+0100 INFO               [main]                         be.pxl.services.DiscoveryServiceApplication - Starting DiscoveryServiceApplication using Java 22.0.2 with PID 12364 (C:\Users\jitsk\Documents\Semester 2\Fullstack Java\Project\project-JitskeLenaerts\backend-java\PXL-Nieuwsartikelen\discovery-service\target\classes started by jitsk in C:\Users\jitsk\Documents\Semester 2\Fullstack Java\Project\project-JitskeLenaerts\backend-java\PXL-Nieuwsartikelen)
2025-01-14T18:42:14.087+0100 DEBUG              [main]                         be.pxl.services.DiscoveryServiceApplication - Running with Spring Boot v3.3.5, Spring v6.1.14
2025-01-14T18:42:14.087+0100 INFO               [main]                         be.pxl.services.DiscoveryServiceApplication - No active profile set, falling back to 1 default profile: "default"
2025-01-14T18:42:15.939+0100 INFO               [main]                         be.pxl.services.DiscoveryServiceApplication - Started DiscoveryServiceApplication in 2.515 seconds (process running for 2.918)
2025-01-14T18:42:18.871+0100 INFO               [main]                         be.pxl.services.DiscoveryServiceApplication - Starting DiscoveryServiceApplication using Java 22.0.2 with PID 47680 (C:\Users\jitsk\Documents\Semester 2\Fullstack Java\Project\project-JitskeLenaerts\backend-java\PXL-Nieuwsartikelen\discovery-service\target\classes started by jitsk in C:\Users\jitsk\Documents\Semester 2\Fullstack Java\Project\project-JitskeLenaerts\backend-java\PXL-Nieuwsartikelen)
2025-01-14T18:42:18.872+0100 DEBUG              [main]                         be.pxl.services.DiscoveryServiceApplication - Running with Spring Boot v3.3.5, Spring v6.1.14
2025-01-14T18:42:18.872+0100 INFO               [main]                         be.pxl.services.DiscoveryServiceApplication - No active profile set, falling back to 1 default profile: "default"
2025-01-14T18:42:20.608+0100 INFO               [main]                         be.pxl.services.DiscoveryServiceApplication - Started DiscoveryServiceApplication in 2.264 seconds (process running for 2.624)
2025-01-14T19:08:26.404+0100 INFO               [main]                         be.pxl.services.DiscoveryServiceApplication - Starting DiscoveryServiceApplication using Java 22.0.2 with PID 28232 (C:\Users\jitsk\Documents\Semester 2\Fullstack Java\Project\project-JitskeLenaerts\backend-java\PXL-Nieuwsartikelen\discovery-service\target\classes started by jitsk in C:\Users\jitsk\Documents\Semester 2\Fullstack Java\Project\project-JitskeLenaerts\backend-java\PXL-Nieuwsartikelen)
2025-01-14T19:08:26.405+0100 DEBUG              [main]                         be.pxl.services.DiscoveryServiceApplication - Running with Spring Boot v3.3.5, Spring v6.1.14
2025-01-14T19:08:26.405+0100 INFO               [main]                         be.pxl.services.DiscoveryServiceApplication - No active profile set, falling back to 1 default profile: "default"
2025-01-14T19:08:28.244+0100 INFO               [main]                         be.pxl.services.DiscoveryServiceApplication - Started DiscoveryServiceApplication in 2.529 seconds (process running for 2.898)
2025-01-14T19:13:04.896+0100 INFO               [main]                         be.pxl.services.DiscoveryServiceApplication - Starting DiscoveryServiceApplication using Java 22.0.2 with PID 20396 (C:\Users\jitsk\Documents\Semester 2\Fullstack Java\Project\project-JitskeLenaerts\backend-java\PXL-Nieuwsartikelen\discovery-service\target\classes started by jitsk in C:\Users\jitsk\Documents\Semester 2\Fullstack Java\Project\project-JitskeLenaerts\backend-java\PXL-Nieuwsartikelen)
2025-01-14T19:13:04.896+0100 DEBUG              [main]                         be.pxl.services.DiscoveryServiceApplication - Running with Spring Boot v3.3.5, Spring v6.1.14
2025-01-14T19:13:04.897+0100 INFO               [main]                         be.pxl.services.DiscoveryServiceApplication - No active profile set, falling back to 1 default profile: "default"
2025-01-14T19:13:06.645+0100 INFO               [main]                         be.pxl.services.DiscoveryServiceApplication - Started DiscoveryServiceApplication in 2.374 seconds (process running for 2.721)
