2025-01-07T11:50:43.328+0100 INFO               [main]                         be.pxl.services.DiscoveryServiceApplication - Starting DiscoveryServiceApplication using Java 22.0.2 with PID 26720 (C:\Users\jitsk\Documents\Semester 2\Fullstack Java\Project\project-JitskeLenaerts\backend-java\PXL-Nieuwsartikelen\discovery-service\target\classes started by jitsk in C:\Users\jitsk\Documents\Semester 2\Fullstack Java\Project\project-JitskeLenaerts\backend-java\PXL-Nieuwsartikelen)
2025-01-07T11:50:43.329+0100 DEBUG              [main]                         be.pxl.services.DiscoveryServiceApplication - Running with Spring Boot v3.3.5, Spring v6.1.14
2025-01-07T11:50:43.330+0100 INFO               [main]                         be.pxl.services.DiscoveryServiceApplication - No active profile set, falling back to 1 default profile: "default"
2025-01-07T11:50:45.007+0100 INFO               [main]                         be.pxl.services.DiscoveryServiceApplication - Started DiscoveryServiceApplication in 2.258 seconds (process running for 2.595)
2025-01-07T13:22:33.091+0100 INFO               [main]                         be.pxl.services.DiscoveryServiceApplication - Starting DiscoveryServiceApplication using Java 22.0.2 with PID 7816 (C:\Users\jitsk\Documents\Semester 2\Fullstack Java\Project\project-JitskeLenaerts\backend-java\PXL-Nieuwsartikelen\discovery-service\target\classes started by jitsk in C:\Users\jitsk\Documents\Semester 2\Fullstack Java\Project\project-JitskeLenaerts\backend-java\PXL-Nieuwsartikelen)
2025-01-07T13:22:33.092+0100 DEBUG              [main]                         be.pxl.services.DiscoveryServiceApplication - Running with Spring Boot v3.3.5, Spring v6.1.14
2025-01-07T13:22:33.092+0100 INFO               [main]                         be.pxl.services.DiscoveryServiceApplication - No active profile set, falling back to 1 default profile: "default"
2025-01-07T13:22:34.768+0100 INFO               [main]                         be.pxl.services.DiscoveryServiceApplication - Started DiscoveryServiceApplication in 2.275 seconds (process running for 2.759)
2025-01-07T13:27:26.803+0100 INFO               [main]                         be.pxl.services.DiscoveryServiceApplication - Starting DiscoveryServiceApplication using Java 22.0.2 with PID 28476 (C:\Users\jitsk\Documents\Semester 2\Fullstack Java\Project\project-JitskeLenaerts\backend-java\PXL-Nieuwsartikelen\discovery-service\target\classes started by jitsk in C:\Users\jitsk\Documents\Semester 2\Fullstack Java\Project\project-JitskeLenaerts\backend-java\PXL-Nieuwsartikelen)
2025-01-07T13:27:26.804+0100 DEBUG              [main]                         be.pxl.services.DiscoveryServiceApplication - Running with Spring Boot v3.3.5, Spring v6.1.14
2025-01-07T13:27:26.805+0100 INFO               [main]                         be.pxl.services.DiscoveryServiceApplication - No active profile set, falling back to 1 default profile: "default"
2025-01-07T13:27:28.427+0100 INFO               [main]                         be.pxl.services.DiscoveryServiceApplication - Started DiscoveryServiceApplication in 2.183 seconds (process running for 2.496)
2025-01-07T13:30:07.882+0100 INFO               [main]                         be.pxl.services.DiscoveryServiceApplication - Starting DiscoveryServiceApplication using Java 22.0.2 with PID 29008 (C:\Users\jitsk\Documents\Semester 2\Fullstack Java\Project\project-JitskeLenaerts\backend-java\PXL-Nieuwsartikelen\discovery-service\target\classes started by jitsk in C:\Users\jitsk\Documents\Semester 2\Fullstack Java\Project\project-JitskeLenaerts\backend-java\PXL-Nieuwsartikelen)
2025-01-07T13:30:07.883+0100 DEBUG              [main]                         be.pxl.services.DiscoveryServiceApplication - Running with Spring Boot v3.3.5, Spring v6.1.14
2025-01-07T13:30:07.883+0100 INFO               [main]                         be.pxl.services.DiscoveryServiceApplication - No active profile set, falling back to 1 default profile: "default"
2025-01-07T13:30:09.513+0100 INFO               [main]                         be.pxl.services.DiscoveryServiceApplication - Started DiscoveryServiceApplication in 2.202 seconds (process running for 2.519)
2025-01-07T13:37:09.665+0100 INFO               [main]                         be.pxl.services.DiscoveryServiceApplication - Starting DiscoveryServiceApplication using Java 22.0.2 with PID 30404 (C:\Users\jitsk\Documents\Semester 2\Fullstack Java\Project\project-JitskeLenaerts\backend-java\PXL-Nieuwsartikelen\discovery-service\target\classes started by jitsk in C:\Users\jitsk\Documents\Semester 2\Fullstack Java\Project\project-JitskeLenaerts\backend-java\PXL-Nieuwsartikelen)
2025-01-07T13:37:09.665+0100 DEBUG              [main]                         be.pxl.services.DiscoveryServiceApplication - Running with Spring Boot v3.3.5, Spring v6.1.14
2025-01-07T13:37:09.666+0100 INFO               [main]                         be.pxl.services.DiscoveryServiceApplication - No active profile set, falling back to 1 default profile: "default"
2025-01-07T13:37:11.273+0100 INFO               [main]                         be.pxl.services.DiscoveryServiceApplication - Started DiscoveryServiceApplication in 2.175 seconds (process running for 2.487)
2025-01-07T19:18:43.939+0100 INFO               [main]                         be.pxl.services.DiscoveryServiceApplication - Starting DiscoveryServiceApplication using Java 22.0.2 with PID 18656 (C:\Users\jitsk\Documents\Semester 2\Fullstack Java\Project\project-JitskeLenaerts\backend-java\PXL-Nieuwsartikelen\discovery-service\target\classes started by jitsk in C:\Users\jitsk\Documents\Semester 2\Fullstack Java\Project\project-JitskeLenaerts\backend-java\PXL-Nieuwsartikelen)
2025-01-07T19:18:43.940+0100 DEBUG              [main]                         be.pxl.services.DiscoveryServiceApplication - Running with Spring Boot v3.3.5, Spring v6.1.14
2025-01-07T19:18:43.940+0100 INFO               [main]                         be.pxl.services.DiscoveryServiceApplication - No active profile set, falling back to 1 default profile: "default"
2025-01-07T19:18:45.798+0100 INFO               [main]                         be.pxl.services.DiscoveryServiceApplication - Started DiscoveryServiceApplication in 2.474 seconds (process running for 4.752)
2025-01-08T09:13:33.832+0100 INFO               [main]                         be.pxl.services.DiscoveryServiceApplication - Starting DiscoveryServiceApplication using Java 22.0.2 with PID 11452 (C:\Users\jitsk\Documents\pxl\TIN\Semester 2\Fullstack Java\Project\project-JitskeLenaerts\backend-java\PXL-Nieuwsartikelen\discovery-service\target\classes started by jitsk in C:\Users\jitsk\Documents\pxl\TIN\Semester 2\Fullstack Java\Project\project-JitskeLenaerts\backend-java\PXL-Nieuwsartikelen)
2025-01-08T09:13:33.834+0100 DEBUG              [main]                         be.pxl.services.DiscoveryServiceApplication - Running with Spring Boot v3.3.5, Spring v6.1.14
2025-01-08T09:13:33.835+0100 INFO               [main]                         be.pxl.services.DiscoveryServiceApplication - No active profile set, falling back to 1 default profile: "default"
2025-01-08T09:13:40.999+0100 INFO               [main]                         be.pxl.services.DiscoveryServiceApplication - Started DiscoveryServiceApplication in 9.388 seconds (process running for 13.662)
2025-01-08T09:58:06.388+0100 INFO               [main]                         be.pxl.services.DiscoveryServiceApplication - Starting DiscoveryServiceApplication using Java 22.0.2 with PID 18772 (C:\Users\jitsk\Documents\pxl\TIN\Semester 2\Fullstack Java\Project\project-JitskeLenaerts\backend-java\PXL-Nieuwsartikelen\discovery-service\target\classes started by jitsk in C:\Users\jitsk\Documents\pxl\TIN\Semester 2\Fullstack Java\Project\project-JitskeLenaerts\backend-java\PXL-Nieuwsartikelen)
2025-01-08T09:58:06.389+0100 DEBUG              [main]                         be.pxl.services.DiscoveryServiceApplication - Running with Spring Boot v3.3.5, Spring v6.1.14
2025-01-08T09:58:06.390+0100 INFO               [main]                         be.pxl.services.DiscoveryServiceApplication - No active profile set, falling back to 1 default profile: "default"
2025-01-08T09:58:09.833+0100 INFO               [main]                         be.pxl.services.DiscoveryServiceApplication - Started DiscoveryServiceApplication in 5.024 seconds (process running for 6.028)
2025-01-08T18:42:19.432+0100 INFO               [main]                         be.pxl.services.DiscoveryServiceApplication - Starting DiscoveryServiceApplication using Java 22.0.2 with PID 20996 (C:\Users\jitsk\Documents\pxl\TIN\Semester 2\Fullstack Java\Project\project-JitskeLenaerts\backend-java\PXL-Nieuwsartikelen\discovery-service\target\classes started by jitsk in C:\Users\jitsk\Documents\pxl\TIN\Semester 2\Fullstack Java\Project\project-JitskeLenaerts\backend-java\PXL-Nieuwsartikelen)
2025-01-08T18:42:19.434+0100 DEBUG              [main]                         be.pxl.services.DiscoveryServiceApplication - Running with Spring Boot v3.3.5, Spring v6.1.14
2025-01-08T18:42:19.435+0100 INFO               [main]                         be.pxl.services.DiscoveryServiceApplication - No active profile set, falling back to 1 default profile: "default"
2025-01-08T18:42:25.674+0100 INFO               [main]                         be.pxl.services.DiscoveryServiceApplication - Started DiscoveryServiceApplication in 8.323 seconds (process running for 10.77)
2025-01-08T20:43:21.124+0100 INFO               [main]                         be.pxl.services.DiscoveryServiceApplication - Starting DiscoveryServiceApplication using Java 22.0.2 with PID 11404 (C:\Users\jitsk\Documents\pxl\TIN\Semester 2\Fullstack Java\Project\project-JitskeLenaerts\backend-java\PXL-Nieuwsartikelen\discovery-service\target\classes started by jitsk in C:\Users\jitsk\Documents\pxl\TIN\Semester 2\Fullstack Java\Project\project-JitskeLenaerts\backend-java\PXL-Nieuwsartikelen)
2025-01-08T20:43:21.126+0100 DEBUG              [main]                         be.pxl.services.DiscoveryServiceApplication - Running with Spring Boot v3.3.5, Spring v6.1.14
2025-01-08T20:43:21.126+0100 INFO               [main]                         be.pxl.services.DiscoveryServiceApplication - No active profile set, falling back to 1 default profile: "default"
2025-01-08T20:43:29.802+0100 INFO               [main]                         be.pxl.services.DiscoveryServiceApplication - Started DiscoveryServiceApplication in 10.932 seconds (process running for 15.976)
