2025-01-09T14:06:49.526+01:00  INFO 5928 --- [config-service] [main] o.s.cloud.context.scope.GenericScope     : BeanFactory id=579587c2-e189-3bb1-8ab3-4aff7765ea6f
2025-01-09T14:06:49.886+01:00  INFO 5928 --- [config-service] [main] o.s.b.w.embedded.tomcat.TomcatWebServer  : Tomcat initialized with port 8088 (http)
2025-01-09T14:06:49.903+01:00  INFO 5928 --- [config-service] [main] o.apache.catalina.core.StandardService   : Starting service [Tomcat]
2025-01-09T14:06:49.903+01:00  INFO 5928 --- [config-service] [main] o.apache.catalina.core.StandardEngine    : Starting Servlet engine: [Apache Tomcat/10.1.31]
2025-01-09T14:06:49.971+01:00  INFO 5928 --- [config-service] [main] o.a.c.c.C.[Tomcat].[localhost].[/]       : Initializing Spring embedded WebApplicationContext
2025-01-09T14:06:49.972+01:00  INFO 5928 --- [config-service] [main] w.s.c.ServletWebServerApplicationContext : Root WebApplicationContext: initialization completed in 1514 ms
2025-01-09T14:06:51.506+01:00  INFO 5928 --- [config-service] [main] o.s.cloud.commons.util.InetUtils         : Cannot determine local hostname
2025-01-09T14:06:51.754+01:00  INFO 5928 --- [config-service] [main] o.s.b.w.embedded.tomcat.TomcatWebServer  : Tomcat started on port 8088 (http) with context path '/'
2025-01-09T14:06:52.773+01:00  INFO 5928 --- [config-service] [main] o.s.cloud.commons.util.InetUtils         : Cannot determine local hostname
2025-01-09T14:07:48.277+01:00  INFO 5928 --- [config-service] [http-nio-8088-exec-1] o.a.c.c.C.[Tomcat].[localhost].[/]       : Initializing Spring DispatcherServlet 'dispatcherServlet'
2025-01-09T14:07:48.278+01:00  INFO 5928 --- [config-service] [http-nio-8088-exec-1] o.s.web.servlet.DispatcherServlet        : Initializing Servlet 'dispatcherServlet'
2025-01-09T14:07:48.279+01:00  INFO 5928 --- [config-service] [http-nio-8088-exec-1] o.s.web.servlet.DispatcherServlet        : Completed initialization in 1 ms
2025-01-09T14:07:48.339+01:00  INFO 5928 --- [config-service] [http-nio-8088-exec-1] o.s.c.c.s.e.NativeEnvironmentRepository  : Adding property source: Config resource 'class path resource [config/discovery-service.properties]' via location 'classpath:/config/'
2025-01-09T14:08:02.048+01:00  INFO 5928 --- [config-service] [http-nio-8088-exec-2] o.s.c.c.s.e.NativeEnvironmentRepository  : Adding property source: Config resource 'class path resource [config/gateway-service.yml]' via location 'classpath:/config/'
2025-01-09T14:08:14.856+01:00  INFO 5928 --- [config-service] [http-nio-8088-exec-3] o.s.c.c.s.e.NativeEnvironmentRepository  : Adding property source: Config resource 'class path resource [config/notification-service.properties]' via location 'classpath:/config/'
2025-01-09T14:08:28.520+01:00  INFO 5928 --- [config-service] [http-nio-8088-exec-4] o.s.c.c.s.e.NativeEnvironmentRepository  : Adding property source: Config resource 'class path resource [config/post-service.properties]' via location 'classpath:/config/'
2025-01-09T14:12:04.289+01:00  INFO 5928 --- [config-service] [http-nio-8088-exec-9] o.s.c.c.s.e.NativeEnvironmentRepository  : Adding property source: Config resource 'class path resource [config/review-service.properties]' via location 'classpath:/config/'
2025-01-09T14:12:11.353+01:00  INFO 5928 --- [config-service] [http-nio-8088-exec-10] o.s.c.c.s.e.NativeEnvironmentRepository  : Adding property source: Config resource 'class path resource [config/comment-service.properties]' via location 'classpath:/config/'
2025-01-10T16:38:37.569+01:00  INFO 26552 --- [config-service] [main] o.s.cloud.context.scope.GenericScope     : BeanFactory id=579587c2-e189-3bb1-8ab3-4aff7765ea6f
2025-01-10T16:38:37.715+01:00  INFO 26552 --- [config-service] [main] o.s.b.w.embedded.tomcat.TomcatWebServer  : Tomcat initialized with port 8088 (http)
2025-01-10T16:38:37.722+01:00  INFO 26552 --- [config-service] [main] o.apache.catalina.core.StandardService   : Starting service [Tomcat]
2025-01-10T16:38:37.722+01:00  INFO 26552 --- [config-service] [main] o.apache.catalina.core.StandardEngine    : Starting Servlet engine: [Apache Tomcat/10.1.31]
2025-01-10T16:38:37.754+01:00  INFO 26552 --- [config-service] [main] o.a.c.c.C.[Tomcat].[localhost].[/]       : Initializing Spring embedded WebApplicationContext
2025-01-10T16:38:37.754+01:00  INFO 26552 --- [config-service] [main] w.s.c.ServletWebServerApplicationContext : Root WebApplicationContext: initialization completed in 620 ms
2025-01-10T16:38:38.116+01:00  INFO 26552 --- [config-service] [main] o.s.b.w.embedded.tomcat.TomcatWebServer  : Tomcat started on port 8088 (http) with context path '/'
2025-01-10T16:38:51.341+01:00  INFO 26552 --- [config-service] [http-nio-8088-exec-1] o.a.c.c.C.[Tomcat].[localhost].[/]       : Initializing Spring DispatcherServlet 'dispatcherServlet'
2025-01-10T16:38:51.341+01:00  INFO 26552 --- [config-service] [http-nio-8088-exec-1] o.s.web.servlet.DispatcherServlet        : Initializing Servlet 'dispatcherServlet'
2025-01-10T16:38:51.341+01:00  INFO 26552 --- [config-service] [http-nio-8088-exec-1] o.s.web.servlet.DispatcherServlet        : Completed initialization in 0 ms
2025-01-10T16:38:51.374+01:00  INFO 26552 --- [config-service] [http-nio-8088-exec-1] o.s.c.c.s.e.NativeEnvironmentRepository  : Adding property source: Config resource 'class path resource [config/discovery-service.properties]' via location 'classpath:/config/'
2025-01-10T16:38:58.431+01:00  INFO 26552 --- [config-service] [http-nio-8088-exec-2] o.s.c.c.s.e.NativeEnvironmentRepository  : Adding property source: Config resource 'class path resource [config/gateway-service.yml]' via location 'classpath:/config/'
2025-01-10T16:39:04.437+01:00  INFO 26552 --- [config-service] [http-nio-8088-exec-3] o.s.c.c.s.e.NativeEnvironmentRepository  : Adding property source: Config resource 'class path resource [config/notification-service.properties]' via location 'classpath:/config/'
2025-01-10T16:39:13.760+01:00  INFO 26552 --- [config-service] [http-nio-8088-exec-4] o.s.c.c.s.e.NativeEnvironmentRepository  : Adding property source: Config resource 'class path resource [config/post-service.properties]' via location 'classpath:/config/'
2025-01-10T16:39:21.498+01:00  INFO 26552 --- [config-service] [http-nio-8088-exec-5] o.s.c.c.s.e.NativeEnvironmentRepository  : Adding property source: Config resource 'class path resource [config/review-service.properties]' via location 'classpath:/config/'
2025-01-10T16:39:26.836+01:00  INFO 26552 --- [config-service] [http-nio-8088-exec-9] o.s.c.c.s.e.NativeEnvironmentRepository  : Adding property source: Config resource 'class path resource [config/comment-service.properties]' via location 'classpath:/config/'
